#
# A fatal error has been detected by the Java Runtime Environment:
#
#  SIGSEGV (0xb) at pc=0x000000011d03ac06, pid=11780, tid=13571
#
# JRE version: Java(TM) SE Runtime Environment (8.0_60-b27) (build 1.8.0_60-b27)
# Java VM: Java HotSpot(TM) 64-Bit Server VM (25.60-b23 mixed mode bsd-amd64 compressed oops)
# Problematic frame:
# C  [libopencv_imgproc.2.4.dylib+0x120c06]  cv::VResizeLinearVec_32s8u::operator()(unsigned char const**, unsigned char*, unsigned char const*, int) const+0x216
#
# Failed to write core dump. Core dumps have been disabled. To enable core dumping, try "ulimit -c unlimited" before starting Java again
#
# If you would like to submit a bug report, please visit:
#   http://bugreport.java.com/bugreport/crash.jsp
#

---------------  T H R E A D  ---------------

Current thread is native thread

siginfo: si_signo: 11 (SIGSEGV), si_code: 1 (SEGV_MAPERR), si_addr: 0x0000000000031380

Registers:
RAX=0x00000000000006f8, RBX=0x0000000000031380, RCX=0x00007f80834af000, RDX=0x00007f80834b0c40
RSP=0x00007000009b0b00, RBP=0x00007000009b0b20, RSI=0x0000000000000000, RDI=0x0000000000000003
R8 =0x0000000000000708, R9 =0x00007f808430ad66, R10=0x0000700001beead0, R11=0x0000000000000068
R12=0x00007000009b1cb0, R13=0x00000000000000f0, R14=0x0000000000000708, R15=0x00007f808430cb44
RIP=0x000000011d03ac06, EFLAGS=0x0000000000010246, ERR=0x0000000000000006
  TRAPNO=0x000000000000000e

Top of Stack: (sp=0x00007000009b0b00)
0x00007000009b0b00:   00000000000006d9 0000000000000127
0x00007000009b0b10:   0000000000000708 0000000000000070
0x00007000009b0b20:   00007000009b0bb0 000000011d03a65c
0x00007000009b0b30:   0000000000000708 00007f80834b0c40
0x00007000009b0b40:   00007f80834af000 0000000000031380
0x00007000009b0b50:   0000000003589000 00007f8084308c04
0x00007000009b0b60:   0000000000000002 0000000000000708
0x00007000009b0b70:   00007000009b1d30 00007000009b1cb0
0x00007000009b0b80:   00007f80834b0c40 0000700001beead0
0x00007000009b0b90:   00007f808430cb44 00000000000000f0
0x00007000009b0ba0:   0000000000000000 0000000000000070
0x00007000009b0bb0:   00007000009b1de0 000000011d03a074
0x00007000009b0bc0:   0000700000000f00 00007fff00000708
0x00007000009b0bd0:   00007f8000000003 0000000000000000
0x00007000009b0be0:   0000000000000708 0000700001beead0
0x00007000009b0bf0:   0000000303559000 00007000009b1df8
0x00007000009b0c00:   00007f808430cb44 0000000000000070
0x00007000009b0c10:   0000000000001c40 00007f80000000ef
0x00007000009b0c20:   00007f80834af000 0000000000000e20
0x00007000009b0c30:   00007fff76a2f440 0000000000000002
0x00007000009b0c40:   00007000009b0c90 00007fff87b53d86
0x00007000009b0c50:   00007fff76a2f440 0000000000000000
0x00007000009b0c60:   0000000000000002 0000000000000030
0x00007000009b0c70:   ff80000000001001 00007fff76a2f440
0x00007000009b0c80:   00007f8082737cd0 0000000000000002
0x00007000009b0c90:   00007000009b0cb0 00007fff87b8d5d6
0x00007000009b0ca0:   00007fff76a2f440 00007fff87b8d5c0
0x00007000009b0cb0:   00007000009b0d00 00007fff87b44b3f
0x00007000009b0cc0:   0000000000000000 00007fff7693f1e0
0x00007000009b0cd0:   00007f80827fa661 000000000000005d
0x00007000009b0ce0:   00007000009b1800 00007000009b185d
0x00007000009b0cf0:   000000000000005d 0000000000000401 

Instructions: (pc=0x000000011d03ac06)
0x000000011d03abe6:   66 0f e5 e9 66 0f ed ee 66 41 0f ed d8 66 0f 71
0x000000011d03abf6:   e3 02 66 41 0f ed e8 66 0f 71 e5 02 66 0f 67 dd
0x000000011d03ac06:   f3 0f 7f 1c 33 48 83 c6 10 48 39 c6 0f 8e 58 ff
0x000000011d03ac16:   ff ff 44 89 f0 83 e0 f0 41 8d 76 fc 39 f0 7d 66 

Register to memory mapping:

RAX=0x00000000000006f8 is an unknown value
RBX=0x0000000000031380 is an unknown value
RCX=0x00007f80834af000 is an unknown value
RDX=0x00007f80834b0c40 is an unknown value
RSP=0x00007000009b0b00 is an unknown value
RBP=0x00007000009b0b20 is an unknown value
RSI=0x0000000000000000 is an unknown value
RDI=0x0000000000000003 is an unknown value
R8 =0x0000000000000708 is an unknown value
R9 =0x00007f808430ad66 is an unknown value
R10=0x0000700001beead0 is pointing into the stack for thread: 0x00007f8083227800
R11=0x0000000000000068 is an unknown value
R12=0x00007000009b1cb0 is an unknown value
R13=0x00000000000000f0 is an unknown value
R14=0x0000000000000708 is an unknown value
R15=0x00007f808430cb44 is an unknown value


Stack: [0x0000700000932000,0x00007000009b2000],  sp=0x00007000009b0b00,  free space=506k
Native frames: (J=compiled Java code, j=interpreted, Vv=VM code, C=native code)
C  [libopencv_imgproc.2.4.dylib+0x120c06]  cv::VResizeLinearVec_32s8u::operator()(unsigned char const**, unsigned char*, unsigned char const*, int) const+0x216
C  [libopencv_imgproc.2.4.dylib+0x12065c]  cv::VResizeLinear<unsigned char, int, short, cv::FixedPtCast<int, unsigned char, 22>, cv::VResizeLinearVec_32s8u>::operator()(int const**, unsigned char*, short const*, int) const+0x3c
C  [libopencv_imgproc.2.4.dylib+0x120074]  cv::resizeGeneric_Invoker<cv::HResizeLinear<unsigned char, int, short, 2048, cv::HResizeNoVec>, cv::VResizeLinear<unsigned char, int, short, cv::FixedPtCast<int, unsigned char, 22>, cv::VResizeLinearVec_32s8u> >::operator()(cv::Range const&) const+0x4f4
C  [libopencv_core.2.4.dylib+0x1c310b]  (anonymous namespace)::block_function(void*, unsigned long)+0x7b
C  [libdispatch.dylib+0x1402a]  _dispatch_client_callout2+0x8
C  [libdispatch.dylib+0x13f7b]  _dispatch_apply_invoke+0x57
C  [libdispatch.dylib+0x233f]  _dispatch_client_callout+0x8
C  [libdispatch.dylib+0x61cf]  _dispatch_root_queue_drain+0x762
C  [libdispatch.dylib+0x5a34]  _dispatch_worker_thread3+0x5b
C  [libsystem_pthread.dylib+0x368f]  _pthread_wqthread+0x469
C  [libsystem_pthread.dylib+0x1365]  start_wqthread+0xd


---------------  P R O C E S S  ---------------

VM state:not at safepoint (normal execution)

VM Mutex/Monitor currently owned by a thread: None

Heap:
 PSYoungGen      total 279040K, used 146117K [0x0000000795580000, 0x00000007b1380000, 0x00000007c0000000)
  eden space 264192K, 49% used [0x0000000795580000,0x000000079d5b7d58,0x00000007a5780000)
  from space 14848K, 99% used [0x00000007a5780000,0x00000007a65f9970,0x00000007a6600000)
  to   space 16896K, 0% used [0x00000007b0300000,0x00000007b0300000,0x00000007b1380000)
 ParOldGen       total 87552K, used 11949K [0x0000000740000000, 0x0000000745580000, 0x0000000795580000)
  object space 87552K, 13% used [0x0000000740000000,0x0000000740bab480,0x0000000745580000)
 Metaspace       used 10802K, capacity 10986K, committed 11136K, reserved 1058816K
  class space    used 1267K, capacity 1336K, committed 1408K, reserved 1048576K

Card table byte_map: [0x00000001143c0000,0x00000001147c1000] byte_map_base: 0x00000001109c0000

Marking Bits: (ParMarkBitMap*) 0x00000001040ace20
 Begin Bits: [0x0000000114a6c000, 0x0000000116a6c000)
 End Bits:   [0x0000000116a6c000, 0x0000000118a6c000)

Polling page: 0x000000010479a000

CodeCache: size=245760Kb used=3580Kb max_used=3589Kb free=242179Kb
 bounds [0x0000000105000000, 0x0000000105390000, 0x0000000114000000]
 total_blobs=1752 nmethods=1088 adapters=578
 compilation: enabled

Compilation events (10 events):
Event: 21.299 Thread 0x00007f8082835800 1092       3       java.util.stream.StreamOpFlag::combineOpFlags (9 bytes)
Event: 21.299 Thread 0x00007f8082835800 nmethod 1092 0x000000010537f150 code [0x000000010537f2c0, 0x000000010537f4d0]
Event: 21.300 Thread 0x00007f8082835800 1093       3       java.util.Collections$UnmodifiableCollection::contains (11 bytes)
Event: 21.300 Thread 0x00007f8082835800 nmethod 1093 0x000000010537f590 code [0x000000010537f700, 0x000000010537f928]
Event: 21.300 Thread 0x00007f8082835800 1094       3       java.util.stream.Sink$ChainedReference::<init> (16 bytes)
Event: 21.300 Thread 0x00007f8082835800 nmethod 1094 0x000000010537f9d0 code [0x000000010537fb60, 0x000000010537fe88]
Event: 21.398 Thread 0x00007f808382b800 1095       4       java.util.HashMap$HashIterator::nextNode (100 bytes)
Event: 21.401 Thread 0x00007f808382b800 nmethod 1095 0x0000000105382dd0 code [0x0000000105382f20, 0x0000000105383138]
Event: 21.694 Thread 0x00007f8082835800 1096       3       java.security.AccessControlContext::<init> (63 bytes)
Event: 21.695 Thread 0x00007f8082835800 nmethod 1096 0x00000001053826d0 code [0x0000000105382860, 0x0000000105382c68]

GC Heap History (10 events):
Event: 6.357 GC heap before
{Heap before GC invocations=5 (full 0):
 PSYoungGen      total 71680K, used 71183K [0x0000000795580000, 0x000000079a080000, 0x00000007c0000000)
  eden space 66560K, 99% used [0x0000000795580000,0x000000079960bd80,0x0000000799680000)
  from space 5120K, 99% used [0x0000000799b80000,0x000000079a078180,0x000000079a080000)
  to   space 5120K, 0% used [0x0000000799680000,0x0000000799680000,0x0000000799b80000)
 ParOldGen       total 87552K, used 3136K [0x0000000740000000, 0x0000000745580000, 0x0000000795580000)
  object space 87552K, 3% used [0x0000000740000000,0x0000000740310000,0x0000000745580000)
 Metaspace       used 10594K, capacity 10778K, committed 11136K, reserved 1058816K
  class space    used 1265K, capacity 1334K, committed 1408K, reserved 1048576K
Event: 6.383 GC heap after
Heap after GC invocations=5 (full 0):
 PSYoungGen      total 71680K, used 5095K [0x0000000795580000, 0x000000079ed80000, 0x00000007c0000000)
  eden space 66560K, 0% used [0x0000000795580000,0x0000000795580000,0x0000000799680000)
  from space 5120K, 99% used [0x0000000799680000,0x0000000799b79ee0,0x0000000799b80000)
  to   space 11264K, 0% used [0x000000079e280000,0x000000079e280000,0x000000079ed80000)
 ParOldGen       total 87552K, used 9016K [0x0000000740000000, 0x0000000745580000, 0x0000000795580000)
  object space 87552K, 10% used [0x0000000740000000,0x00000007408ce000,0x0000000745580000)
 Metaspace       used 10594K, capacity 10778K, committed 11136K, reserved 1058816K
  class space    used 1265K, capacity 1334K, committed 1408K, reserved 1048576K
}
Event: 7.745 GC heap before
{Heap before GC invocations=6 (full 0):
 PSYoungGen      total 71680K, used 70673K [0x0000000795580000, 0x000000079ed80000, 0x00000007c0000000)
  eden space 66560K, 98% used [0x0000000795580000,0x000000079958a6b0,0x0000000799680000)
  from space 5120K, 99% used [0x0000000799680000,0x0000000799b79ee0,0x0000000799b80000)
  to   space 11264K, 0% used [0x000000079e280000,0x000000079e280000,0x000000079ed80000)
 ParOldGen       total 87552K, used 9016K [0x0000000740000000, 0x0000000745580000, 0x0000000795580000)
  object space 87552K, 10% used [0x0000000740000000,0x00000007408ce000,0x0000000745580000)
 Metaspace       used 10622K, capacity 10782K, committed 11136K, reserved 1058816K
  class space    used 1265K, capacity 1334K, committed 1408K, reserved 1048576K
Event: 7.773 GC heap after
Heap after GC invocations=6 (full 0):
 PSYoungGen      total 143360K, used 10293K [0x0000000795580000, 0x000000079ef80000, 0x00000007c0000000)
  eden space 132096K, 0% used [0x0000000795580000,0x0000000795580000,0x000000079d680000)
  from space 11264K, 91% used [0x000000079e280000,0x000000079ec8d4e0,0x000000079ed80000)
  to   space 12288K, 0% used [0x000000079d680000,0x000000079d680000,0x000000079e280000)
 ParOldGen       total 87552K, used 9024K [0x0000000740000000, 0x0000000745580000, 0x0000000795580000)
  object space 87552K, 10% used [0x0000000740000000,0x00000007408d0000,0x0000000745580000)
 Metaspace       used 10622K, capacity 10782K, committed 11136K, reserved 1058816K
  class space    used 1265K, capacity 1334K, committed 1408K, reserved 1048576K
}
Event: 10.922 GC heap before
{Heap before GC invocations=7 (full 0):
 PSYoungGen      total 143360K, used 141872K [0x0000000795580000, 0x000000079ef80000, 0x00000007c0000000)
  eden space 132096K, 99% used [0x0000000795580000,0x000000079d5febe8,0x000000079d680000)
  from space 11264K, 91% used [0x000000079e280000,0x000000079ec8d4e0,0x000000079ed80000)
  to   space 12288K, 0% used [0x000000079d680000,0x000000079d680000,0x000000079e280000)
 ParOldGen       total 87552K, used 9024K [0x0000000740000000, 0x0000000745580000, 0x0000000795580000)
  object space 87552K, 10% used [0x0000000740000000,0x00000007408d0000,0x0000000745580000)
 Metaspace       used 10683K, capacity 10850K, committed 11136K, reserved 1058816K
  class space    used 1267K, capacity 1336K, committed 1408K, reserved 1048576K
Event: 10.967 GC heap after
Heap after GC invocations=7 (full 0):
 PSYoungGen      total 144384K, used 12272K [0x0000000795580000, 0x00000007a7580000, 0x00000007c0000000)
  eden space 132096K, 0% used [0x0000000795580000,0x0000000795580000,0x000000079d680000)
  from space 12288K, 99% used [0x000000079d680000,0x000000079e27c058,0x000000079e280000)
  to   space 15360K, 0% used [0x00000007a6680000,0x00000007a6680000,0x00000007a7580000)
 ParOldGen       total 87552K, used 11429K [0x0000000740000000, 0x0000000745580000, 0x0000000795580000)
  object space 87552K, 13% used [0x0000000740000000,0x0000000740b29480,0x0000000745580000)
 Metaspace       used 10683K, capacity 10850K, committed 11136K, reserved 1058816K
  class space    used 1267K, capacity 1336K, committed 1408K, reserved 1048576K
}
Event: 13.609 GC heap before
{Heap before GC invocations=8 (full 0):
 PSYoungGen      total 144384K, used 144368K [0x0000000795580000, 0x00000007a7580000, 0x00000007c0000000)
  eden space 132096K, 100% used [0x0000000795580000,0x000000079d680000,0x000000079d680000)
  from space 12288K, 99% used [0x000000079d680000,0x000000079e27c058,0x000000079e280000)
  to   space 15360K, 0% used [0x00000007a6680000,0x00000007a6680000,0x00000007a7580000)
 ParOldGen       total 87552K, used 11429K [0x0000000740000000, 0x0000000745580000, 0x0000000795580000)
  object space 87552K, 13% used [0x0000000740000000,0x0000000740b29480,0x0000000745580000)
 Metaspace       used 10713K, capacity 10922K, committed 11136K, reserved 1058816K
  class space    used 1267K, capacity 1336K, committed 1408K, reserved 1048576K
Event: 13.631 GC heap after
Heap after GC invocations=8 (full 0):
 PSYoungGen      total 278528K, used 9028K [0x0000000795580000, 0x00000007a7480000, 0x00000007c0000000)
  eden space 264192K, 0% used [0x0000000795580000,0x0000000795580000,0x00000007a5780000)
  from space 14336K, 62% used [0x00000007a6680000,0x00000007a6f51070,0x00000007a7480000)
  to   space 14848K, 0% used [0x00000007a5780000,0x00000007a5780000,0x00000007a6600000)
 ParOldGen       total 87552K, used 11485K [0x0000000740000000, 0x0000000745580000, 0x0000000795580000)
  object space 87552K, 13% used [0x0000000740000000,0x0000000740b37480,0x0000000745580000)
 Metaspace       used 10713K, capacity 10922K, committed 11136K, reserved 1058816K
  class space    used 1267K, capacity 1336K, committed 1408K, reserved 1048576K
}
Event: 19.107 GC heap before
{Heap before GC invocations=9 (full 0):
 PSYoungGen      total 278528K, used 273220K [0x0000000795580000, 0x00000007a7480000, 0x00000007c0000000)
  eden space 264192K, 100% used [0x0000000795580000,0x00000007a5780000,0x00000007a5780000)
  from space 14336K, 62% used [0x00000007a6680000,0x00000007a6f51070,0x00000007a7480000)
  to   space 14848K, 0% used [0x00000007a5780000,0x00000007a5780000,0x00000007a6600000)
 ParOldGen       total 87552K, used 11485K [0x0000000740000000, 0x0000000745580000, 0x0000000795580000)
  object space 87552K, 13% used [0x0000000740000000,0x0000000740b37480,0x0000000745580000)
 Metaspace       used 10782K, capacity 10986K, committed 11136K, reserved 1058816K
  class space    used 1267K, capacity 1336K, committed 1408K, reserved 1048576K
Event: 19.155 GC heap after
Heap after GC invocations=9 (full 0):
 PSYoungGen      total 279040K, used 14822K [0x0000000795580000, 0x00000007b1380000, 0x00000007c0000000)
  eden space 264192K, 0% used [0x0000000795580000,0x0000000795580000,0x00000007a5780000)
  from space 14848K, 99% used [0x00000007a5780000,0x00000007a65f9970,0x00000007a6600000)
  to   space 16896K, 0% used [0x00000007b0300000,0x00000007b0300000,0x00000007b1380000)
 ParOldGen       total 87552K, used 11949K [0x0000000740000000, 0x0000000745580000, 0x0000000795580000)
  object space 87552K, 13% used [0x0000000740000000,0x0000000740bab480,0x0000000745580000)
 Metaspace       used 10782K, capacity 10986K, committed 11136K, reserved 1058816K
  class space    used 1267K, capacity 1336K, committed 1408K, reserved 1048576K
}

Deoptimization events (10 events):
Event: 2.717 Thread 0x00007f8083823800 Uncommon trap: reason=unstable_if action=reinterpret pc=0x00000001052445d0 method=java.lang.ref.ReferenceQueue.remove(J)Ljava/lang/ref/Reference; @ 31
Event: 2.781 Thread 0x00007f8083015800 Uncommon trap: reason=class_check action=maybe_recompile pc=0x000000010524f08c method=java.lang.ref.ReferenceQueue.enqueue(Ljava/lang/ref/Reference;)Z @ 91
Event: 2.781 Thread 0x00007f8083015800 Uncommon trap: reason=class_check action=maybe_recompile pc=0x000000010524f08c method=java.lang.ref.ReferenceQueue.enqueue(Ljava/lang/ref/Reference;)Z @ 91
Event: 2.782 Thread 0x00007f8083015800 Uncommon trap: reason=class_check action=maybe_recompile pc=0x000000010524f08c method=java.lang.ref.ReferenceQueue.enqueue(Ljava/lang/ref/Reference;)Z @ 91
Event: 2.782 Thread 0x00007f8083015800 Uncommon trap: reason=class_check action=maybe_recompile pc=0x000000010524f08c method=java.lang.ref.ReferenceQueue.enqueue(Ljava/lang/ref/Reference;)Z @ 91
Event: 4.602 Thread 0x00007f8083227800 Uncommon trap: reason=unstable_if action=reinterpret pc=0x00000001051f0428 method=team.sudocool.ImgWorks.EzGridSquareExtractor.lambda$getOuterBoundContour$0(Lorg/opencv/core/MatOfPoint;)Z @ 18
Event: 10.128 Thread 0x00007f8083227800 Uncommon trap: reason=unstable_if action=reinterpret pc=0x00000001052a5460 method=java.util.stream.ReferencePipeline$2$1.accept(Ljava/lang/Object;)V @ 13
Event: 10.513 Thread 0x00007f8083227800 Uncommon trap: reason=unstable_if action=reinterpret pc=0x0000000105293d3c method=java.util.stream.ReferencePipeline$2$1.accept(Ljava/lang/Object;)V @ 13
Event: 10.563 Thread 0x00007f8083227800 Uncommon trap: reason=unstable_if action=reinterpret pc=0x0000000105295bf0 method=java.util.stream.ReferencePipeline$2$1.accept(Ljava/lang/Object;)V @ 13
Event: 11.031 Thread 0x00007f8083227800 Uncommon trap: reason=unstable_if action=reinterpret pc=0x00000001051f1e60 method=team.sudocool.ImgWorks.EzGridSquareExtractor.lambda$getOuterBoundContour$0(Lorg/opencv/core/MatOfPoint;)Z @ 18

Internal exceptions (10 events):
Event: 0.562 Thread 0x00007f8084001800 Exception <a 'java/security/PrivilegedActionException'> (0x00000007958c2fe8) thrown at [/Users/java_re/workspace/8-2-build-macosx-x86_64/jdk8u60/4407/hotspot/src/share/vm/prims/jvm.cpp, line 1386]
Event: 0.562 Thread 0x00007f8084001800 Exception <a 'java/security/PrivilegedActionException'> (0x00000007958c31f8) thrown at [/Users/java_re/workspace/8-2-build-macosx-x86_64/jdk8u60/4407/hotspot/src/share/vm/prims/jvm.cpp, line 1386]
Event: 0.635 Thread 0x00007f8084001800 Exception <a 'java/lang/NoSuchFieldError': method resolution failed> (0x000000079599d940) thrown at [/Users/java_re/workspace/8-2-build-macosx-x86_64/jdk8u60/4407/hotspot/src/share/vm/prims/methodHandles.cpp, line 1146]
Event: 0.637 Thread 0x00007f8084001800 Exception <a 'java/lang/NoSuchFieldError': method resolution failed> (0x00000007959ab110) thrown at [/Users/java_re/workspace/8-2-build-macosx-x86_64/jdk8u60/4407/hotspot/src/share/vm/prims/methodHandles.cpp, line 1146]
Event: 0.826 Thread 0x00007f8084001800 Exception <a 'java/io/FileNotFoundException'> (0x0000000795a270a0) thrown at [/Users/java_re/workspace/8-2-build-macosx-x86_64/jdk8u60/4407/hotspot/src/share/vm/prims/jni.cpp, line 709]
Event: 0.826 Thread 0x00007f8084001800 Exception <a 'java/io/FileNotFoundException'> (0x0000000795a27c00) thrown at [/Users/java_re/workspace/8-2-build-macosx-x86_64/jdk8u60/4407/hotspot/src/share/vm/prims/jni.cpp, line 709]
Event: 2.709 Thread 0x00007f8083823800 Implicit null exception at 0x000000010524492f to 0x0000000105244b9f
Event: 2.717 Thread 0x00007f8083823800 Implicit null exception at 0x0000000105244333 to 0x00000001052445c5
Event: 2.785 Thread 0x00007f8083823800 Exception <a 'java/lang/NullPointerException'> (0x00000007957d2c40) thrown at [/Users/java_re/workspace/8-2-build-macosx-x86_64/jdk8u60/4407/hotspot/src/share/vm/interpreter/linkResolver.cpp, line 1178]
Event: 2.785 Thread 0x00007f8083823800 Exception <a 'java/lang/NullPointerException'> (0x00000007957d2e48) thrown at [/Users/java_re/workspace/8-2-build-macosx-x86_64/jdk8u60/4407/hotspot/src/share/vm/interpreter/linkResolver.cpp, line 1178]

Events (10 events):
Event: 10.967 Executing VM operation: ParallelGCFailedAllocation done
Event: 11.030 Thread 0x00007f8083227800 Uncommon trap: trap_request=0xffffff65 fr.pc=0x00000001051f1e60
Event: 11.031 Thread 0x00007f8083227800 DEOPT PACKING pc=0x00000001051f1e60 sp=0x0000700001bf4580
Event: 11.031 Thread 0x00007f8083227800 DEOPT UNPACKING pc=0x0000000105005229 sp=0x0000700001bf44b8 mode 2
Event: 13.508 Thread 0x00007f8083227800 DEOPT PACKING pc=0x00000001052e826f sp=0x0000700001bf4560
Event: 13.508 Thread 0x00007f8083227800 DEOPT UNPACKING pc=0x0000000105047633 sp=0x0000700001bf42c0 mode 0
Event: 13.609 Executing VM operation: ParallelGCFailedAllocation
Event: 13.632 Executing VM operation: ParallelGCFailedAllocation done
Event: 19.107 Executing VM operation: ParallelGCFailedAllocation
Event: 19.155 Executing VM operation: ParallelGCFailedAllocation done


Dynamic libraries:
0x0000000005bff000 	/System/Library/Frameworks/Cocoa.framework/Versions/A/Cocoa
0x0000000005bff000 	/System/Library/Frameworks/Security.framework/Versions/A/Security
0x0000000005bff000 	/System/Library/Frameworks/ApplicationServices.framework/Versions/A/ApplicationServices
0x0000000005bff000 	/usr/lib/libz.1.dylib
0x0000000005bff000 	/usr/lib/libSystem.B.dylib
0x0000000005bff000 	/usr/lib/libobjc.A.dylib
0x0000000005bff000 	/System/Library/Frameworks/CoreFoundation.framework/Versions/A/CoreFoundation
0x0000000005bff000 	/System/Library/Frameworks/Foundation.framework/Versions/C/Foundation
0x0000000005bff000 	/System/Library/Frameworks/AppKit.framework/Versions/C/AppKit
0x0000000005bff000 	/System/Library/Frameworks/CoreData.framework/Versions/A/CoreData
0x0000000005bff000 	/System/Library/PrivateFrameworks/RemoteViewServices.framework/Versions/A/RemoteViewServices
0x0000000005bff000 	/System/Library/PrivateFrameworks/UIFoundation.framework/Versions/A/UIFoundation
0x0000000005bff000 	/usr/lib/libScreenReader.dylib
0x0000000005bff000 	/System/Library/Frameworks/Accelerate.framework/Versions/A/Accelerate
0x0000000005bff000 	/System/Library/Frameworks/IOSurface.framework/Versions/A/IOSurface
0x0000000005bff000 	/System/Library/Frameworks/AudioToolbox.framework/Versions/A/AudioToolbox
0x0000000005bff000 	/System/Library/Frameworks/AudioUnit.framework/Versions/A/AudioUnit
0x0000000005bff000 	/System/Library/PrivateFrameworks/DataDetectorsCore.framework/Versions/A/DataDetectorsCore
0x0000000005bff000 	/System/Library/PrivateFrameworks/DesktopServicesPriv.framework/Versions/A/DesktopServicesPriv
0x0000000005bff000 	/System/Library/Frameworks/Carbon.framework/Versions/A/Frameworks/HIToolbox.framework/Versions/A/HIToolbox
0x0000000005bff000 	/System/Library/Frameworks/QuartzCore.framework/Versions/A/QuartzCore
0x0000000005bff000 	/System/Library/Frameworks/Carbon.framework/Versions/A/Frameworks/SpeechRecognition.framework/Versions/A/SpeechRecognition
0x0000000005bff000 	/usr/lib/libauto.dylib
0x0000000005bff000 	/usr/lib/libicucore.A.dylib
0x0000000005bff000 	/usr/lib/libxml2.2.dylib
0x0000000005bff000 	/System/Library/PrivateFrameworks/CoreUI.framework/Versions/A/CoreUI
0x0000000005bff000 	/System/Library/Frameworks/CoreAudio.framework/Versions/A/CoreAudio
0x0000000005bff000 	/System/Library/Frameworks/DiskArbitration.framework/Versions/A/DiskArbitration
0x0000000005bff000 	/usr/lib/liblangid.dylib
0x0000000005bff000 	/System/Library/PrivateFrameworks/MultitouchSupport.framework/Versions/A/MultitouchSupport
0x0000000005bff000 	/System/Library/Frameworks/IOKit.framework/Versions/A/IOKit
0x0000000005bff000 	/usr/lib/libDiagnosticMessagesClient.dylib
0x0000000005bff000 	/System/Library/Frameworks/CoreServices.framework/Versions/A/CoreServices
0x0000000005bff000 	/System/Library/PrivateFrameworks/PerformanceAnalysis.framework/Versions/A/PerformanceAnalysis
0x0000000005bff000 	/System/Library/PrivateFrameworks/GenerationalStorage.framework/Versions/A/GenerationalStorage
0x0000000005bff000 	/System/Library/Frameworks/OpenGL.framework/Versions/A/OpenGL
0x0000000005bff000 	/System/Library/PrivateFrameworks/Sharing.framework/Versions/A/Sharing
0x0000000005bff000 	/System/Library/Frameworks/CoreGraphics.framework/Versions/A/CoreGraphics
0x0000000005bff000 	/System/Library/Frameworks/CoreImage.framework/Versions/A/CoreImage
0x0000000005bff000 	/System/Library/Frameworks/CoreText.framework/Versions/A/CoreText
0x0000000005bff000 	/System/Library/Frameworks/ImageIO.framework/Versions/A/ImageIO
0x0000000005bff000 	/System/Library/PrivateFrameworks/Backup.framework/Versions/A/Backup
0x0000000005bff000 	/usr/lib/libextension.dylib
0x0000000005bff000 	/usr/lib/libarchive.2.dylib
0x0000000005bff000 	/System/Library/Frameworks/CFNetwork.framework/Versions/A/CFNetwork
0x0000000005bff000 	/System/Library/Frameworks/SystemConfiguration.framework/Versions/A/SystemConfiguration
0x0000000005bff000 	/usr/lib/libCRFSuite.dylib
0x0000000005bff000 	/usr/lib/libc++.1.dylib
0x0000000005bff000 	/usr/lib/libc++abi.dylib
0x0000000005bff000 	/usr/lib/system/libcache.dylib
0x0000000005bff000 	/usr/lib/system/libcommonCrypto.dylib
0x0000000005bff000 	/usr/lib/system/libcompiler_rt.dylib
0x0000000005bff000 	/usr/lib/system/libcopyfile.dylib
0x0000000005bff000 	/usr/lib/system/libcorecrypto.dylib
0x0000000005bff000 	/usr/lib/system/libdispatch.dylib
0x0000000005bff000 	/usr/lib/system/libdyld.dylib
0x0000000005bff000 	/usr/lib/system/libkeymgr.dylib
0x0000000005bff000 	/usr/lib/system/liblaunch.dylib
0x0000000005bff000 	/usr/lib/system/libmacho.dylib
0x0000000005bff000 	/usr/lib/system/libquarantine.dylib
0x0000000005bff000 	/usr/lib/system/libremovefile.dylib
0x0000000005bff000 	/usr/lib/system/libsystem_asl.dylib
0x0000000005bff000 	/usr/lib/system/libsystem_blocks.dylib
0x0000000005bff000 	/usr/lib/system/libsystem_c.dylib
0x0000000005bff000 	/usr/lib/system/libsystem_configuration.dylib
0x0000000005bff000 	/usr/lib/system/libsystem_coreservices.dylib
0x0000000005bff000 	/usr/lib/system/libsystem_coretls.dylib
0x0000000005bff000 	/usr/lib/system/libsystem_dnssd.dylib
0x0000000005bff000 	/usr/lib/system/libsystem_info.dylib
0x0000000005bff000 	/usr/lib/system/libsystem_kernel.dylib
0x0000000005bff000 	/usr/lib/system/libsystem_m.dylib
0x0000000005bff000 	/usr/lib/system/libsystem_malloc.dylib
0x0000000005bff000 	/usr/lib/system/libsystem_network.dylib
0x0000000005bff000 	/usr/lib/system/libsystem_networkextension.dylib
0x0000000005bff000 	/usr/lib/system/libsystem_notify.dylib
0x0000000005bff000 	/usr/lib/system/libsystem_platform.dylib
0x0000000005bff000 	/usr/lib/system/libsystem_pthread.dylib
0x0000000005bff000 	/usr/lib/system/libsystem_sandbox.dylib
0x0000000005bff000 	/usr/lib/system/libsystem_secinit.dylib
0x0000000005bff000 	/usr/lib/system/libsystem_trace.dylib
0x0000000005bff000 	/usr/lib/system/libunc.dylib
0x0000000005bff000 	/usr/lib/system/libunwind.dylib
0x0000000005bff000 	/usr/lib/system/libxpc.dylib
0x0000000005bff000 	/usr/lib/libenergytrace.dylib
0x0000000005bff000 	/usr/lib/libbsm.0.dylib
0x0000000005bff000 	/usr/lib/system/libkxld.dylib
0x0000000005bff000 	/usr/lib/libxar.1.dylib
0x0000000005bff000 	/usr/lib/libsqlite3.dylib
0x0000000005bff000 	/usr/lib/libpam.2.dylib
0x0000000005bff000 	/usr/lib/libOpenScriptingUtil.dylib
0x0000000005bff000 	/usr/lib/libbz2.1.0.dylib
0x0000000005bff000 	/usr/lib/liblzma.5.dylib
0x0000000005bff000 	/System/Library/Frameworks/CoreServices.framework/Versions/A/Frameworks/FSEvents.framework/Versions/A/FSEvents
0x0000000005bff000 	/System/Library/Frameworks/CoreServices.framework/Versions/A/Frameworks/CarbonCore.framework/Versions/A/CarbonCore
0x0000000005bff000 	/System/Library/Frameworks/CoreServices.framework/Versions/A/Frameworks/Metadata.framework/Versions/A/Metadata
0x0000000005bff000 	/System/Library/Frameworks/CoreServices.framework/Versions/A/Frameworks/OSServices.framework/Versions/A/OSServices
0x0000000005bff000 	/System/Library/Frameworks/CoreServices.framework/Versions/A/Frameworks/SearchKit.framework/Versions/A/SearchKit
0x0000000005bff000 	/System/Library/Frameworks/CoreServices.framework/Versions/A/Frameworks/AE.framework/Versions/A/AE
0x0000000005bff000 	/System/Library/Frameworks/CoreServices.framework/Versions/A/Frameworks/LaunchServices.framework/Versions/A/LaunchServices
0x0000000005bff000 	/System/Library/Frameworks/CoreServices.framework/Versions/A/Frameworks/DictionaryServices.framework/Versions/A/DictionaryServices
0x0000000005bff000 	/System/Library/Frameworks/CoreServices.framework/Versions/A/Frameworks/SharedFileList.framework/Versions/A/SharedFileList
0x0000000005bff000 	/System/Library/Frameworks/NetFS.framework/Versions/A/NetFS
0x0000000005bff000 	/System/Library/PrivateFrameworks/NetAuth.framework/Versions/A/NetAuth
0x0000000005bff000 	/System/Library/PrivateFrameworks/login.framework/Versions/A/Frameworks/loginsupport.framework/Versions/A/loginsupport
0x0000000005bff000 	/System/Library/PrivateFrameworks/TCC.framework/Versions/A/TCC
0x0000000005bff000 	/usr/lib/libmecabra.dylib
0x0000000005bff000 	/System/Library/Frameworks/ApplicationServices.framework/Versions/A/Frameworks/ATS.framework/Versions/A/ATS
0x0000000005bff000 	/System/Library/Frameworks/ApplicationServices.framework/Versions/A/Frameworks/ColorSync.framework/Versions/A/ColorSync
0x0000000005bff000 	/System/Library/Frameworks/ApplicationServices.framework/Versions/A/Frameworks/HIServices.framework/Versions/A/HIServices
0x0000000005bff000 	/System/Library/Frameworks/ApplicationServices.framework/Versions/A/Frameworks/LangAnalysis.framework/Versions/A/LangAnalysis
0x0000000005bff000 	/System/Library/Frameworks/ApplicationServices.framework/Versions/A/Frameworks/PrintCore.framework/Versions/A/PrintCore
0x0000000005bff000 	/System/Library/Frameworks/ApplicationServices.framework/Versions/A/Frameworks/QD.framework/Versions/A/QD
0x0000000005bff000 	/System/Library/Frameworks/ApplicationServices.framework/Versions/A/Frameworks/SpeechSynthesis.framework/Versions/A/SpeechSynthesis
0x0000000005bff000 	/System/Library/Frameworks/Metal.framework/Versions/A/Metal
0x0000000005bff000 	/System/Library/Frameworks/Accelerate.framework/Versions/A/Frameworks/vImage.framework/Versions/A/vImage
0x0000000005bff000 	/System/Library/Frameworks/Accelerate.framework/Versions/A/Frameworks/vecLib.framework/Versions/A/vecLib
0x0000000005bff000 	/System/Library/Frameworks/Accelerate.framework/Versions/A/Frameworks/vecLib.framework/Versions/A/libvDSP.dylib
0x0000000005bff000 	/System/Library/Frameworks/Accelerate.framework/Versions/A/Frameworks/vecLib.framework/Versions/A/libvMisc.dylib
0x0000000005bff000 	/System/Library/Frameworks/Accelerate.framework/Versions/A/Frameworks/vecLib.framework/Versions/A/libLAPACK.dylib
0x0000000005bff000 	/System/Library/Frameworks/Accelerate.framework/Versions/A/Frameworks/vecLib.framework/Versions/A/libBLAS.dylib
0x0000000005bff000 	/System/Library/Frameworks/Accelerate.framework/Versions/A/Frameworks/vecLib.framework/Versions/A/libLinearAlgebra.dylib
0x0000000005bff000 	/System/Library/Frameworks/Accelerate.framework/Versions/A/Frameworks/vecLib.framework/Versions/A/libSparseBLAS.dylib
0x0000000005bff000 	/System/Library/PrivateFrameworks/GPUCompiler.framework/libmetal_timestamp.dylib
0x0000000005bff000 	/System/Library/Frameworks/OpenGL.framework/Versions/A/Libraries/libCoreFSCache.dylib
0x0000000005bff000 	/System/Library/PrivateFrameworks/IOAccelerator.framework/Versions/A/IOAccelerator
0x0000000005bff000 	/System/Library/Frameworks/ApplicationServices.framework/Versions/A/Frameworks/ATS.framework/Versions/A/Resources/libFontParser.dylib
0x0000000005bff000 	/System/Library/Frameworks/ApplicationServices.framework/Versions/A/Frameworks/ATS.framework/Versions/A/Resources/libFontRegistry.dylib
0x0000000005bff000 	/System/Library/PrivateFrameworks/AppleVPA.framework/Versions/A/AppleVPA
0x0000000005bff000 	/System/Library/PrivateFrameworks/AppleJPEG.framework/Versions/A/AppleJPEG
0x0000000005bff000 	/System/Library/Frameworks/ImageIO.framework/Versions/A/Resources/libJPEG.dylib
0x0000000005bff000 	/System/Library/Frameworks/ImageIO.framework/Versions/A/Resources/libTIFF.dylib
0x0000000005bff000 	/System/Library/Frameworks/ImageIO.framework/Versions/A/Resources/libPng.dylib
0x0000000005bff000 	/System/Library/Frameworks/ImageIO.framework/Versions/A/Resources/libGIF.dylib
0x0000000005bff000 	/System/Library/Frameworks/ImageIO.framework/Versions/A/Resources/libJP2.dylib
0x0000000005bff000 	/System/Library/Frameworks/ImageIO.framework/Versions/A/Resources/libRadiance.dylib
0x0000000005bff000 	/System/Library/Frameworks/CoreVideo.framework/Versions/A/CoreVideo
0x0000000005bff000 	/System/Library/Frameworks/OpenGL.framework/Versions/A/Libraries/libGLU.dylib
0x0000000005bff000 	/System/Library/Frameworks/OpenGL.framework/Versions/A/Libraries/libGFXShared.dylib
0x0000000005bff000 	/System/Library/Frameworks/OpenGL.framework/Versions/A/Libraries/libGL.dylib
0x0000000005bff000 	/System/Library/Frameworks/OpenGL.framework/Versions/A/Libraries/libGLImage.dylib
0x0000000005bff000 	/System/Library/Frameworks/OpenGL.framework/Versions/A/Libraries/libCVMSPluginSupport.dylib
0x0000000005bff000 	/System/Library/Frameworks/OpenGL.framework/Versions/A/Libraries/libCoreVMClient.dylib
0x0000000005bff000 	/usr/lib/libcups.2.dylib
0x0000000005bff000 	/System/Library/Frameworks/Kerberos.framework/Versions/A/Kerberos
0x0000000005bff000 	/System/Library/Frameworks/GSS.framework/Versions/A/GSS
0x0000000005bff000 	/usr/lib/libresolv.9.dylib
0x0000000005bff000 	/usr/lib/libiconv.2.dylib
0x0000000005bff000 	/System/Library/PrivateFrameworks/Heimdal.framework/Versions/A/Heimdal
0x0000000005bff000 	/usr/lib/libheimdal-asn1.dylib
0x0000000005bff000 	/System/Library/Frameworks/OpenDirectory.framework/Versions/A/OpenDirectory
0x0000000005bff000 	/System/Library/PrivateFrameworks/CommonAuth.framework/Versions/A/CommonAuth
0x0000000005bff000 	/System/Library/Frameworks/OpenDirectory.framework/Versions/A/Frameworks/CFOpenDirectory.framework/Versions/A/CFOpenDirectory
0x0000000005bff000 	/System/Library/Frameworks/SecurityFoundation.framework/Versions/A/SecurityFoundation
0x0000000005bff000 	/System/Library/PrivateFrameworks/LanguageModeling.framework/Versions/A/LanguageModeling
0x0000000005bff000 	/usr/lib/libmarisa.dylib
0x0000000005bff000 	/usr/lib/libChineseTokenizer.dylib
0x0000000005bff000 	/usr/lib/libcmph.dylib
0x0000000005bff000 	/usr/lib/libcompression.dylib
0x0000000005bff000 	/System/Library/Frameworks/ServiceManagement.framework/Versions/A/ServiceManagement
0x0000000005bff000 	/usr/lib/libxslt.1.dylib
0x0000000005bff000 	/System/Library/Frameworks/Carbon.framework/Versions/A/Frameworks/Ink.framework/Versions/A/Ink
0x0000000005bff000 	/usr/lib/libFosl_dynamic.dylib
0x0000000005bff000 	/System/Library/PrivateFrameworks/FaceCore.framework/Versions/A/FaceCore
0x0000000005bff000 	/System/Library/Frameworks/OpenCL.framework/Versions/A/OpenCL
0x0000000005bff000 	/System/Library/PrivateFrameworks/CrashReporterSupport.framework/Versions/A/CrashReporterSupport
0x0000000005bff000 	/System/Library/PrivateFrameworks/IconServices.framework/Versions/A/IconServices
0x0000000005bff000 	/System/Library/PrivateFrameworks/Apple80211.framework/Versions/A/Apple80211
0x0000000005bff000 	/System/Library/Frameworks/CoreWLAN.framework/Versions/A/CoreWLAN
0x0000000005bff000 	/System/Library/Frameworks/IOBluetooth.framework/Versions/A/IOBluetooth
0x0000000005bff000 	/System/Library/PrivateFrameworks/CoreWiFi.framework/Versions/A/CoreWiFi
0x0000000005bff000 	/System/Library/Frameworks/CoreBluetooth.framework/Versions/A/CoreBluetooth
0x0000000005bff000 	/System/Library/PrivateFrameworks/ChunkingLibrary.framework/Versions/A/ChunkingLibrary
0x0000000005bff000 	/System/Library/PrivateFrameworks/DebugSymbols.framework/Versions/A/DebugSymbols
0x0000000005bff000 	/System/Library/PrivateFrameworks/CoreSymbolication.framework/Versions/A/CoreSymbolication
0x0000000005bff000 	/System/Library/PrivateFrameworks/Symbolication.framework/Versions/A/Symbolication
0x0000000005bff000 	/System/Library/PrivateFrameworks/SpeechRecognitionCore.framework/Versions/A/SpeechRecognitionCore
0x000000010378a000 	/System/Library/CoreServices/Encodings/libSimplifiedChineseConverter.dylib
0x00000001037ce000 	/Library/Java/JavaVirtualMachines/jdk1.8.0_60.jdk/Contents/Home/jre/lib/server/libjvm.dylib
0x0000000005bff000 	/usr/lib/libstdc++.6.dylib
0x0000000104757000 	/Library/Java/JavaVirtualMachines/jdk1.8.0_60.jdk/Contents/Home/jre/lib/libverify.dylib
0x0000000104765000 	/Library/Java/JavaVirtualMachines/jdk1.8.0_60.jdk/Contents/Home/jre/lib/libjava.dylib
0x00000001047a8000 	/Library/Java/JavaVirtualMachines/jdk1.8.0_60.jdk/Contents/Home/jre/lib/libzip.dylib
0x000000011a91a000 	/System/Library/Frameworks/JavaVM.framework/Frameworks/JavaRuntimeSupport.framework/JavaRuntimeSupport
0x000000011a935000 	/System/Library/Frameworks/JavaVM.framework/Versions/A/Frameworks/JavaNativeFoundation.framework/Versions/A/JavaNativeFoundation
0x000000011a94a000 	/System/Library/Frameworks/JavaVM.framework/Versions/A/JavaVM
0x0000000005bff000 	/System/Library/Frameworks/Carbon.framework/Versions/A/Carbon
0x000000011a957000 	/System/Library/PrivateFrameworks/JavaLaunching.framework/Versions/A/JavaLaunching
0x0000000005bff000 	/System/Library/Frameworks/Carbon.framework/Versions/A/Frameworks/CommonPanels.framework/Versions/A/CommonPanels
0x0000000005bff000 	/System/Library/Frameworks/Carbon.framework/Versions/A/Frameworks/Help.framework/Versions/A/Help
0x0000000005bff000 	/System/Library/Frameworks/Carbon.framework/Versions/A/Frameworks/ImageCapture.framework/Versions/A/ImageCapture
0x0000000005bff000 	/System/Library/Frameworks/Carbon.framework/Versions/A/Frameworks/OpenScripting.framework/Versions/A/OpenScripting
0x0000000005bff000 	/System/Library/Frameworks/Carbon.framework/Versions/A/Frameworks/Print.framework/Versions/A/Print
0x0000000005bff000 	/System/Library/Frameworks/Carbon.framework/Versions/A/Frameworks/SecurityHI.framework/Versions/A/SecurityHI
0x000000011c3a2000 	/Applications/IntelliJ IDEA CE.app/Contents/bin/libbreakgen64.jnilib
0x000000011c3a5000 	/Library/Java/JavaVirtualMachines/jdk1.8.0_60.jdk/Contents/Home/jre/lib/libnet.dylib
0x000000011c404000 	/usr/local/share/OpenCV/java/libopencv_java2413.dylib
0x000000011c4bb000 	/usr/local/lib/libopencv_contrib.2.4.dylib
0x000000011c5ce000 	/usr/local/lib/libopencv_nonfree.2.4.dylib
0x000000011c60b000 	/usr/local/lib/libopencv_gpu.2.4.dylib
0x000000011c62f000 	/usr/local/lib/libopencv_legacy.2.4.dylib
0x000000011c742000 	/usr/local/lib/libopencv_photo.2.4.dylib
0x000000011c763000 	/usr/local/lib/libopencv_ocl.2.4.dylib
0x000000011c93a000 	/usr/local/lib/libopencv_calib3d.2.4.dylib
0x000000011ca36000 	/usr/local/lib/libopencv_features2d.2.4.dylib
0x000000011cade000 	/usr/local/lib/libopencv_flann.2.4.dylib
0x000000011cb57000 	/usr/local/lib/libopencv_ml.2.4.dylib
0x000000011cbe5000 	/usr/local/lib/libopencv_video.2.4.dylib
0x000000011cc3b000 	/usr/local/lib/libopencv_objdetect.2.4.dylib
0x000000011ccbe000 	/usr/local/lib/libopencv_highgui.2.4.dylib
0x000000011cf1a000 	/usr/local/lib/libopencv_imgproc.2.4.dylib
0x000000011d20a000 	/usr/local/lib/libopencv_core.2.4.dylib
0x000000011d4cb000 	/opt/local/lib/libavcodec.56.dylib
0x000000011e9b0000 	/opt/local/lib/libavformat.56.dylib
0x000000011eb74000 	/opt/local/lib/libavutil.54.dylib
0x000000011ebe4000 	/opt/local/lib/libswscale.3.dylib
0x000000011ec91000 	/opt/local/lib/libavresample.2.dylib
0x000000011ecc2000 	/System/Library/Frameworks/VideoDecodeAcceleration.framework/Versions/A/VideoDecodeAcceleration
0x000000011ecc9000 	/opt/local/lib/libbz2.1.0.dylib
0x0000000005bff000 	/System/Library/Frameworks/QTKit.framework/Versions/A/QTKit
0x000000011ecdd000 	/opt/local/lib/libswresample.1.dylib
0x0000000005bff000 	/System/Library/Frameworks/AVFoundation.framework/Versions/A/AVFoundation
0x0000000005bff000 	/System/Library/Frameworks/CoreMedia.framework/Versions/A/CoreMedia
0x0000000005bff000 	/System/Library/Frameworks/VideoToolbox.framework/Versions/A/VideoToolbox
0x000000011ed09000 	/opt/local/lib/libiconv.2.dylib
0x000000011ee0a000 	/opt/local/lib/libxcb.1.dylib
0x000000011ee28000 	/opt/local/lib/libxcb-shm.0.dylib
0x000000011ee2c000 	/opt/local/lib/libxcb-xfixes.0.dylib
0x000000011ee33000 	/opt/local/lib/libxcb-render.0.dylib
0x000000011ee3c000 	/opt/local/lib/libxcb-shape.0.dylib
0x000000011ee40000 	/opt/local/lib/libX11.6.dylib
0x000000011ef59000 	/opt/local/lib/libSDL-1.2.0.dylib
0x000000011efc2000 	/opt/local/lib/libgmp.10.dylib
0x000000011f03a000 	/opt/local/lib/libx264.148.dylib
0x000000011f1c8000 	/opt/local/lib/libvorbisenc.2.dylib
0x000000011f288000 	/opt/local/lib/libvorbis.0.dylib
0x000000011f2b4000 	/opt/local/lib/libogg.0.dylib
0x000000011f2bb000 	/opt/local/lib/libtheoraenc.1.dylib
0x000000011f2e3000 	/opt/local/lib/libtheoradec.1.dylib
0x000000011f2f2000 	/opt/local/lib/libspeex.1.dylib
0x000000011f309000 	/opt/local/lib/libsoxr.0.dylib
0x000000011f366000 	/opt/local/lib/libschroedinger-1.0.0.dylib
0x000000011f404000 	/opt/local/lib/libopus.0.dylib
0x000000011f449000 	/opt/local/lib/libopenjpeg.1.dylib
0x000000011f46e000 	/opt/local/lib/libmp3lame.0.dylib
0x000000011f4dc000 	/opt/local/lib/libmodplug.1.dylib
0x000000011f5d1000 	/opt/local/lib/libfribidi.0.dylib
0x000000011f5ea000 	/opt/local/lib/libglib-2.0.0.dylib
0x000000011f6d6000 	/opt/local/lib/libintl.8.dylib
0x000000011f6e4000 	/opt/local/lib/libfreetype.6.dylib
0x000000011f774000 	/opt/local/lib/libfontconfig.1.dylib
0x000000011f7ac000 	/opt/local/lib/libbluray.1.dylib
0x000000011f7e4000 	/opt/local/lib/libass.5.dylib
0x000000011f816000 	/opt/local/lib/libgnutls.28.dylib
0x000000011f919000 	/opt/local/lib/liblzma.5.dylib
0x000000011f93b000 	/opt/local/lib/libz.1.dylib
0x0000000005bff000 	/System/Library/Frameworks/MediaToolbox.framework/Versions/A/MediaToolbox
0x0000000005bff000 	/System/Library/PrivateFrameworks/CoreMediaAuthoring.framework/Versions/A/CoreMediaAuthoring
0x0000000005bff000 	/System/Library/Frameworks/CoreMediaIO.framework/Versions/A/CoreMediaIO
0x0000000005bff000 	/System/Library/Frameworks/AVFoundation.framework/Versions/A/Resources/libAVFAudio.dylib
0x0000000005bff000 	/usr/lib/libspindump.dylib
0x0000000005bff000 	/System/Library/PrivateFrameworks/CoreAVCHD.framework/Versions/A/CoreAVCHD
0x0000000005bff000 	/System/Library/Frameworks/MediaAccessibility.framework/Versions/A/MediaAccessibility
0x0000000005bff000 	/System/Library/PrivateFrameworks/Mangrove.framework/Versions/A/Mangrove
0x0000000005bff000 	/System/Library/PrivateFrameworks/CoreAUC.framework/Versions/A/CoreAUC
0x0000000005bff000 	/System/Library/PrivateFrameworks/AppleVA.framework/Versions/A/AppleVA
0x0000000005bff000 	/System/Library/PrivateFrameworks/XPCService.framework/Versions/A/XPCService
0x0000000005bff000 	/System/Library/PrivateFrameworks/AppSandbox.framework/Versions/A/AppSandbox
0x0000000005bff000 	/usr/lib/libsandbox.1.dylib
0x0000000005bff000 	/System/Library/PrivateFrameworks/AppContainer.framework/Versions/A/AppContainer
0x0000000005bff000 	/System/Library/PrivateFrameworks/SecCodeWrapper.framework/Versions/A/SecCodeWrapper
0x0000000005bff000 	/usr/lib/libMatch.1.dylib
0x000000011f94f000 	/opt/local/lib/libXau.6.dylib
0x000000011f953000 	/opt/local/lib/libXdmcp.6.dylib
0x000000011f959000 	/opt/local/lib/libXext.6.dylib
0x000000011f969000 	/opt/local/lib/libXrandr.2.dylib
0x000000011f974000 	/opt/local/lib/libXrender.1.dylib
0x000000011f97e000 	/opt/local/lib/liborc-0.4.0.dylib
0x000000011f9f1000 	/opt/local/lib/libpcre.1.dylib
0x000000011fa5c000 	/opt/local/lib/libpng16.16.dylib
0x000000011fa88000 	/opt/local/lib/libexpat.1.dylib
0x000000011faa8000 	/opt/local/lib/libxml2.2.dylib
0x000000011fbca000 	/opt/local/lib/libp11-kit.0.dylib
0x000000011fc2c000 	/opt/local/lib/libtasn1.6.dylib
0x000000011fc3c000 	/opt/local/lib/libnettle.6.dylib
0x000000011fc81000 	/opt/local/lib/libhogweed.4.dylib
0x000000011fcbd000 	/opt/local/lib/libffi.6.dylib
0x0000000120cae000 	/Library/Java/JavaVirtualMachines/jdk1.8.0_60.jdk/Contents/Home/jre/lib/libawt.dylib
0x0000000120d56000 	/Library/Java/JavaVirtualMachines/jdk1.8.0_60.jdk/Contents/Home/jre/lib/./libmlib_image.dylib
0x0000000120e22000 	/Library/Java/JavaVirtualMachines/jdk1.8.0_60.jdk/Contents/Home/jre/lib/libawt_lwawt.dylib
0x0000000120ed7000 	/Library/Java/JavaVirtualMachines/jdk1.8.0_60.jdk/Contents/Home/jre/lib/./libosxapp.dylib
0x0000000005bff000 	/System/Library/Frameworks/ExceptionHandling.framework/Versions/A/ExceptionHandling
0x0000000005bff000 	/System/Library/PrivateFrameworks/CoreServicesInternal.framework/Versions/A/CoreServicesInternal
0x0000000005bff000 	/System/Library/Frameworks/CoreGraphics.framework/Versions/A/Resources/libRIP.A.dylib
0x0000000005bff000 	/System/Library/Frameworks/Accelerate.framework/Versions/A/Frameworks/vImage.framework/Versions/A/Libraries/libCGInterfaces.dylib
0x0000000005bff000 	/System/Library/PrivateFrameworks/FamilyControls.framework/Versions/A/FamilyControls
0x0000000005bff000 	/System/Library/PrivateFrameworks/CommerceKit.framework/Versions/A/Frameworks/CommerceCore.framework/Versions/A/CommerceCore
0x0000000005bff000 	/System/Library/PrivateFrameworks/SystemAdministration.framework/Versions/A/SystemAdministration
0x0000000005bff000 	/System/Library/Frameworks/DirectoryService.framework/Versions/A/DirectoryService
0x0000000005bff000 	/System/Library/PrivateFrameworks/DiskImages.framework/Versions/A/DiskImages
0x0000000005bff000 	/System/Library/PrivateFrameworks/LoginUIKit.framework/Versions/A/Frameworks/LoginUICore.framework/Versions/A/LoginUICore
0x0000000005bff000 	/usr/lib/libCoreStorage.dylib
0x0000000005bff000 	/usr/lib/libcsfde.dylib
0x0000000005bff000 	/usr/lib/libodfde.dylib
0x0000000005bff000 	/System/Library/Frameworks/DiscRecording.framework/Versions/A/DiscRecording
0x0000000005bff000 	/usr/lib/libcurl.4.dylib
0x0000000005bff000 	/System/Library/PrivateFrameworks/MediaKit.framework/Versions/A/MediaKit
0x0000000005bff000 	/System/Library/PrivateFrameworks/ProtectedCloudStorage.framework/Versions/A/ProtectedCloudStorage
0x0000000005bff000 	/System/Library/PrivateFrameworks/EFILogin.framework/Versions/A/EFILogin
0x0000000005bff000 	/usr/lib/libutil.dylib
0x0000000005bff000 	/System/Library/PrivateFrameworks/FindMyDevice.framework/Versions/A/FindMyDevice
0x0000000005bff000 	/System/Library/Frameworks/LDAP.framework/Versions/A/LDAP
0x0000000005bff000 	/usr/lib/libsasl2.2.dylib
0x0000000005bff000 	/System/Library/PrivateFrameworks/CoreDaemon.framework/Versions/B/CoreDaemon
0x0000000005bff000 	/usr/lib/libcrypto.0.9.8.dylib
0x0000000005bff000 	/System/Library/PrivateFrameworks/AppleSRP.framework/Versions/A/AppleSRP
0x0000000005bff000 	/System/Library/PrivateFrameworks/TrustEvaluationAgent.framework/Versions/A/TrustEvaluationAgent
0x0000000005bff000 	/System/Library/Frameworks/CoreGraphics.framework/Versions/A/Resources/libCGXType.A.dylib
0x0000000005bff000 	/System/Library/Frameworks/OpenCL.framework/Versions/A/Libraries/libcldcpuengine.dylib
0x0000000122183000 	cl_kernels
0x0000000005bff000 	/System/Library/Frameworks/OpenCL.framework/Versions/A/Libraries/ImageFormats/unorm8_bgra.dylib
0x0000000005bff000 	/System/Library/Frameworks/OpenCL.framework/Versions/A/Libraries/ImageFormats/unorm8_rgba.dylib
0x0000000005bff000 	/System/Library/Frameworks/OpenGL.framework/Versions/A/Resources/GLEngine.bundle/GLEngine
0x0000000005bff000 	/System/Library/Frameworks/OpenGL.framework/Versions/A/Libraries/libGLProgrammability.dylib
0x0000000124152000 	/System/Library/Extensions/AppleIntelBDWGraphicsGLDriver.bundle/Contents/MacOS/AppleIntelBDWGraphicsGLDriver
0x0000000005bff000 	/System/Library/PrivateFrameworks/GPUSupport.framework/Versions/A/Libraries/libGPUSupportMercury.dylib
0x0000000005bff000 	/System/Library/Frameworks/OpenGL.framework/Versions/A/Resources/GLRendererFloat.bundle/GLRendererFloat
0x00000001250de000 	/Library/Java/JavaVirtualMachines/jdk1.8.0_60.jdk/Contents/Home/jre/lib/libfontmanager.dylib
0x0000000125145000 	/Library/Java/JavaVirtualMachines/jdk1.8.0_60.jdk/Contents/Home/jre/lib/libosxui.dylib
0x0000000125ba4000 	/System/Library/Extensions/AppleHDA.kext/Contents/PlugIns/AppleHDAHALPlugIn.bundle/Contents/MacOS/AppleHDAHALPlugIn
0x0000000125bae000 	/Library/Audio/Plug-Ins/HAL/BartenderAudioPlugIn.plugin/Contents/MacOS/BartenderAudioPlugIn
0x0000000125bb9000 	/Library/CoreMediaIO/Plug-Ins/DAL/AppleCamera.plugin/Contents/MacOS/AppleCamera
0x0000000125be4000 	/System/Library/Frameworks/CoreMediaIO.framework/Resources/VDC.plugin/Contents/MacOS/VDC
0x0000000125c14000 	/System/Library/Frameworks/CoreMediaIO.framework/Resources/CMIOUnits.bundle/Contents/MacOS/CMIOUnits
0x0000000125da0000 	/System/Library/PrivateFrameworks/FWAVC.framework/Versions/A/FWAVC
0x0000000005bff000 	/System/Library/PrivateFrameworks/AppleGVA.framework/Versions/A/AppleGVA
0x00000001290a8000 	/System/Library/Extensions/AppleIntelBDWGraphicsMTLDriver.bundle/Contents/MacOS/AppleIntelBDWGraphicsMTLDriver
0x000000012a900000 	/Library/Java/JavaVirtualMachines/jdk1.8.0_60.jdk/Contents/Home/jre/lib/libnio.dylib
0x000000012b5d3000 	/Library/Java/JavaVirtualMachines/jdk1.8.0_60.jdk/Contents/Home/jre/lib/libjpeg.dylib

VM Arguments:
jvm_args: -Djava.library.path=D:/opencv/build/java/x64;D:/opencv/build/x64/vc12/bin:/usr/local/share/OpenCV/java/ -Didea.launcher.port=7537 -Didea.launcher.bin.path=/Applications/IntelliJ IDEA CE.app/Contents/bin -Dfile.encoding=UTF-8 
java_command: com.intellij.rt.execution.application.AppMain team.sudocool.Main
java_class_path (initial): /Library/Java/JavaVirtualMachines/jdk1.8.0_60.jdk/Contents/Home/jre/lib/charsets.jar:/Library/Java/JavaVirtualMachines/jdk1.8.0_60.jdk/Contents/Home/jre/lib/deploy.jar:/Library/Java/JavaVirtualMachines/jdk1.8.0_60.jdk/Contents/Home/jre/lib/ext/cldrdata.jar:/Library/Java/JavaVirtualMachines/jdk1.8.0_60.jdk/Contents/Home/jre/lib/ext/dnsns.jar:/Library/Java/JavaVirtualMachines/jdk1.8.0_60.jdk/Contents/Home/jre/lib/ext/jaccess.jar:/Library/Java/JavaVirtualMachines/jdk1.8.0_60.jdk/Contents/Home/jre/lib/ext/jfxrt.jar:/Library/Java/JavaVirtualMachines/jdk1.8.0_60.jdk/Contents/Home/jre/lib/ext/localedata.jar:/Library/Java/JavaVirtualMachines/jdk1.8.0_60.jdk/Contents/Home/jre/lib/ext/nashorn.jar:/Library/Java/JavaVirtualMachines/jdk1.8.0_60.jdk/Contents/Home/jre/lib/ext/sunec.jar:/Library/Java/JavaVirtualMachines/jdk1.8.0_60.jdk/Contents/Home/jre/lib/ext/sunjce_provider.jar:/Library/Java/JavaVirtualMachines/jdk1.8.0_60.jdk/Contents/Home/jre/lib/ext/sunpkcs11.jar:/Library/Java/JavaVirtualMachines/jdk1.8.0_60.jdk/Contents/Home/jre/lib/ext/zipfs.jar:/Library/Java/JavaVirtualMachines/jdk1.8.0_60.jdk/Contents/Home/jre/lib/javaws.jar:/Library/Java/JavaVirtualMachines/jdk1.8.0_60.jdk/Contents/Home/jre/lib/jce.jar:/Library/Java/JavaVirtualMachines/jdk1.8.0_60.jdk/Contents/Home/jre/lib/jfr.jar:/Library/Java/JavaVirtualMachines/jdk1.8.0_60.jdk/Contents/Home/jre/lib/jfxswt.jar:/Library/Java/JavaVirtualMachines/jdk1.8.0_60.jdk/Contents/Home/jre/lib/jsse.jar:/Library/Java/JavaVirtualMachines/jdk1.8.0_60.jdk/Contents/Home/jre/lib/management-agent.jar:/Library/Java/JavaVirtualMachines/jdk1.8.0_60.jdk/Contents/Home/jre/lib/plugin.jar:/Library/Java/JavaVirtualMachines/jdk1.8.0_60.jdk/Contents/Home/jre/lib/resources.jar:/Library/Java/JavaVirtualMachines/jdk1.8.0_60.jdk/Contents/Home/jre/lib/rt.jar:/Library/Java/JavaVirtualMachines/jdk1.8.0_60.jdk/Contents/Home/lib/ant-javafx.jar:/Library/Java/JavaVirtualMachines/jdk1.8.0_60.jdk/Contents/Home/lib/dt.jar:/Library/Ja
Launcher Type: SUN_STANDARD

Environment Variables:
PATH=/Users/Heranort/Documents/cocos2d-x-3.10/templates:/Users/Heranort/Documents:/Users/Heranort/Documents/cocos2d-x-3.10/tools/cocos2d-console/bin:/opt/local/bin:/opt/local/sbin:/opt/local/bin:/opt/local/sbin:/opt/local/bin:/opt/local/sbin:/Library/Frameworks/Python.framework/Versions/2.7/bin:/Library/Frameworks/Python.framework/Versions/3.4/bin:/usr/local/bin:/usr/bin:/bin:/usr/sbin:/sbin:/opt/X11/bin:/Applications/Server.app/Contents/ServerRoot/usr/bin:/Applications/Server.app/Contents/ServerRoot/usr/sbin:/Applications/Racket v6.2/bin:/Library/TeX/texbin
SHELL=/bin/bash
DISPLAY=/private/tmp/com.apple.launchd.rILN6TYWgL/org.macosforge.xquartz:0

Signal Handlers:
SIGSEGV: [libjvm.dylib+0x5a6d31], sa_mask[0]=11111111011111110111111111111111, sa_flags=SA_ONSTACK|SA_RESTART|SA_SIGINFO
SIGBUS: [libjvm.dylib+0x5a6d31], sa_mask[0]=11111111011111110111111111111111, sa_flags=SA_RESTART|SA_SIGINFO
SIGFPE: [libjvm.dylib+0x480a4c], sa_mask[0]=11111111011111110111111111111111, sa_flags=SA_RESTART|SA_SIGINFO
SIGPIPE: [libjvm.dylib+0x480a4c], sa_mask[0]=11111111011111110111111111111111, sa_flags=SA_RESTART|SA_SIGINFO
SIGXFSZ: [libjvm.dylib+0x480a4c], sa_mask[0]=11111111011111110111111111111111, sa_flags=SA_RESTART|SA_SIGINFO
SIGILL: [libjvm.dylib+0x480a4c], sa_mask[0]=11111111011111110111111111111111, sa_flags=SA_RESTART|SA_SIGINFO
SIGUSR1: SIG_DFL, sa_mask[0]=00000000000000000000000000000000, sa_flags=none
SIGUSR2: [libjvm.dylib+0x48056a], sa_mask[0]=00100000000000000000000000000000, sa_flags=SA_RESTART|SA_SIGINFO
SIGHUP: [libjvm.dylib+0x47eb41], sa_mask[0]=11111111011111110111111111111111, sa_flags=SA_RESTART|SA_SIGINFO
SIGINT: [libjvm.dylib+0x47eb41], sa_mask[0]=11111111011111110111111111111111, sa_flags=SA_RESTART|SA_SIGINFO
SIGTERM: [libjvm.dylib+0x47eb41], sa_mask[0]=11111111011111110111111111111111, sa_flags=SA_RESTART|SA_SIGINFO
SIGQUIT: [libjvm.dylib+0x47eb41], sa_mask[0]=11111111011111110111111111111111, sa_flags=SA_RESTART|SA_SIGINFO


---------------  S Y S T E M  ---------------

OS:Bsduname:Darwin 15.3.0 Darwin Kernel Version 15.3.0: Thu Dec 10 18:40:58 PST 2015; root:xnu-3248.30.4~1/RELEASE_X86_64 x86_64
rlimit: STACK 8192k, CORE 0k, NPROC 709, NOFILE 10240, AS infinity
load average:4.15 3.85 3.57

CPU:total 4 (2 cores per cpu, 2 threads per core) family 6 model 61 stepping 4, cmov, cx8, fxsr, mmx, sse, sse2, sse3, ssse3, sse4.1, sse4.2, popcnt, avx, avx2, aes, clmul, erms, 3dnowpref, lzcnt, ht, tsc, tscinvbit, bmi1, bmi2, adx

Memory: 4k page, physical 8388608k(362152k free)

/proc/meminfo:


vm_info: Java HotSpot(TM) 64-Bit Server VM (25.60-b23) for bsd-amd64 JRE (1.8.0_60-b27), built on Aug  4 2015 10:47:24 by "java_re" with gcc 4.2.1 (Based on Apple Inc. build 5658) (LLVM build 2336.11.00)

time: Thu Nov 17 20:02:02 2016
elapsed time: 21 seconds (0d 0h 0m 21s)

