#
# A fatal error has been detected by the Java Runtime Environment:
#
#  SIGSEGV (0xb) at pc=0x0000000124930232, pid=12370, tid=13571
#
# JRE version: Java(TM) SE Runtime Environment (8.0_60-b27) (build 1.8.0_60-b27)
# Java VM: Java HotSpot(TM) 64-Bit Server VM (25.60-b23 mixed mode bsd-amd64 compressed oops)
# Problematic frame:
# C  [libopencv_imgproc.2.4.dylib+0x120232]  cv::HResizeLinear<unsigned char, int, short, 2048, cv::HResizeNoVec>::operator()(unsigned char const**, int**, int, int const*, short const*, int, int, int, int, int) const+0xd2
#
# Failed to write core dump. Core dumps have been disabled. To enable core dumping, try "ulimit -c unlimited" before starting Java again
#
# If you would like to submit a bug report, please visit:
#   http://bugreport.java.com/bugreport/crash.jsp
#

---------------  T H R E A D  ---------------

Current thread is native thread

siginfo: si_signo: 11 (SIGSEGV), si_code: 1 (SEGV_MAPERR), si_addr: 0x0000000000031380

Registers:
RAX=0x0000000000000000, RBX=0x0000700001beead0, RCX=0x0000000000000705, RDX=0x0000000000000000
RSP=0x00007000009b0b88, RBP=0x00007000009b0bb0, RSI=0x0000000000000800, RDI=0x00007000009b1c68
R8 =0x00007f84e5bad800, R9 =0x00007f84e5baf964, R10=0x0000000000031a88, R11=0x0000000000000000
R12=0x0000000000031380, R13=0x0000000000000705, R14=0x00007f84e51d2000, R15=0x0000000000000003
RIP=0x0000000124930232, EFLAGS=0x0000000000010246, ERR=0x0000000000000004
  TRAPNO=0x000000000000000e

Top of Stack: (sp=0x00007000009b0b88)
0x00007000009b0b88:   0000700001beead0 00007f84e5bb1744
0x00007000009b0b98:   0000000000000071 0000000000000000
0x00007000009b0ba8:   0000000000000070 00007000009b1de0
0x00007000009b0bb8:   0000000124930042 014401b400000708
0x00007000009b0bc8:   0001007100000708 02de032e00000003
0x00007000009b0bd8:   019b01eb00000000 005700a800000705
0x00007000009b0be8:   0000700001beead0 00000003027302c3
0x00007000009b0bf8:   00007000009b1df8 00007f84e5bb1744
0x00007000009b0c08:   0000000000000070 0000000000001c40
0x00007000009b0c18:   00007f8400000070 00007f84e51d2000
0x00007000009b0c28:   0000000000000e20 01ec023c028d02de
0x00007000009b0c38:   00a900fa014a019b 034603b703e70058
0x00007000009b0c48:   0203027402a50315 00c00131016201d2
0x00007000009b0c58:   039d03ee003f008f 025a02ab02fb034c
0x00007000009b0c68:   0117016801b80209 03d40024007500c6
0x00007000009b0c78:   029002e103320383 014d01be01ef0240
0x00007000009b0c88:   000a007b00ab011c 02c60337036803d9
0x00007000009b0c98:   018301f402250295 005f00b000e10152
0x00007000009b0ca8:   031c036d03be000e 03ee003f009000c0
0x00007000009b0cb8:   02ab02fc034d039e 014801b901ea025b
0x00007000009b0cc8:   0006007600a70118 02c30333036403d5
0x00007000009b0cd8:   018001f002210292 005c00ad00fe014f
0x00007000009b0ce8:   0319036a03bb000c 01d60227027802c8
0x00007000009b0cf8:   009300e401340185 035003a003f10042
0x00007000009b0d08:   020c027d02ae031f 00c9013a016a01db
0x00007000009b0d18:   038503f600270098 024202b302e40354
0x00007000009b0d28:   011e016f01a00211 01f10221029202c3
0x00007000009b0d38:   00ae00ff014f0180 034b03bc000c005d
0x00007000009b0d48:   0208027902a9031a 00c50136016701d7
0x00007000009b0d58:   038203f300240094 025f02b002e00351
0x00007000009b0d68:   011c016d01bd020e 03d90029007a00cb
0x00007000009b0d78:   029502e603370388 015201a301f40245 

Instructions: (pc=0x0000000124930232)
0x0000000124930212:   55 b8 31 d2 44 8b 7d 20 49 89 cd 0f 1f 00 49 63
0x0000000124930222:   04 90 49 89 f6 41 0f bf 34 91 45 0f bf 5c 91 02
0x0000000124930232:   41 0f b6 0c 04 0f af ce 49 63 ff 48 01 c7 41 0f
0x0000000124930242:   b6 1c 3c 41 0f af db 01 cb 41 0f b6 04 02 0f af 

Register to memory mapping:

RAX=0x0000000000000000 is an unknown value
RBX=0x0000700001beead0 is pointing into the stack for thread: 0x00007f84e418b000
RCX=0x0000000000000705 is an unknown value
RDX=0x0000000000000000 is an unknown value
RSP=0x00007000009b0b88 is an unknown value
RBP=0x00007000009b0bb0 is an unknown value
RSI=0x0000000000000800 is an unknown value
RDI=0x00007000009b1c68 is an unknown value
R8 =0x00007f84e5bad800 is an unknown value
R9 =0x00007f84e5baf964 is an unknown value
R10=0x0000000000031a88 is an unknown value
R11=0x0000000000000000 is an unknown value
R12=0x0000000000031380 is an unknown value
R13=0x0000000000000705 is an unknown value
R14=0x00007f84e51d2000 is an unknown value
R15=0x0000000000000003 is an unknown value


Stack: [0x0000700000932000,0x00007000009b2000],  sp=0x00007000009b0b88,  free space=506k
Native frames: (J=compiled Java code, j=interpreted, Vv=VM code, C=native code)
C  [libopencv_imgproc.2.4.dylib+0x120232]  cv::HResizeLinear<unsigned char, int, short, 2048, cv::HResizeNoVec>::operator()(unsigned char const**, int**, int, int const*, short const*, int, int, int, int, int) const+0xd2
C  [libopencv_imgproc.2.4.dylib+0x120042]  cv::resizeGeneric_Invoker<cv::HResizeLinear<unsigned char, int, short, 2048, cv::HResizeNoVec>, cv::VResizeLinear<unsigned char, int, short, cv::FixedPtCast<int, unsigned char, 22>, cv::VResizeLinearVec_32s8u> >::operator()(cv::Range const&) const+0x4c2
C  [libopencv_core.2.4.dylib+0x1c310b]  (anonymous namespace)::block_function(void*, unsigned long)+0x7b
C  [libdispatch.dylib+0x1402a]  _dispatch_client_callout2+0x8
C  [libdispatch.dylib+0x13f7b]  _dispatch_apply_invoke+0x57
C  [libdispatch.dylib+0x233f]  _dispatch_client_callout+0x8
C  [libdispatch.dylib+0x61cf]  _dispatch_root_queue_drain+0x762
C  [libdispatch.dylib+0x5a34]  _dispatch_worker_thread3+0x5b
C  [libsystem_pthread.dylib+0x368f]  _pthread_wqthread+0x469
C  [libsystem_pthread.dylib+0x1365]  start_wqthread+0xd


---------------  P R O C E S S  ---------------

VM state:not at safepoint (normal execution)

VM Mutex/Monitor currently owned by a thread: None

Heap:
 PSYoungGen      total 143872K, used 75845K [0x0000000795580000, 0x000000079f080000, 0x00000007c0000000)
  eden space 132096K, 48% used [0x0000000795580000,0x0000000799485718,0x000000079d680000)
  from space 11776K, 96% used [0x000000079e300000,0x000000079ee0c010,0x000000079ee80000)
  to   space 12800K, 0% used [0x000000079d680000,0x000000079d680000,0x000000079e300000)
 ParOldGen       total 87552K, used 16502K [0x0000000740000000, 0x0000000745580000, 0x0000000795580000)
  object space 87552K, 18% used [0x0000000740000000,0x000000074101d950,0x0000000745580000)
 Metaspace       used 10853K, capacity 11038K, committed 11136K, reserved 1058816K
  class space    used 1294K, capacity 1372K, committed 1408K, reserved 1048576K

Card table byte_map: [0x000000011bdc0000,0x000000011c1c1000] byte_map_base: 0x00000001183c0000

Marking Bits: (ParMarkBitMap*) 0x000000010b9a2e20
 Begin Bits: [0x000000011c46c000, 0x000000011e46c000)
 End Bits:   [0x000000011e46c000, 0x000000012046c000)

Polling page: 0x000000010c094000

CodeCache: size=245760Kb used=3263Kb max_used=3274Kb free=242496Kb
 bounds [0x000000010ca00000, 0x000000010cd40000, 0x000000011ba00000]
 total_blobs=1595 nmethods=931 adapters=578
 compilation: enabled

Compilation events (10 events):
Event: 15.789 Thread 0x00007f84e487b800  927       3       java.nio.Bits::byteOrder (20 bytes)
Event: 15.789 Thread 0x00007f84e487b800 nmethod 927 0x000000010cd31f10 code [0x000000010cd32080, 0x000000010cd321d0]
Event: 15.806 Thread 0x00007f84e487b800  928       3       java.lang.Math::ceil (5 bytes)
Event: 15.806 Thread 0x00007f84e487b800 nmethod 928 0x000000010cd31ad0 code [0x000000010cd31c80, 0x000000010cd31e48]
Event: 15.806 Thread 0x00007f84e487b800  929       3       java.lang.StrictMath::ceil (10 bytes)
Event: 15.806 Thread 0x00007f84e487b800 nmethod 929 0x000000010cd31710 code [0x000000010cd318a0, 0x000000010cd31a28]
Event: 15.842 Thread 0x00007f84e4810000  930 %     4       org.opencv.core.MatOfPoint::toArray @ 34 (75 bytes)
Event: 15.848 Thread 0x00007f84e480f800  931  s    4       java.util.Vector::elementAt (48 bytes)
Event: 15.849 Thread 0x00007f84e4810000 nmethod 930% 0x000000010cd2fa90 code [0x000000010cd2fc00, 0x000000010cd2ffb8]
Event: 15.850 Thread 0x00007f84e480f800 nmethod 931 0x000000010cd33f90 code [0x000000010cd340e0, 0x000000010cd34358]

GC Heap History (10 events):
Event: 5.832 GC heap before
{Heap before GC invocations=2 (full 0):
 PSYoungGen      total 38400K, used 38398K [0x0000000795580000, 0x0000000798000000, 0x00000007c0000000)
  eden space 33280K, 100% used [0x0000000795580000,0x0000000797600000,0x0000000797600000)
  from space 5120K, 99% used [0x0000000797600000,0x0000000797affbf8,0x0000000797b00000)
  to   space 5120K, 0% used [0x0000000797b00000,0x0000000797b00000,0x0000000798000000)
 ParOldGen       total 87552K, used 2046K [0x0000000740000000, 0x0000000745580000, 0x0000000795580000)
  object space 87552K, 2% used [0x0000000740000000,0x00000007401ffa68,0x0000000745580000)
 Metaspace       used 10533K, capacity 10714K, committed 10880K, reserved 1058816K
  class space    used 1258K, capacity 1334K, committed 1408K, reserved 1048576K
Event: 5.870 GC heap after
Heap after GC invocations=2 (full 0):
 PSYoungGen      total 38400K, used 5093K [0x0000000795580000, 0x000000079a080000, 0x00000007c0000000)
  eden space 33280K, 0% used [0x0000000795580000,0x0000000795580000,0x0000000797600000)
  from space 5120K, 99% used [0x0000000797b00000,0x0000000797ff9750,0x0000000798000000)
  to   space 5120K, 0% used [0x0000000797600000,0x0000000797600000,0x0000000797b00000)
 ParOldGen       total 87552K, used 4374K [0x0000000740000000, 0x0000000745580000, 0x0000000795580000)
  object space 87552K, 4% used [0x0000000740000000,0x0000000740445a68,0x0000000745580000)
 Metaspace       used 10533K, capacity 10714K, committed 10880K, reserved 1058816K
  class space    used 1258K, capacity 1334K, committed 1408K, reserved 1048576K
}
Event: 7.170 GC heap before
{Heap before GC invocations=3 (full 0):
 PSYoungGen      total 38400K, used 38373K [0x0000000795580000, 0x000000079a080000, 0x00000007c0000000)
  eden space 33280K, 100% used [0x0000000795580000,0x0000000797600000,0x0000000797600000)
  from space 5120K, 99% used [0x0000000797b00000,0x0000000797ff9750,0x0000000798000000)
  to   space 5120K, 0% used [0x0000000797600000,0x0000000797600000,0x0000000797b00000)
 ParOldGen       total 87552K, used 4486K [0x0000000740000000, 0x0000000745580000, 0x0000000795580000)
  object space 87552K, 5% used [0x0000000740000000,0x0000000740461950,0x0000000745580000)
 Metaspace       used 10644K, capacity 10842K, committed 11136K, reserved 1058816K
  class space    used 1276K, capacity 1334K, committed 1408K, reserved 1048576K
Event: 7.196 GC heap after
Heap after GC invocations=3 (full 0):
 PSYoungGen      total 38400K, used 5107K [0x0000000795580000, 0x000000079a080000, 0x00000007c0000000)
  eden space 33280K, 0% used [0x0000000795580000,0x0000000795580000,0x0000000797600000)
  from space 5120K, 99% used [0x0000000797600000,0x0000000797afcf68,0x0000000797b00000)
  to   space 5120K, 0% used [0x0000000799b80000,0x0000000799b80000,0x000000079a080000)
 ParOldGen       total 87552K, used 6278K [0x0000000740000000, 0x0000000745580000, 0x0000000795580000)
  object space 87552K, 7% used [0x0000000740000000,0x0000000740621950,0x0000000745580000)
 Metaspace       used 10644K, capacity 10842K, committed 11136K, reserved 1058816K
  class space    used 1276K, capacity 1334K, committed 1408K, reserved 1048576K
}
Event: 8.524 GC heap before
{Heap before GC invocations=4 (full 0):
 PSYoungGen      total 38400K, used 38387K [0x0000000795580000, 0x000000079a080000, 0x00000007c0000000)
  eden space 33280K, 100% used [0x0000000795580000,0x0000000797600000,0x0000000797600000)
  from space 5120K, 99% used [0x0000000797600000,0x0000000797afcf68,0x0000000797b00000)
  to   space 5120K, 0% used [0x0000000799b80000,0x0000000799b80000,0x000000079a080000)
 ParOldGen       total 87552K, used 6278K [0x0000000740000000, 0x0000000745580000, 0x0000000795580000)
  object space 87552K, 7% used [0x0000000740000000,0x0000000740621950,0x0000000745580000)
 Metaspace       used 10677K, capacity 10874K, committed 11136K, reserved 1058816K
  class space    used 1281K, capacity 1366K, committed 1408K, reserved 1048576K
Event: 8.553 GC heap after
Heap after GC invocations=4 (full 0):
 PSYoungGen      total 71680K, used 5115K [0x0000000795580000, 0x000000079a080000, 0x00000007c0000000)
  eden space 66560K, 0% used [0x0000000795580000,0x0000000795580000,0x0000000799680000)
  from space 5120K, 99% used [0x0000000799b80000,0x000000079a07ee38,0x000000079a080000)
  to   space 5120K, 0% used [0x0000000799680000,0x0000000799680000,0x0000000799b80000)
 ParOldGen       total 87552K, used 9678K [0x0000000740000000, 0x0000000745580000, 0x0000000795580000)
  object space 87552K, 11% used [0x0000000740000000,0x0000000740973950,0x0000000745580000)
 Metaspace       used 10677K, capacity 10874K, committed 11136K, reserved 1058816K
  class space    used 1281K, capacity 1366K, committed 1408K, reserved 1048576K
}
Event: 11.100 GC heap before
{Heap before GC invocations=5 (full 0):
 PSYoungGen      total 71680K, used 71675K [0x0000000795580000, 0x000000079a080000, 0x00000007c0000000)
  eden space 66560K, 100% used [0x0000000795580000,0x0000000799680000,0x0000000799680000)
  from space 5120K, 99% used [0x0000000799b80000,0x000000079a07ee38,0x000000079a080000)
  to   space 5120K, 0% used [0x0000000799680000,0x0000000799680000,0x0000000799b80000)
 ParOldGen       total 87552K, used 9678K [0x0000000740000000, 0x0000000745580000, 0x0000000795580000)
  object space 87552K, 11% used [0x0000000740000000,0x0000000740973950,0x0000000745580000)
 Metaspace       used 10789K, capacity 10966K, committed 11136K, reserved 1058816K
  class space    used 1294K, capacity 1372K, committed 1408K, reserved 1048576K
Event: 11.151 GC heap after
Heap after GC invocations=5 (full 0):
 PSYoungGen      total 71680K, used 5120K [0x0000000795580000, 0x000000079ee80000, 0x00000007c0000000)
  eden space 66560K, 0% used [0x0000000795580000,0x0000000795580000,0x0000000799680000)
  from space 5120K, 100% used [0x0000000799680000,0x0000000799b80000,0x0000000799b80000)
  to   space 11776K, 0% used [0x000000079e300000,0x000000079e300000,0x000000079ee80000)
 ParOldGen       total 87552K, used 16494K [0x0000000740000000, 0x0000000745580000, 0x0000000795580000)
  object space 87552K, 18% used [0x0000000740000000,0x000000074101b950,0x0000000745580000)
 Metaspace       used 10789K, capacity 10966K, committed 11136K, reserved 1058816K
  class space    used 1294K, capacity 1372K, committed 1408K, reserved 1048576K
}
Event: 13.493 GC heap before
{Heap before GC invocations=6 (full 0):
 PSYoungGen      total 71680K, used 71680K [0x0000000795580000, 0x000000079ee80000, 0x00000007c0000000)
  eden space 66560K, 100% used [0x0000000795580000,0x0000000799680000,0x0000000799680000)
  from space 5120K, 100% used [0x0000000799680000,0x0000000799b80000,0x0000000799b80000)
  to   space 11776K, 0% used [0x000000079e300000,0x000000079e300000,0x000000079ee80000)
 ParOldGen       total 87552K, used 16494K [0x0000000740000000, 0x0000000745580000, 0x0000000795580000)
  object space 87552K, 18% used [0x0000000740000000,0x000000074101b950,0x0000000745580000)
 Metaspace       used 10827K, capacity 11038K, committed 11136K, reserved 1058816K
  class space    used 1294K, capacity 1372K, committed 1408K, reserved 1048576K
Event: 13.541 GC heap after
Heap after GC invocations=6 (full 0):
 PSYoungGen      total 143872K, used 11312K [0x0000000795580000, 0x000000079f080000, 0x00000007c0000000)
  eden space 132096K, 0% used [0x0000000795580000,0x0000000795580000,0x000000079d680000)
  from space 11776K, 96% used [0x000000079e300000,0x000000079ee0c010,0x000000079ee80000)
  to   space 12800K, 0% used [0x000000079d680000,0x000000079d680000,0x000000079e300000)
 ParOldGen       total 87552K, used 16502K [0x0000000740000000, 0x0000000745580000, 0x0000000795580000)
  object space 87552K, 18% used [0x0000000740000000,0x000000074101d950,0x0000000745580000)
 Metaspace       used 10827K, capacity 11038K, committed 11136K, reserved 1058816K
  class space    used 1294K, capacity 1372K, committed 1408K, reserved 1048576K
}

Deoptimization events (10 events):
Event: 4.467 Thread 0x00007f84e4035000 Uncommon trap: reason=unstable_if action=reinterpret pc=0x000000010cc5882c method=java.lang.ref.ReferenceQueue.remove(J)Ljava/lang/ref/Reference; @ 31
Event: 4.467 Thread 0x00007f84e4035000 Uncommon trap: reason=unstable_if action=reinterpret pc=0x000000010cc597d0 method=java.lang.ref.ReferenceQueue.remove(J)Ljava/lang/ref/Reference; @ 31
Event: 4.518 Thread 0x00007f84e500d000 Uncommon trap: reason=class_check action=maybe_recompile pc=0x000000010cc5758c method=java.lang.ref.ReferenceQueue.enqueue(Ljava/lang/ref/Reference;)Z @ 91
Event: 4.518 Thread 0x00007f84e500d000 Uncommon trap: reason=class_check action=maybe_recompile pc=0x000000010cc5758c method=java.lang.ref.ReferenceQueue.enqueue(Ljava/lang/ref/Reference;)Z @ 91
Event: 4.519 Thread 0x00007f84e500d000 Uncommon trap: reason=class_check action=maybe_recompile pc=0x000000010cc5758c method=java.lang.ref.ReferenceQueue.enqueue(Ljava/lang/ref/Reference;)Z @ 91
Event: 4.519 Thread 0x00007f84e500d000 Uncommon trap: reason=class_check action=maybe_recompile pc=0x000000010cc5758c method=java.lang.ref.ReferenceQueue.enqueue(Ljava/lang/ref/Reference;)Z @ 91
Event: 7.223 Thread 0x00007f84e500d000 Uncommon trap: reason=unstable_if action=reinterpret pc=0x000000010cc8b6a8 method=java.lang.ref.Reference$ReferenceHandler.run()V @ 9
Event: 9.815 Thread 0x00007f84e418b000 Uncommon trap: reason=unstable_if action=reinterpret pc=0x000000010cca012c method=java.util.stream.ReferencePipeline$2$1.accept(Ljava/lang/Object;)V @ 13
Event: 9.934 Thread 0x00007f84e418b000 Uncommon trap: reason=unstable_if action=reinterpret pc=0x000000010cc377f0 method=java.util.stream.ReferencePipeline$2$1.accept(Ljava/lang/Object;)V @ 13
Event: 10.834 Thread 0x00007f84e418b000 Uncommon trap: reason=unstable_if action=reinterpret pc=0x000000010cc9a7fc method=java.util.stream.ReferencePipeline$2$1.accept(Ljava/lang/Object;)V @ 13

Internal exceptions (10 events):
Event: 0.837 Thread 0x00007f84e5004800 Exception <a 'java/security/PrivilegedActionException'> (0x00000007958c3538) thrown at [/Users/java_re/workspace/8-2-build-macosx-x86_64/jdk8u60/4407/hotspot/src/share/vm/prims/jvm.cpp, line 1386]
Event: 1.015 Thread 0x00007f84e5004800 Exception <a 'java/lang/NoSuchFieldError': method resolution failed> (0x000000079599dc60) thrown at [/Users/java_re/workspace/8-2-build-macosx-x86_64/jdk8u60/4407/hotspot/src/share/vm/prims/methodHandles.cpp, line 1146]
Event: 1.038 Thread 0x00007f84e5004800 Exception <a 'java/lang/NoSuchFieldError': method resolution failed> (0x00000007959ab430) thrown at [/Users/java_re/workspace/8-2-build-macosx-x86_64/jdk8u60/4407/hotspot/src/share/vm/prims/methodHandles.cpp, line 1146]
Event: 1.305 Thread 0x00007f84e5004800 Exception <a 'java/io/FileNotFoundException'> (0x0000000795a27208) thrown at [/Users/java_re/workspace/8-2-build-macosx-x86_64/jdk8u60/4407/hotspot/src/share/vm/prims/jni.cpp, line 709]
Event: 1.305 Thread 0x00007f84e5004800 Exception <a 'java/io/FileNotFoundException'> (0x0000000795a27d68) thrown at [/Users/java_re/workspace/8-2-build-macosx-x86_64/jdk8u60/4407/hotspot/src/share/vm/prims/jni.cpp, line 709]
Event: 4.467 Thread 0x00007f84e4035000 Implicit null exception at 0x000000010cc585af to 0x000000010cc5881f
Event: 4.467 Thread 0x00007f84e4035000 Implicit null exception at 0x000000010cc59533 to 0x000000010cc597c5
Event: 4.492 Thread 0x00007f84e4035000 Exception <a 'java/lang/NullPointerException'> (0x0000000795662e20) thrown at [/Users/java_re/workspace/8-2-build-macosx-x86_64/jdk8u60/4407/hotspot/src/share/vm/interpreter/linkResolver.cpp, line 1178]
Event: 7.223 Thread 0x00007f84e500d000 Implicit null exception at 0x000000010cc8afd4 to 0x000000010cc8b699
Event: 9.831 Thread 0x00007f84e418b000 Exception <a 'java/lang/NoSuchMethodError': java.lang.Object.lambda$minBy$23(Ljava/util/Comparator;Ljava/lang/Object;Ljava/lang/Object;)Ljava/lang/Object;> (0x0000000797673168) thrown at [/Users/java_re/workspace/8-2-build-macosx-x86_64/jdk8u60/4407/hotsp

Events (10 events):
Event: 10.834 Thread 0x00007f84e418b000 DEOPT UNPACKING pc=0x000000010ca47633 sp=0x0000700001bf4400 mode 0
Event: 10.834 Thread 0x00007f84e418b000 Uncommon trap: trap_request=0xffffff65 fr.pc=0x000000010cc9a7fc
Event: 10.834 Thread 0x00007f84e418b000 DEOPT PACKING pc=0x000000010cc9a7fc sp=0x0000700001bf46a0
Event: 10.834 Thread 0x00007f84e418b000 DEOPT UNPACKING pc=0x000000010ca05229 sp=0x0000700001bf4628 mode 2
Event: 11.100 Executing VM operation: ParallelGCFailedAllocation
Event: 11.151 Executing VM operation: ParallelGCFailedAllocation done
Event: 12.828 Thread 0x00007f84e418b000 DEOPT PACKING pc=0x000000010ccca76f sp=0x0000700001bf46d0
Event: 12.828 Thread 0x00007f84e418b000 DEOPT UNPACKING pc=0x000000010ca47633 sp=0x0000700001bf4430 mode 0
Event: 13.493 Executing VM operation: ParallelGCFailedAllocation
Event: 13.541 Executing VM operation: ParallelGCFailedAllocation done


Dynamic libraries:
0x0000000005bff000 	/System/Library/Frameworks/Cocoa.framework/Versions/A/Cocoa
0x0000000005bff000 	/System/Library/Frameworks/Security.framework/Versions/A/Security
0x0000000005bff000 	/System/Library/Frameworks/ApplicationServices.framework/Versions/A/ApplicationServices
0x0000000005bff000 	/usr/lib/libz.1.dylib
0x0000000005bff000 	/usr/lib/libSystem.B.dylib
0x0000000005bff000 	/usr/lib/libobjc.A.dylib
0x0000000005bff000 	/System/Library/Frameworks/CoreFoundation.framework/Versions/A/CoreFoundation
0x0000000005bff000 	/System/Library/Frameworks/Foundation.framework/Versions/C/Foundation
0x0000000005bff000 	/System/Library/Frameworks/AppKit.framework/Versions/C/AppKit
0x0000000005bff000 	/System/Library/Frameworks/CoreData.framework/Versions/A/CoreData
0x0000000005bff000 	/System/Library/PrivateFrameworks/RemoteViewServices.framework/Versions/A/RemoteViewServices
0x0000000005bff000 	/System/Library/PrivateFrameworks/UIFoundation.framework/Versions/A/UIFoundation
0x0000000005bff000 	/usr/lib/libScreenReader.dylib
0x0000000005bff000 	/System/Library/Frameworks/Accelerate.framework/Versions/A/Accelerate
0x0000000005bff000 	/System/Library/Frameworks/IOSurface.framework/Versions/A/IOSurface
0x0000000005bff000 	/System/Library/Frameworks/AudioToolbox.framework/Versions/A/AudioToolbox
0x0000000005bff000 	/System/Library/Frameworks/AudioUnit.framework/Versions/A/AudioUnit
0x0000000005bff000 	/System/Library/PrivateFrameworks/DataDetectorsCore.framework/Versions/A/DataDetectorsCore
0x0000000005bff000 	/System/Library/PrivateFrameworks/DesktopServicesPriv.framework/Versions/A/DesktopServicesPriv
0x0000000005bff000 	/System/Library/Frameworks/Carbon.framework/Versions/A/Frameworks/HIToolbox.framework/Versions/A/HIToolbox
0x0000000005bff000 	/System/Library/Frameworks/QuartzCore.framework/Versions/A/QuartzCore
0x0000000005bff000 	/System/Library/Frameworks/Carbon.framework/Versions/A/Frameworks/SpeechRecognition.framework/Versions/A/SpeechRecognition
0x0000000005bff000 	/usr/lib/libauto.dylib
0x0000000005bff000 	/usr/lib/libicucore.A.dylib
0x0000000005bff000 	/usr/lib/libxml2.2.dylib
0x0000000005bff000 	/System/Library/PrivateFrameworks/CoreUI.framework/Versions/A/CoreUI
0x0000000005bff000 	/System/Library/Frameworks/CoreAudio.framework/Versions/A/CoreAudio
0x0000000005bff000 	/System/Library/Frameworks/DiskArbitration.framework/Versions/A/DiskArbitration
0x0000000005bff000 	/usr/lib/liblangid.dylib
0x0000000005bff000 	/System/Library/PrivateFrameworks/MultitouchSupport.framework/Versions/A/MultitouchSupport
0x0000000005bff000 	/System/Library/Frameworks/IOKit.framework/Versions/A/IOKit
0x0000000005bff000 	/usr/lib/libDiagnosticMessagesClient.dylib
0x0000000005bff000 	/System/Library/Frameworks/CoreServices.framework/Versions/A/CoreServices
0x0000000005bff000 	/System/Library/PrivateFrameworks/PerformanceAnalysis.framework/Versions/A/PerformanceAnalysis
0x0000000005bff000 	/System/Library/PrivateFrameworks/GenerationalStorage.framework/Versions/A/GenerationalStorage
0x0000000005bff000 	/System/Library/Frameworks/OpenGL.framework/Versions/A/OpenGL
0x0000000005bff000 	/System/Library/PrivateFrameworks/Sharing.framework/Versions/A/Sharing
0x0000000005bff000 	/System/Library/Frameworks/CoreGraphics.framework/Versions/A/CoreGraphics
0x0000000005bff000 	/System/Library/Frameworks/CoreImage.framework/Versions/A/CoreImage
0x0000000005bff000 	/System/Library/Frameworks/CoreText.framework/Versions/A/CoreText
0x0000000005bff000 	/System/Library/Frameworks/ImageIO.framework/Versions/A/ImageIO
0x0000000005bff000 	/System/Library/PrivateFrameworks/Backup.framework/Versions/A/Backup
0x0000000005bff000 	/usr/lib/libextension.dylib
0x0000000005bff000 	/usr/lib/libarchive.2.dylib
0x0000000005bff000 	/System/Library/Frameworks/CFNetwork.framework/Versions/A/CFNetwork
0x0000000005bff000 	/System/Library/Frameworks/SystemConfiguration.framework/Versions/A/SystemConfiguration
0x0000000005bff000 	/usr/lib/libCRFSuite.dylib
0x0000000005bff000 	/usr/lib/libc++.1.dylib
0x0000000005bff000 	/usr/lib/libc++abi.dylib
0x0000000005bff000 	/usr/lib/system/libcache.dylib
0x0000000005bff000 	/usr/lib/system/libcommonCrypto.dylib
0x0000000005bff000 	/usr/lib/system/libcompiler_rt.dylib
0x0000000005bff000 	/usr/lib/system/libcopyfile.dylib
0x0000000005bff000 	/usr/lib/system/libcorecrypto.dylib
0x0000000005bff000 	/usr/lib/system/libdispatch.dylib
0x0000000005bff000 	/usr/lib/system/libdyld.dylib
0x0000000005bff000 	/usr/lib/system/libkeymgr.dylib
0x0000000005bff000 	/usr/lib/system/liblaunch.dylib
0x0000000005bff000 	/usr/lib/system/libmacho.dylib
0x0000000005bff000 	/usr/lib/system/libquarantine.dylib
0x0000000005bff000 	/usr/lib/system/libremovefile.dylib
0x0000000005bff000 	/usr/lib/system/libsystem_asl.dylib
0x0000000005bff000 	/usr/lib/system/libsystem_blocks.dylib
0x0000000005bff000 	/usr/lib/system/libsystem_c.dylib
0x0000000005bff000 	/usr/lib/system/libsystem_configuration.dylib
0x0000000005bff000 	/usr/lib/system/libsystem_coreservices.dylib
0x0000000005bff000 	/usr/lib/system/libsystem_coretls.dylib
0x0000000005bff000 	/usr/lib/system/libsystem_dnssd.dylib
0x0000000005bff000 	/usr/lib/system/libsystem_info.dylib
0x0000000005bff000 	/usr/lib/system/libsystem_kernel.dylib
0x0000000005bff000 	/usr/lib/system/libsystem_m.dylib
0x0000000005bff000 	/usr/lib/system/libsystem_malloc.dylib
0x0000000005bff000 	/usr/lib/system/libsystem_network.dylib
0x0000000005bff000 	/usr/lib/system/libsystem_networkextension.dylib
0x0000000005bff000 	/usr/lib/system/libsystem_notify.dylib
0x0000000005bff000 	/usr/lib/system/libsystem_platform.dylib
0x0000000005bff000 	/usr/lib/system/libsystem_pthread.dylib
0x0000000005bff000 	/usr/lib/system/libsystem_sandbox.dylib
0x0000000005bff000 	/usr/lib/system/libsystem_secinit.dylib
0x0000000005bff000 	/usr/lib/system/libsystem_trace.dylib
0x0000000005bff000 	/usr/lib/system/libunc.dylib
0x0000000005bff000 	/usr/lib/system/libunwind.dylib
0x0000000005bff000 	/usr/lib/system/libxpc.dylib
0x0000000005bff000 	/usr/lib/libenergytrace.dylib
0x0000000005bff000 	/usr/lib/libbsm.0.dylib
0x0000000005bff000 	/usr/lib/system/libkxld.dylib
0x0000000005bff000 	/usr/lib/libxar.1.dylib
0x0000000005bff000 	/usr/lib/libsqlite3.dylib
0x0000000005bff000 	/usr/lib/libpam.2.dylib
0x0000000005bff000 	/usr/lib/libOpenScriptingUtil.dylib
0x0000000005bff000 	/usr/lib/libbz2.1.0.dylib
0x0000000005bff000 	/usr/lib/liblzma.5.dylib
0x0000000005bff000 	/System/Library/Frameworks/CoreServices.framework/Versions/A/Frameworks/FSEvents.framework/Versions/A/FSEvents
0x0000000005bff000 	/System/Library/Frameworks/CoreServices.framework/Versions/A/Frameworks/CarbonCore.framework/Versions/A/CarbonCore
0x0000000005bff000 	/System/Library/Frameworks/CoreServices.framework/Versions/A/Frameworks/Metadata.framework/Versions/A/Metadata
0x0000000005bff000 	/System/Library/Frameworks/CoreServices.framework/Versions/A/Frameworks/OSServices.framework/Versions/A/OSServices
0x0000000005bff000 	/System/Library/Frameworks/CoreServices.framework/Versions/A/Frameworks/SearchKit.framework/Versions/A/SearchKit
0x0000000005bff000 	/System/Library/Frameworks/CoreServices.framework/Versions/A/Frameworks/AE.framework/Versions/A/AE
0x0000000005bff000 	/System/Library/Frameworks/CoreServices.framework/Versions/A/Frameworks/LaunchServices.framework/Versions/A/LaunchServices
0x0000000005bff000 	/System/Library/Frameworks/CoreServices.framework/Versions/A/Frameworks/DictionaryServices.framework/Versions/A/DictionaryServices
0x0000000005bff000 	/System/Library/Frameworks/CoreServices.framework/Versions/A/Frameworks/SharedFileList.framework/Versions/A/SharedFileList
0x0000000005bff000 	/System/Library/Frameworks/NetFS.framework/Versions/A/NetFS
0x0000000005bff000 	/System/Library/PrivateFrameworks/NetAuth.framework/Versions/A/NetAuth
0x0000000005bff000 	/System/Library/PrivateFrameworks/login.framework/Versions/A/Frameworks/loginsupport.framework/Versions/A/loginsupport
0x0000000005bff000 	/System/Library/PrivateFrameworks/TCC.framework/Versions/A/TCC
0x0000000005bff000 	/usr/lib/libmecabra.dylib
0x0000000005bff000 	/System/Library/Frameworks/ApplicationServices.framework/Versions/A/Frameworks/ATS.framework/Versions/A/ATS
0x0000000005bff000 	/System/Library/Frameworks/ApplicationServices.framework/Versions/A/Frameworks/ColorSync.framework/Versions/A/ColorSync
0x0000000005bff000 	/System/Library/Frameworks/ApplicationServices.framework/Versions/A/Frameworks/HIServices.framework/Versions/A/HIServices
0x0000000005bff000 	/System/Library/Frameworks/ApplicationServices.framework/Versions/A/Frameworks/LangAnalysis.framework/Versions/A/LangAnalysis
0x0000000005bff000 	/System/Library/Frameworks/ApplicationServices.framework/Versions/A/Frameworks/PrintCore.framework/Versions/A/PrintCore
0x0000000005bff000 	/System/Library/Frameworks/ApplicationServices.framework/Versions/A/Frameworks/QD.framework/Versions/A/QD
0x0000000005bff000 	/System/Library/Frameworks/ApplicationServices.framework/Versions/A/Frameworks/SpeechSynthesis.framework/Versions/A/SpeechSynthesis
0x0000000005bff000 	/System/Library/Frameworks/Metal.framework/Versions/A/Metal
0x0000000005bff000 	/System/Library/Frameworks/Accelerate.framework/Versions/A/Frameworks/vImage.framework/Versions/A/vImage
0x0000000005bff000 	/System/Library/Frameworks/Accelerate.framework/Versions/A/Frameworks/vecLib.framework/Versions/A/vecLib
0x0000000005bff000 	/System/Library/Frameworks/Accelerate.framework/Versions/A/Frameworks/vecLib.framework/Versions/A/libvDSP.dylib
0x0000000005bff000 	/System/Library/Frameworks/Accelerate.framework/Versions/A/Frameworks/vecLib.framework/Versions/A/libvMisc.dylib
0x0000000005bff000 	/System/Library/Frameworks/Accelerate.framework/Versions/A/Frameworks/vecLib.framework/Versions/A/libLAPACK.dylib
0x0000000005bff000 	/System/Library/Frameworks/Accelerate.framework/Versions/A/Frameworks/vecLib.framework/Versions/A/libBLAS.dylib
0x0000000005bff000 	/System/Library/Frameworks/Accelerate.framework/Versions/A/Frameworks/vecLib.framework/Versions/A/libLinearAlgebra.dylib
0x0000000005bff000 	/System/Library/Frameworks/Accelerate.framework/Versions/A/Frameworks/vecLib.framework/Versions/A/libSparseBLAS.dylib
0x0000000005bff000 	/System/Library/PrivateFrameworks/GPUCompiler.framework/libmetal_timestamp.dylib
0x0000000005bff000 	/System/Library/Frameworks/OpenGL.framework/Versions/A/Libraries/libCoreFSCache.dylib
0x0000000005bff000 	/System/Library/PrivateFrameworks/IOAccelerator.framework/Versions/A/IOAccelerator
0x0000000005bff000 	/System/Library/Frameworks/ApplicationServices.framework/Versions/A/Frameworks/ATS.framework/Versions/A/Resources/libFontParser.dylib
0x0000000005bff000 	/System/Library/Frameworks/ApplicationServices.framework/Versions/A/Frameworks/ATS.framework/Versions/A/Resources/libFontRegistry.dylib
0x0000000005bff000 	/System/Library/PrivateFrameworks/AppleVPA.framework/Versions/A/AppleVPA
0x0000000005bff000 	/System/Library/PrivateFrameworks/AppleJPEG.framework/Versions/A/AppleJPEG
0x0000000005bff000 	/System/Library/Frameworks/ImageIO.framework/Versions/A/Resources/libJPEG.dylib
0x0000000005bff000 	/System/Library/Frameworks/ImageIO.framework/Versions/A/Resources/libTIFF.dylib
0x0000000005bff000 	/System/Library/Frameworks/ImageIO.framework/Versions/A/Resources/libPng.dylib
0x0000000005bff000 	/System/Library/Frameworks/ImageIO.framework/Versions/A/Resources/libGIF.dylib
0x0000000005bff000 	/System/Library/Frameworks/ImageIO.framework/Versions/A/Resources/libJP2.dylib
0x0000000005bff000 	/System/Library/Frameworks/ImageIO.framework/Versions/A/Resources/libRadiance.dylib
0x0000000005bff000 	/System/Library/Frameworks/CoreVideo.framework/Versions/A/CoreVideo
0x0000000005bff000 	/System/Library/Frameworks/OpenGL.framework/Versions/A/Libraries/libGLU.dylib
0x0000000005bff000 	/System/Library/Frameworks/OpenGL.framework/Versions/A/Libraries/libGFXShared.dylib
0x0000000005bff000 	/System/Library/Frameworks/OpenGL.framework/Versions/A/Libraries/libGL.dylib
0x0000000005bff000 	/System/Library/Frameworks/OpenGL.framework/Versions/A/Libraries/libGLImage.dylib
0x0000000005bff000 	/System/Library/Frameworks/OpenGL.framework/Versions/A/Libraries/libCVMSPluginSupport.dylib
0x0000000005bff000 	/System/Library/Frameworks/OpenGL.framework/Versions/A/Libraries/libCoreVMClient.dylib
0x0000000005bff000 	/usr/lib/libcups.2.dylib
0x0000000005bff000 	/System/Library/Frameworks/Kerberos.framework/Versions/A/Kerberos
0x0000000005bff000 	/System/Library/Frameworks/GSS.framework/Versions/A/GSS
0x0000000005bff000 	/usr/lib/libresolv.9.dylib
0x0000000005bff000 	/usr/lib/libiconv.2.dylib
0x0000000005bff000 	/System/Library/PrivateFrameworks/Heimdal.framework/Versions/A/Heimdal
0x0000000005bff000 	/usr/lib/libheimdal-asn1.dylib
0x0000000005bff000 	/System/Library/Frameworks/OpenDirectory.framework/Versions/A/OpenDirectory
0x0000000005bff000 	/System/Library/PrivateFrameworks/CommonAuth.framework/Versions/A/CommonAuth
0x0000000005bff000 	/System/Library/Frameworks/OpenDirectory.framework/Versions/A/Frameworks/CFOpenDirectory.framework/Versions/A/CFOpenDirectory
0x0000000005bff000 	/System/Library/Frameworks/SecurityFoundation.framework/Versions/A/SecurityFoundation
0x0000000005bff000 	/System/Library/PrivateFrameworks/LanguageModeling.framework/Versions/A/LanguageModeling
0x0000000005bff000 	/usr/lib/libmarisa.dylib
0x0000000005bff000 	/usr/lib/libChineseTokenizer.dylib
0x0000000005bff000 	/usr/lib/libcmph.dylib
0x0000000005bff000 	/usr/lib/libcompression.dylib
0x0000000005bff000 	/System/Library/Frameworks/ServiceManagement.framework/Versions/A/ServiceManagement
0x0000000005bff000 	/usr/lib/libxslt.1.dylib
0x0000000005bff000 	/System/Library/Frameworks/Carbon.framework/Versions/A/Frameworks/Ink.framework/Versions/A/Ink
0x0000000005bff000 	/usr/lib/libFosl_dynamic.dylib
0x0000000005bff000 	/System/Library/PrivateFrameworks/FaceCore.framework/Versions/A/FaceCore
0x0000000005bff000 	/System/Library/Frameworks/OpenCL.framework/Versions/A/OpenCL
0x0000000005bff000 	/System/Library/PrivateFrameworks/CrashReporterSupport.framework/Versions/A/CrashReporterSupport
0x0000000005bff000 	/System/Library/PrivateFrameworks/IconServices.framework/Versions/A/IconServices
0x0000000005bff000 	/System/Library/PrivateFrameworks/Apple80211.framework/Versions/A/Apple80211
0x0000000005bff000 	/System/Library/Frameworks/CoreWLAN.framework/Versions/A/CoreWLAN
0x0000000005bff000 	/System/Library/Frameworks/IOBluetooth.framework/Versions/A/IOBluetooth
0x0000000005bff000 	/System/Library/PrivateFrameworks/CoreWiFi.framework/Versions/A/CoreWiFi
0x0000000005bff000 	/System/Library/Frameworks/CoreBluetooth.framework/Versions/A/CoreBluetooth
0x0000000005bff000 	/System/Library/PrivateFrameworks/ChunkingLibrary.framework/Versions/A/ChunkingLibrary
0x0000000005bff000 	/System/Library/PrivateFrameworks/DebugSymbols.framework/Versions/A/DebugSymbols
0x0000000005bff000 	/System/Library/PrivateFrameworks/CoreSymbolication.framework/Versions/A/CoreSymbolication
0x0000000005bff000 	/System/Library/PrivateFrameworks/Symbolication.framework/Versions/A/Symbolication
0x0000000005bff000 	/System/Library/PrivateFrameworks/SpeechRecognitionCore.framework/Versions/A/SpeechRecognitionCore
0x000000010b080000 	/System/Library/CoreServices/Encodings/libSimplifiedChineseConverter.dylib
0x000000010b0c4000 	/Library/Java/JavaVirtualMachines/jdk1.8.0_60.jdk/Contents/Home/jre/lib/server/libjvm.dylib
0x0000000005bff000 	/usr/lib/libstdc++.6.dylib
0x000000010c051000 	/Library/Java/JavaVirtualMachines/jdk1.8.0_60.jdk/Contents/Home/jre/lib/libverify.dylib
0x000000010c05f000 	/Library/Java/JavaVirtualMachines/jdk1.8.0_60.jdk/Contents/Home/jre/lib/libjava.dylib
0x000000010c09e000 	/Library/Java/JavaVirtualMachines/jdk1.8.0_60.jdk/Contents/Home/jre/lib/libzip.dylib
0x0000000122221000 	/System/Library/Frameworks/JavaVM.framework/Frameworks/JavaRuntimeSupport.framework/JavaRuntimeSupport
0x000000010c1e9000 	/System/Library/Frameworks/JavaVM.framework/Versions/A/Frameworks/JavaNativeFoundation.framework/Versions/A/JavaNativeFoundation
0x000000012223c000 	/System/Library/Frameworks/JavaVM.framework/Versions/A/JavaVM
0x0000000005bff000 	/System/Library/Frameworks/Carbon.framework/Versions/A/Carbon
0x0000000122249000 	/System/Library/PrivateFrameworks/JavaLaunching.framework/Versions/A/JavaLaunching
0x0000000005bff000 	/System/Library/Frameworks/Carbon.framework/Versions/A/Frameworks/CommonPanels.framework/Versions/A/CommonPanels
0x0000000005bff000 	/System/Library/Frameworks/Carbon.framework/Versions/A/Frameworks/Help.framework/Versions/A/Help
0x0000000005bff000 	/System/Library/Frameworks/Carbon.framework/Versions/A/Frameworks/ImageCapture.framework/Versions/A/ImageCapture
0x0000000005bff000 	/System/Library/Frameworks/Carbon.framework/Versions/A/Frameworks/OpenScripting.framework/Versions/A/OpenScripting
0x0000000005bff000 	/System/Library/Frameworks/Carbon.framework/Versions/A/Frameworks/Print.framework/Versions/A/Print
0x0000000005bff000 	/System/Library/Frameworks/Carbon.framework/Versions/A/Frameworks/SecurityHI.framework/Versions/A/SecurityHI
0x0000000123c98000 	/Applications/IntelliJ IDEA CE.app/Contents/bin/libbreakgen64.jnilib
0x0000000123c9b000 	/Library/Java/JavaVirtualMachines/jdk1.8.0_60.jdk/Contents/Home/jre/lib/libnet.dylib
0x0000000123cfa000 	/usr/local/share/OpenCV/java/libopencv_java2413.dylib
0x0000000123db1000 	/usr/local/lib/libopencv_contrib.2.4.dylib
0x0000000123ec4000 	/usr/local/lib/libopencv_nonfree.2.4.dylib
0x0000000123f01000 	/usr/local/lib/libopencv_gpu.2.4.dylib
0x0000000123f25000 	/usr/local/lib/libopencv_legacy.2.4.dylib
0x0000000124038000 	/usr/local/lib/libopencv_photo.2.4.dylib
0x0000000124059000 	/usr/local/lib/libopencv_ocl.2.4.dylib
0x0000000124230000 	/usr/local/lib/libopencv_calib3d.2.4.dylib
0x000000012432c000 	/usr/local/lib/libopencv_features2d.2.4.dylib
0x00000001243d4000 	/usr/local/lib/libopencv_flann.2.4.dylib
0x000000012444d000 	/usr/local/lib/libopencv_ml.2.4.dylib
0x00000001244db000 	/usr/local/lib/libopencv_video.2.4.dylib
0x0000000124531000 	/usr/local/lib/libopencv_objdetect.2.4.dylib
0x00000001245b4000 	/usr/local/lib/libopencv_highgui.2.4.dylib
0x0000000124810000 	/usr/local/lib/libopencv_imgproc.2.4.dylib
0x0000000124b00000 	/usr/local/lib/libopencv_core.2.4.dylib
0x0000000124dc1000 	/opt/local/lib/libavcodec.56.dylib
0x00000001262a6000 	/opt/local/lib/libavformat.56.dylib
0x000000012646a000 	/opt/local/lib/libavutil.54.dylib
0x00000001264da000 	/opt/local/lib/libswscale.3.dylib
0x0000000126587000 	/opt/local/lib/libavresample.2.dylib
0x00000001265b8000 	/System/Library/Frameworks/VideoDecodeAcceleration.framework/Versions/A/VideoDecodeAcceleration
0x00000001265bf000 	/opt/local/lib/libbz2.1.0.dylib
0x0000000005bff000 	/System/Library/Frameworks/QTKit.framework/Versions/A/QTKit
0x00000001265d3000 	/opt/local/lib/libswresample.1.dylib
0x0000000005bff000 	/System/Library/Frameworks/AVFoundation.framework/Versions/A/AVFoundation
0x0000000005bff000 	/System/Library/Frameworks/CoreMedia.framework/Versions/A/CoreMedia
0x0000000005bff000 	/System/Library/Frameworks/VideoToolbox.framework/Versions/A/VideoToolbox
0x00000001265ff000 	/opt/local/lib/libiconv.2.dylib
0x0000000126700000 	/opt/local/lib/libxcb.1.dylib
0x000000012671e000 	/opt/local/lib/libxcb-shm.0.dylib
0x0000000126722000 	/opt/local/lib/libxcb-xfixes.0.dylib
0x0000000126729000 	/opt/local/lib/libxcb-render.0.dylib
0x0000000126732000 	/opt/local/lib/libxcb-shape.0.dylib
0x0000000126736000 	/opt/local/lib/libX11.6.dylib
0x000000012684f000 	/opt/local/lib/libSDL-1.2.0.dylib
0x00000001268b8000 	/opt/local/lib/libgmp.10.dylib
0x0000000126930000 	/opt/local/lib/libx264.148.dylib
0x0000000126abe000 	/opt/local/lib/libvorbisenc.2.dylib
0x0000000126b7e000 	/opt/local/lib/libvorbis.0.dylib
0x0000000126baa000 	/opt/local/lib/libogg.0.dylib
0x0000000126bb1000 	/opt/local/lib/libtheoraenc.1.dylib
0x0000000126bd9000 	/opt/local/lib/libtheoradec.1.dylib
0x0000000126be8000 	/opt/local/lib/libspeex.1.dylib
0x0000000126bff000 	/opt/local/lib/libsoxr.0.dylib
0x0000000126c5c000 	/opt/local/lib/libschroedinger-1.0.0.dylib
0x0000000126cfa000 	/opt/local/lib/libopus.0.dylib
0x0000000126d3f000 	/opt/local/lib/libopenjpeg.1.dylib
0x0000000126d64000 	/opt/local/lib/libmp3lame.0.dylib
0x0000000126dd2000 	/opt/local/lib/libmodplug.1.dylib
0x0000000126ec7000 	/opt/local/lib/libfribidi.0.dylib
0x0000000126ee0000 	/opt/local/lib/libglib-2.0.0.dylib
0x0000000126fcc000 	/opt/local/lib/libintl.8.dylib
0x0000000126fda000 	/opt/local/lib/libfreetype.6.dylib
0x000000012706a000 	/opt/local/lib/libfontconfig.1.dylib
0x00000001270a2000 	/opt/local/lib/libbluray.1.dylib
0x00000001270da000 	/opt/local/lib/libass.5.dylib
0x000000012710c000 	/opt/local/lib/libgnutls.28.dylib
0x000000012720f000 	/opt/local/lib/liblzma.5.dylib
0x0000000127231000 	/opt/local/lib/libz.1.dylib
0x0000000005bff000 	/System/Library/Frameworks/MediaToolbox.framework/Versions/A/MediaToolbox
0x0000000005bff000 	/System/Library/PrivateFrameworks/CoreMediaAuthoring.framework/Versions/A/CoreMediaAuthoring
0x0000000005bff000 	/System/Library/Frameworks/CoreMediaIO.framework/Versions/A/CoreMediaIO
0x0000000005bff000 	/System/Library/Frameworks/AVFoundation.framework/Versions/A/Resources/libAVFAudio.dylib
0x0000000005bff000 	/usr/lib/libspindump.dylib
0x0000000005bff000 	/System/Library/PrivateFrameworks/CoreAVCHD.framework/Versions/A/CoreAVCHD
0x0000000005bff000 	/System/Library/Frameworks/MediaAccessibility.framework/Versions/A/MediaAccessibility
0x0000000005bff000 	/System/Library/PrivateFrameworks/Mangrove.framework/Versions/A/Mangrove
0x0000000005bff000 	/System/Library/PrivateFrameworks/CoreAUC.framework/Versions/A/CoreAUC
0x0000000005bff000 	/System/Library/PrivateFrameworks/AppleVA.framework/Versions/A/AppleVA
0x0000000005bff000 	/System/Library/PrivateFrameworks/XPCService.framework/Versions/A/XPCService
0x0000000005bff000 	/System/Library/PrivateFrameworks/AppSandbox.framework/Versions/A/AppSandbox
0x0000000005bff000 	/usr/lib/libsandbox.1.dylib
0x0000000005bff000 	/System/Library/PrivateFrameworks/AppContainer.framework/Versions/A/AppContainer
0x0000000005bff000 	/System/Library/PrivateFrameworks/SecCodeWrapper.framework/Versions/A/SecCodeWrapper
0x0000000005bff000 	/usr/lib/libMatch.1.dylib
0x0000000127245000 	/opt/local/lib/libXau.6.dylib
0x0000000127249000 	/opt/local/lib/libXdmcp.6.dylib
0x000000012724f000 	/opt/local/lib/libXext.6.dylib
0x000000012725f000 	/opt/local/lib/libXrandr.2.dylib
0x000000012726a000 	/opt/local/lib/libXrender.1.dylib
0x0000000127274000 	/opt/local/lib/liborc-0.4.0.dylib
0x00000001272e7000 	/opt/local/lib/libpcre.1.dylib
0x0000000127352000 	/opt/local/lib/libpng16.16.dylib
0x000000012737e000 	/opt/local/lib/libexpat.1.dylib
0x000000012739e000 	/opt/local/lib/libxml2.2.dylib
0x00000001274c0000 	/opt/local/lib/libp11-kit.0.dylib
0x0000000127522000 	/opt/local/lib/libtasn1.6.dylib
0x0000000127532000 	/opt/local/lib/libnettle.6.dylib
0x0000000127577000 	/opt/local/lib/libhogweed.4.dylib
0x00000001275b3000 	/opt/local/lib/libffi.6.dylib
0x00000001285a4000 	/Library/Java/JavaVirtualMachines/jdk1.8.0_60.jdk/Contents/Home/jre/lib/libawt.dylib
0x000000012864c000 	/Library/Java/JavaVirtualMachines/jdk1.8.0_60.jdk/Contents/Home/jre/lib/./libmlib_image.dylib
0x0000000128718000 	/Library/Java/JavaVirtualMachines/jdk1.8.0_60.jdk/Contents/Home/jre/lib/libawt_lwawt.dylib
0x00000001287cd000 	/Library/Java/JavaVirtualMachines/jdk1.8.0_60.jdk/Contents/Home/jre/lib/./libosxapp.dylib
0x0000000005bff000 	/System/Library/Frameworks/ExceptionHandling.framework/Versions/A/ExceptionHandling
0x0000000005bff000 	/System/Library/PrivateFrameworks/CoreServicesInternal.framework/Versions/A/CoreServicesInternal
0x0000000005bff000 	/System/Library/Frameworks/CoreGraphics.framework/Versions/A/Resources/libRIP.A.dylib
0x0000000005bff000 	/System/Library/Frameworks/Accelerate.framework/Versions/A/Frameworks/vImage.framework/Versions/A/Libraries/libCGInterfaces.dylib
0x0000000005bff000 	/System/Library/PrivateFrameworks/FamilyControls.framework/Versions/A/FamilyControls
0x0000000005bff000 	/System/Library/PrivateFrameworks/CommerceKit.framework/Versions/A/Frameworks/CommerceCore.framework/Versions/A/CommerceCore
0x0000000005bff000 	/System/Library/PrivateFrameworks/SystemAdministration.framework/Versions/A/SystemAdministration
0x0000000005bff000 	/System/Library/Frameworks/DirectoryService.framework/Versions/A/DirectoryService
0x0000000005bff000 	/System/Library/PrivateFrameworks/DiskImages.framework/Versions/A/DiskImages
0x0000000005bff000 	/System/Library/PrivateFrameworks/LoginUIKit.framework/Versions/A/Frameworks/LoginUICore.framework/Versions/A/LoginUICore
0x0000000005bff000 	/usr/lib/libCoreStorage.dylib
0x0000000005bff000 	/usr/lib/libcsfde.dylib
0x0000000005bff000 	/usr/lib/libodfde.dylib
0x0000000005bff000 	/System/Library/Frameworks/DiscRecording.framework/Versions/A/DiscRecording
0x0000000005bff000 	/usr/lib/libcurl.4.dylib
0x0000000005bff000 	/System/Library/PrivateFrameworks/MediaKit.framework/Versions/A/MediaKit
0x0000000005bff000 	/System/Library/PrivateFrameworks/ProtectedCloudStorage.framework/Versions/A/ProtectedCloudStorage
0x0000000005bff000 	/System/Library/PrivateFrameworks/EFILogin.framework/Versions/A/EFILogin
0x0000000005bff000 	/usr/lib/libutil.dylib
0x0000000005bff000 	/System/Library/PrivateFrameworks/FindMyDevice.framework/Versions/A/FindMyDevice
0x0000000005bff000 	/System/Library/Frameworks/LDAP.framework/Versions/A/LDAP
0x0000000005bff000 	/usr/lib/libsasl2.2.dylib
0x0000000005bff000 	/System/Library/PrivateFrameworks/CoreDaemon.framework/Versions/B/CoreDaemon
0x0000000005bff000 	/usr/lib/libcrypto.0.9.8.dylib
0x0000000005bff000 	/System/Library/PrivateFrameworks/AppleSRP.framework/Versions/A/AppleSRP
0x0000000005bff000 	/System/Library/PrivateFrameworks/TrustEvaluationAgent.framework/Versions/A/TrustEvaluationAgent
0x0000000005bff000 	/System/Library/Frameworks/CoreGraphics.framework/Versions/A/Resources/libCGXType.A.dylib
0x0000000005bff000 	/System/Library/Frameworks/OpenCL.framework/Versions/A/Libraries/libcldcpuengine.dylib
0x0000000129a79000 	cl_kernels
0x0000000005bff000 	/System/Library/Frameworks/OpenCL.framework/Versions/A/Libraries/ImageFormats/unorm8_bgra.dylib
0x0000000005bff000 	/System/Library/Frameworks/OpenCL.framework/Versions/A/Libraries/ImageFormats/unorm8_rgba.dylib
0x0000000005bff000 	/System/Library/Frameworks/OpenGL.framework/Versions/A/Resources/GLEngine.bundle/GLEngine
0x0000000005bff000 	/System/Library/Frameworks/OpenGL.framework/Versions/A/Libraries/libGLProgrammability.dylib
0x000000012ba49000 	/System/Library/Extensions/AppleIntelBDWGraphicsGLDriver.bundle/Contents/MacOS/AppleIntelBDWGraphicsGLDriver
0x0000000005bff000 	/System/Library/PrivateFrameworks/GPUSupport.framework/Versions/A/Libraries/libGPUSupportMercury.dylib
0x0000000005bff000 	/System/Library/Frameworks/OpenGL.framework/Versions/A/Resources/GLRendererFloat.bundle/GLRendererFloat
0x000000012c9d4000 	/Library/Java/JavaVirtualMachines/jdk1.8.0_60.jdk/Contents/Home/jre/lib/libfontmanager.dylib
0x000000012ca3b000 	/Library/Java/JavaVirtualMachines/jdk1.8.0_60.jdk/Contents/Home/jre/lib/libosxui.dylib
0x000000012d49a000 	/System/Library/Extensions/AppleHDA.kext/Contents/PlugIns/AppleHDAHALPlugIn.bundle/Contents/MacOS/AppleHDAHALPlugIn
0x000000012d4a4000 	/Library/Audio/Plug-Ins/HAL/BartenderAudioPlugIn.plugin/Contents/MacOS/BartenderAudioPlugIn
0x000000012d4af000 	/Library/CoreMediaIO/Plug-Ins/DAL/AppleCamera.plugin/Contents/MacOS/AppleCamera
0x000000012d4da000 	/System/Library/Frameworks/CoreMediaIO.framework/Resources/VDC.plugin/Contents/MacOS/VDC
0x000000012d50a000 	/System/Library/Frameworks/CoreMediaIO.framework/Resources/CMIOUnits.bundle/Contents/MacOS/CMIOUnits
0x000000012d696000 	/System/Library/PrivateFrameworks/FWAVC.framework/Versions/A/FWAVC
0x0000000005bff000 	/System/Library/PrivateFrameworks/AppleGVA.framework/Versions/A/AppleGVA
0x0000000130e4e000 	/System/Library/Extensions/AppleIntelBDWGraphicsMTLDriver.bundle/Contents/MacOS/AppleIntelBDWGraphicsMTLDriver
0x0000000132159000 	/Library/Java/JavaVirtualMachines/jdk1.8.0_60.jdk/Contents/Home/jre/lib/libnio.dylib
0x000000013327b000 	/Library/Java/JavaVirtualMachines/jdk1.8.0_60.jdk/Contents/Home/jre/lib/libjpeg.dylib

VM Arguments:
jvm_args: -Djava.library.path=D:/opencv/build/java/x64;D:/opencv/build/x64/vc12/bin:/usr/local/share/OpenCV/java/ -Didea.launcher.port=7539 -Didea.launcher.bin.path=/Applications/IntelliJ IDEA CE.app/Contents/bin -Dfile.encoding=UTF-8 
java_command: com.intellij.rt.execution.application.AppMain team.sudocool.Main
java_class_path (initial): /Library/Java/JavaVirtualMachines/jdk1.8.0_60.jdk/Contents/Home/jre/lib/charsets.jar:/Library/Java/JavaVirtualMachines/jdk1.8.0_60.jdk/Contents/Home/jre/lib/deploy.jar:/Library/Java/JavaVirtualMachines/jdk1.8.0_60.jdk/Contents/Home/jre/lib/ext/cldrdata.jar:/Library/Java/JavaVirtualMachines/jdk1.8.0_60.jdk/Contents/Home/jre/lib/ext/dnsns.jar:/Library/Java/JavaVirtualMachines/jdk1.8.0_60.jdk/Contents/Home/jre/lib/ext/jaccess.jar:/Library/Java/JavaVirtualMachines/jdk1.8.0_60.jdk/Contents/Home/jre/lib/ext/jfxrt.jar:/Library/Java/JavaVirtualMachines/jdk1.8.0_60.jdk/Contents/Home/jre/lib/ext/localedata.jar:/Library/Java/JavaVirtualMachines/jdk1.8.0_60.jdk/Contents/Home/jre/lib/ext/nashorn.jar:/Library/Java/JavaVirtualMachines/jdk1.8.0_60.jdk/Contents/Home/jre/lib/ext/sunec.jar:/Library/Java/JavaVirtualMachines/jdk1.8.0_60.jdk/Contents/Home/jre/lib/ext/sunjce_provider.jar:/Library/Java/JavaVirtualMachines/jdk1.8.0_60.jdk/Contents/Home/jre/lib/ext/sunpkcs11.jar:/Library/Java/JavaVirtualMachines/jdk1.8.0_60.jdk/Contents/Home/jre/lib/ext/zipfs.jar:/Library/Java/JavaVirtualMachines/jdk1.8.0_60.jdk/Contents/Home/jre/lib/javaws.jar:/Library/Java/JavaVirtualMachines/jdk1.8.0_60.jdk/Contents/Home/jre/lib/jce.jar:/Library/Java/JavaVirtualMachines/jdk1.8.0_60.jdk/Contents/Home/jre/lib/jfr.jar:/Library/Java/JavaVirtualMachines/jdk1.8.0_60.jdk/Contents/Home/jre/lib/jfxswt.jar:/Library/Java/JavaVirtualMachines/jdk1.8.0_60.jdk/Contents/Home/jre/lib/jsse.jar:/Library/Java/JavaVirtualMachines/jdk1.8.0_60.jdk/Contents/Home/jre/lib/management-agent.jar:/Library/Java/JavaVirtualMachines/jdk1.8.0_60.jdk/Contents/Home/jre/lib/plugin.jar:/Library/Java/JavaVirtualMachines/jdk1.8.0_60.jdk/Contents/Home/jre/lib/resources.jar:/Library/Java/JavaVirtualMachines/jdk1.8.0_60.jdk/Contents/Home/jre/lib/rt.jar:/Library/Java/JavaVirtualMachines/jdk1.8.0_60.jdk/Contents/Home/lib/ant-javafx.jar:/Library/Java/JavaVirtualMachines/jdk1.8.0_60.jdk/Contents/Home/lib/dt.jar:/Library/Ja
Launcher Type: SUN_STANDARD

Environment Variables:
PATH=/Users/Heranort/Documents/cocos2d-x-3.10/templates:/Users/Heranort/Documents:/Users/Heranort/Documents/cocos2d-x-3.10/tools/cocos2d-console/bin:/opt/local/bin:/opt/local/sbin:/opt/local/bin:/opt/local/sbin:/opt/local/bin:/opt/local/sbin:/Library/Frameworks/Python.framework/Versions/2.7/bin:/Library/Frameworks/Python.framework/Versions/3.4/bin:/usr/local/bin:/usr/bin:/bin:/usr/sbin:/sbin:/opt/X11/bin:/Applications/Server.app/Contents/ServerRoot/usr/bin:/Applications/Server.app/Contents/ServerRoot/usr/sbin:/Applications/Racket v6.2/bin:/Library/TeX/texbin
SHELL=/bin/bash
DISPLAY=/private/tmp/com.apple.launchd.rILN6TYWgL/org.macosforge.xquartz:0

Signal Handlers:
SIGSEGV: [libjvm.dylib+0x5a6d31], sa_mask[0]=11111111011111110111111111111111, sa_flags=SA_ONSTACK|SA_RESTART|SA_SIGINFO
SIGBUS: [libjvm.dylib+0x5a6d31], sa_mask[0]=11111111011111110111111111111111, sa_flags=SA_RESTART|SA_SIGINFO
SIGFPE: [libjvm.dylib+0x480a4c], sa_mask[0]=11111111011111110111111111111111, sa_flags=SA_RESTART|SA_SIGINFO
SIGPIPE: [libjvm.dylib+0x480a4c], sa_mask[0]=11111111011111110111111111111111, sa_flags=SA_RESTART|SA_SIGINFO
SIGXFSZ: [libjvm.dylib+0x480a4c], sa_mask[0]=11111111011111110111111111111111, sa_flags=SA_RESTART|SA_SIGINFO
SIGILL: [libjvm.dylib+0x480a4c], sa_mask[0]=11111111011111110111111111111111, sa_flags=SA_RESTART|SA_SIGINFO
SIGUSR1: SIG_DFL, sa_mask[0]=00000000000000000000000000000000, sa_flags=none
SIGUSR2: [libjvm.dylib+0x48056a], sa_mask[0]=00100000000000000000000000000000, sa_flags=SA_RESTART|SA_SIGINFO
SIGHUP: [libjvm.dylib+0x47eb41], sa_mask[0]=11111111011111110111111111111111, sa_flags=SA_RESTART|SA_SIGINFO
SIGINT: [libjvm.dylib+0x47eb41], sa_mask[0]=11111111011111110111111111111111, sa_flags=SA_RESTART|SA_SIGINFO
SIGTERM: [libjvm.dylib+0x47eb41], sa_mask[0]=11111111011111110111111111111111, sa_flags=SA_RESTART|SA_SIGINFO
SIGQUIT: [libjvm.dylib+0x47eb41], sa_mask[0]=11111111011111110111111111111111, sa_flags=SA_RESTART|SA_SIGINFO


---------------  S Y S T E M  ---------------

OS:Bsduname:Darwin 15.3.0 Darwin Kernel Version 15.3.0: Thu Dec 10 18:40:58 PST 2015; root:xnu-3248.30.4~1/RELEASE_X86_64 x86_64
rlimit: STACK 8192k, CORE 0k, NPROC 709, NOFILE 10240, AS infinity
load average:6.13 5.30 4.51

CPU:total 4 (2 cores per cpu, 2 threads per core) family 6 model 61 stepping 4, cmov, cx8, fxsr, mmx, sse, sse2, sse3, ssse3, sse4.1, sse4.2, popcnt, avx, avx2, aes, clmul, erms, 3dnowpref, lzcnt, ht, tsc, tscinvbit, bmi1, bmi2, adx

Memory: 4k page, physical 8388608k(280152k free)

/proc/meminfo:


vm_info: Java HotSpot(TM) 64-Bit Server VM (25.60-b23) for bsd-amd64 JRE (1.8.0_60-b27), built on Aug  4 2015 10:47:24 by "java_re" with gcc 4.2.1 (Based on Apple Inc. build 5658) (LLVM build 2336.11.00)

time: Thu Nov 17 21:56:52 2016
elapsed time: 15 seconds (0d 0h 0m 15s)

