#
# A fatal error has been detected by the Java Runtime Environment:
#
#  SIGSEGV (0xb) at pc=0x000000011a439232, pid=12243, tid=75795
#
# JRE version: Java(TM) SE Runtime Environment (8.0_60-b27) (build 1.8.0_60-b27)
# Java VM: Java HotSpot(TM) 64-Bit Server VM (25.60-b23 mixed mode bsd-amd64 compressed oops)
# Problematic frame:
# C  [libopencv_imgproc.2.4.dylib+0x120232]  _ZNK2cv13HResizeLinearIhisLi2048ENS_12HResizeNoVecEEclEPPKhPPiiPKiPKsiiiii+0xd2
#
# Failed to write core dump. Core dumps have been disabled. To enable core dumping, try "ulimit -c unlimited" before starting Java again
#
# If you would like to submit a bug report, please visit:
#   http://bugreport.java.com/bugreport/crash.jsp
#

---------------  T H R E A D  ---------------

Current thread is native thread

siginfo: si_signo: 11 (SIGSEGV), si_code: 1 (SEGV_MAPERR), si_addr: 0x0000000000031380

Registers:
RAX=0x0000000000000000, RBX=0x0000700001b6ba80, RCX=0x0000000000000705, RDX=0x0000000000000000
RSP=0x0000700001cf8b88, RBP=0x0000700001cf8bb0, RSI=0x0000000000000800, RDI=0x0000700001cf9c68
R8 =0x00007fcc62649600, R9 =0x00007fcc6264b764, R10=0x0000000000031a88, R11=0x0000000000000000
R12=0x0000000000031380, R13=0x0000000000000705, R14=0x00007fcc62606400, R15=0x0000000000000003
RIP=0x000000011a439232, EFLAGS=0x0000000000010246, ERR=0x0000000000000004
  TRAPNO=0x000000000000000e

Top of Stack: (sp=0x0000700001cf8b88)
0x0000700001cf8b88:   0000700001b6ba80 00007fcc6264d544
0x0000700001cf8b98:   0000000000000071 0000000000000000
0x0000700001cf8ba8:   0000000000000070 0000700001cf9de0
0x0000700001cf8bb8:   000000011a439042 03b4038500000708
0x0000700001cf8bc8:   03ee03e000000708 0049003a00000003
0x0000700001cf8bd8:   00a4009500000000 00ff00f000000705
0x0000700001cf8be8:   0000700001b6ba80 0000000301770168
0x0000700001cf8bf8:   0000700001cf9df8 00007fcc6264d544
0x0000700001cf8c08:   0000000000000070 0000000000001c40
0x0000700001cf8c18:   00007fcc00000070 00007fcc62606400
0x0000700001cf8c28:   0000000000000e20 00fd00ce00a00091
0x0000700001cf8c38:   01380129011a00ec 0192016401750146
0x0000700001cf8c48:   01ed01de01b001a1 02280239020a01fc
0x0000700001cf8c58:   0283027402650256 02fd02cf02a002b1
0x0000700001cf8c68:   03380329031b02ec 0393036403760347
0x0000700001cf8c78:   03ee03df03b103a2 0049003a000c03fd
0x0000700001cf8c88:   0084009500670058 00ff00d100c200b3
0x0000700001cf8c98:   015b012c011d010e 0196018701780149
0x0000700001cf8ca8:   01f101c201d301a5 02dc02ad029f0290
0x0000700001cf8cb8:   0316030802f902ca 0371036203540325
0x0000700001cf8cc8:   03cc03bd03ae0380 0026001803e903fa
0x0000700001cf8cd8:   0061007300440035 00dc00ad00bf0090
0x0000700001cf8ce8:   0137010800fa00eb 0172016301540126
0x0000700001cf8cf8:   01cd01be01af0181 0228021901ea01fc
0x0000700001cf8d08:   0283027402450257 02de02cf02a10292
0x0000700001cf8d18:   0339030b031c02ed 0395036603570348
0x0000700001cf8d28:   03d003c103b20383 00ba008c009d006f
0x0000700001cf8d38:   011500e600d800c9 0150014101320104
0x0000700001cf8d48:   01aa01bc018d017e 020501f701e801d9
0x0000700001cf8d58:   0260025102230234 02bb02ac029d026f
0x0000700001cf8d68:   031602e702f802ca 0371034203330324
0x0000700001cf8d78:   03ac03bd038e037f 0007001803e903da 

Instructions: (pc=0x000000011a439232)
0x000000011a439212:   55 b8 31 d2 44 8b 7d 20 49 89 cd 0f 1f 00 49 63
0x000000011a439222:   04 90 49 89 f6 41 0f bf 34 91 45 0f bf 5c 91 02
0x000000011a439232:   41 0f b6 0c 04 0f af ce 49 63 ff 48 01 c7 41 0f
0x000000011a439242:   b6 1c 3c 41 0f af db 01 cb 41 0f b6 04 02 0f af 

Register to memory mapping:

RAX=0x0000000000000000 is an unknown value
RBX=0x0000700001b6ba80 is pointing into the stack for thread: 0x00007fcc61a29000
RCX=0x0000000000000705 is an unknown value
RDX=0x0000000000000000 is an unknown value
RSP=0x0000700001cf8b88 is an unknown value
RBP=0x0000700001cf8bb0 is an unknown value
RSI=0x0000000000000800 is an unknown value
RDI=0x0000700001cf9c68 is an unknown value
R8 =0x00007fcc62649600 is an unknown value
R9 =0x00007fcc6264b764 is an unknown value
R10=0x0000000000031a88 is an unknown value
R11=0x0000000000000000 is an unknown value
R12=0x0000000000031380 is an unknown value
R13=0x0000000000000705 is an unknown value
R14=0x00007fcc62606400 is an unknown value
R15=0x0000000000000003 is an unknown value


Stack: [0x0000700001c7a000,0x0000700001cfa000],  sp=0x0000700001cf8b88,  free space=506k
Native frames: (J=compiled Java code, j=interpreted, Vv=VM code, C=native code)
C  [libopencv_imgproc.2.4.dylib+0x120232]  _ZNK2cv13HResizeLinearIhisLi2048ENS_12HResizeNoVecEEclEPPKhPPiiPKiPKsiiiii+0xd2
C  [libopencv_imgproc.2.4.dylib+0x120042]  _ZNK2cv21resizeGeneric_InvokerINS_13HResizeLinearIhisLi2048ENS_12HResizeNoVecEEENS_13VResizeLinearIhisNS_11FixedPtCastIihLi22EEENS_22VResizeLinearVec_32s8uEEEEclERKNS_5RangeE+0x4c2
C  [libopencv_core.2.4.dylib+0x1c310b]  _ZN12_GLOBAL__N_1L14block_functionEPvm+0x7b
C  [libdispatch.dylib+0x1402a]  _dispatch_client_callout2+0x8
C  [libdispatch.dylib+0x13f7b]  _dispatch_apply_invoke+0x57
C  [libdispatch.dylib+0x233f]  _dispatch_client_callout+0x8
C  [libdispatch.dylib+0x61cf]  _dispatch_root_queue_drain+0x762
C  [libdispatch.dylib+0x5a34]  _dispatch_worker_thread3+0x5b
C  [libsystem_pthread.dylib+0x368f]  _pthread_wqthread+0x469
C  [libsystem_pthread.dylib+0x1365]  start_wqthread+0xd


---------------  P R O C E S S  ---------------

VM state:not at safepoint (normal execution)

VM Mutex/Monitor currently owned by a thread: None

Heap:
 PSYoungGen      total 443904K, used 408008K [0x0000000795580000, 0x00000007c0000000, 0x00000007c0000000)
  eden space 413184K, 91% used [0x0000000795580000,0x00000007ac5f3720,0x00000007ae900000)
  from space 30720K, 99% used [0x00000007ae900000,0x00000007b06fec98,0x00000007b0700000)
  to   space 40448K, 0% used [0x00000007bd880000,0x00000007bd880000,0x00000007c0000000)
 ParOldGen       total 87552K, used 52961K [0x0000000740000000, 0x0000000745580000, 0x0000000795580000)
  object space 87552K, 60% used [0x0000000740000000,0x00000007433b87d0,0x0000000745580000)
 Metaspace       used 11180K, capacity 11362K, committed 11648K, reserved 1058816K
  class space    used 1296K, capacity 1372K, committed 1408K, reserved 1048576K

Card table byte_map: [0x0000000111800000,0x0000000111c01000] byte_map_base: 0x000000010de00000

Marking Bits: (ParMarkBitMap*) 0x00000001014abe20
 Begin Bits: [0x0000000111eac000, 0x0000000113eac000)
 End Bits:   [0x0000000113eac000, 0x0000000115eac000)

Polling page: 0x0000000101b99000

CodeCache: size=245760Kb used=4361Kb max_used=4464Kb free=241398Kb
 bounds [0x0000000101bac000, 0x000000010201c000, 0x0000000110bac000]
 total_blobs=1987 nmethods=1322 adapters=578
 compilation: enabled

Compilation events (10 events):
Event: 43.518 Thread 0x00007fcc61861000 1386 % !   4       sun.nio.fs.UnixPath::initOffsets @ 51 (189 bytes)
Event: 43.531 Thread 0x00007fcc61861000 nmethod 1386% 0x0000000101d90950 code [0x0000000101d90ac0, 0x0000000101d91178]
Event: 43.711 Thread 0x00007fcc6280f000 1387       3       team.sudocool.Eye.VideoCap::getOneFrame (81 bytes)
Event: 43.712 Thread 0x00007fcc6280f000 nmethod 1387 0x0000000101dc41d0 code [0x0000000101dc4480, 0x0000000101dc52b8]
Event: 44.351 Thread 0x00007fcc62005000 1388       4       sun.awt.image.ByteComponentRaster::verify (566 bytes)
Event: 44.359 Thread 0x00007fcc62005000 nmethod 1388 0x0000000101ce3e10 code [0x0000000101ce3fa0, 0x0000000101ce4518]
Event: 44.499 Thread 0x00007fcc6280f000 1389       3       java.awt.geom.AffineTransform::translate (547 bytes)
Event: 44.500 Thread 0x00007fcc6280f000 nmethod 1389 0x0000000101d93210 code [0x0000000101d933c0, 0x0000000101d93f28]
Event: 44.560 Thread 0x00007fcc6280f000 1390       3       java.security.AccessControlContext::<init> (30 bytes)
Event: 44.561 Thread 0x00007fcc6280f000 nmethod 1390 0x0000000101cbc950 code [0x0000000101cbcac0, 0x0000000101cbccd0]

GC Heap History (10 events):
Event: 11.516 GC heap before
{Heap before GC invocations=7 (full 0):
 PSYoungGen      total 142336K, used 142312K [0x0000000795580000, 0x000000079ef80000, 0x00000007c0000000)
  eden space 131584K, 100% used [0x0000000795580000,0x000000079d600000,0x000000079d600000)
  from space 10752K, 99% used [0x000000079e200000,0x000000079ec7a058,0x000000079ec80000)
  to   space 12288K, 0% used [0x000000079d600000,0x000000079d600000,0x000000079e200000)
 ParOldGen       total 87552K, used 12548K [0x0000000740000000, 0x0000000745580000, 0x0000000795580000)
  object space 87552K, 14% used [0x0000000740000000,0x0000000740c41350,0x0000000745580000)
 Metaspace       used 10766K, capacity 10942K, committed 11136K, reserved 1058816K
  class space    used 1283K, capacity 1366K, committed 1408K, reserved 1048576K
Event: 11.574 GC heap after
Heap after GC invocations=7 (full 0):
 PSYoungGen      total 143872K, used 12288K [0x0000000795580000, 0x00000007a7580000, 0x00000007c0000000)
  eden space 131584K, 0% used [0x0000000795580000,0x0000000795580000,0x000000079d600000)
  from space 12288K, 100% used [0x000000079d600000,0x000000079e200000,0x000000079e200000)
  to   space 15872K, 0% used [0x00000007a6600000,0x00000007a6600000,0x00000007a7580000)
 ParOldGen       total 87552K, used 16809K [0x0000000740000000, 0x0000000745580000, 0x0000000795580000)
  object space 87552K, 19% used [0x0000000740000000,0x000000074106a7d0,0x0000000745580000)
 Metaspace       used 10766K, capacity 10942K, committed 11136K, reserved 1058816K
  class space    used 1283K, capacity 1366K, committed 1408K, reserved 1048576K
}
Event: 14.611 GC heap before
{Heap before GC invocations=8 (full 0):
 PSYoungGen      total 143872K, used 143872K [0x0000000795580000, 0x00000007a7580000, 0x00000007c0000000)
  eden space 131584K, 100% used [0x0000000795580000,0x000000079d600000,0x000000079d600000)
  from space 12288K, 100% used [0x000000079d600000,0x000000079e200000,0x000000079e200000)
  to   space 15872K, 0% used [0x00000007a6600000,0x00000007a6600000,0x00000007a7580000)
 ParOldGen       total 87552K, used 16809K [0x0000000740000000, 0x0000000745580000, 0x0000000795580000)
  object space 87552K, 19% used [0x0000000740000000,0x000000074106a7d0,0x0000000745580000)
 Metaspace       used 10800K, capacity 11014K, committed 11136K, reserved 1058816K
  class space    used 1283K, capacity 1366K, committed 1408K, reserved 1048576K
Event: 14.655 GC heap after
Heap after GC invocations=8 (full 0):
 PSYoungGen      total 278016K, used 13056K [0x0000000795580000, 0x00000007a7780000, 0x00000007c0000000)
  eden space 262144K, 0% used [0x0000000795580000,0x0000000795580000,0x00000007a5580000)
  from space 15872K, 82% used [0x00000007a6600000,0x00000007a72c0000,0x00000007a7580000)
  to   space 16896K, 0% used [0x00000007a5580000,0x00000007a5580000,0x00000007a6600000)
 ParOldGen       total 87552K, used 16865K [0x0000000740000000, 0x0000000745580000, 0x0000000795580000)
  object space 87552K, 19% used [0x0000000740000000,0x00000007410787d0,0x0000000745580000)
 Metaspace       used 10800K, capacity 11014K, committed 11136K, reserved 1058816K
  class space    used 1283K, capacity 1366K, committed 1408K, reserved 1048576K
}
Event: 20.884 GC heap before
{Heap before GC invocations=9 (full 0):
 PSYoungGen      total 278016K, used 275200K [0x0000000795580000, 0x00000007a7780000, 0x00000007c0000000)
  eden space 262144K, 100% used [0x0000000795580000,0x00000007a5580000,0x00000007a5580000)
  from space 15872K, 82% used [0x00000007a6600000,0x00000007a72c0000,0x00000007a7580000)
  to   space 16896K, 0% used [0x00000007a5580000,0x00000007a5580000,0x00000007a6600000)
 ParOldGen       total 87552K, used 16865K [0x0000000740000000, 0x0000000745580000, 0x0000000795580000)
  object space 87552K, 19% used [0x0000000740000000,0x00000007410787d0,0x0000000745580000)
 Metaspace       used 10859K, capacity 11078K, committed 11392K, reserved 1058816K
  class space    used 1283K, capacity 1366K, committed 1408K, reserved 1048576K
Event: 20.978 GC heap after
Heap after GC invocations=9 (full 0):
 PSYoungGen      total 279040K, used 16865K [0x0000000795580000, 0x00000007b1e80000, 0x00000007c0000000)
  eden space 262144K, 0% used [0x0000000795580000,0x0000000795580000,0x00000007a5580000)
  from space 16896K, 99% used [0x00000007a5580000,0x00000007a65f8750,0x00000007a6600000)
  to   space 24064K, 0% used [0x00000007b0700000,0x00000007b0700000,0x00000007b1e80000)
 ParOldGen       total 87552K, used 29841K [0x0000000740000000, 0x0000000745580000, 0x0000000795580000)
  object space 87552K, 34% used [0x0000000740000000,0x0000000741d247d0,0x0000000745580000)
 Metaspace       used 10859K, capacity 11078K, committed 11392K, reserved 1058816K
  class space    used 1283K, capacity 1366K, committed 1408K, reserved 1048576K
}
Event: 26.431 GC heap before
{Heap before GC invocations=10 (full 0):
 PSYoungGen      total 279040K, used 279009K [0x0000000795580000, 0x00000007b1e80000, 0x00000007c0000000)
  eden space 262144K, 100% used [0x0000000795580000,0x00000007a5580000,0x00000007a5580000)
  from space 16896K, 99% used [0x00000007a5580000,0x00000007a65f8750,0x00000007a6600000)
  to   space 24064K, 0% used [0x00000007b0700000,0x00000007b0700000,0x00000007b1e80000)
 ParOldGen       total 87552K, used 29841K [0x0000000740000000, 0x0000000745580000, 0x0000000795580000)
  object space 87552K, 34% used [0x0000000740000000,0x0000000741d247d0,0x0000000745580000)
 Metaspace       used 11014K, capacity 11230K, committed 11392K, reserved 1058816K
  class space    used 1296K, capacity 1372K, committed 1408K, reserved 1048576K
Event: 26.572 GC heap after
Heap after GC invocations=10 (full 0):
 PSYoungGen      total 437248K, used 24061K [0x0000000795580000, 0x00000007b2b80000, 0x00000007c0000000)
  eden space 413184K, 0% used [0x0000000795580000,0x0000000795580000,0x00000007ae900000)
  from space 24064K, 99% used [0x00000007b0700000,0x00000007b1e7f548,0x00000007b1e80000)
  to   space 30720K, 0% used [0x00000007ae900000,0x00000007ae900000,0x00000007b0700000)
 ParOldGen       total 87552K, used 38305K [0x0000000740000000, 0x0000000745580000, 0x0000000795580000)
  object space 87552K, 43% used [0x0000000740000000,0x00000007425687d0,0x0000000745580000)
 Metaspace       used 11014K, capacity 11230K, committed 11392K, reserved 1058816K
  class space    used 1296K, capacity 1372K, committed 1408K, reserved 1048576K
}
Event: 35.956 GC heap before
{Heap before GC invocations=11 (full 0):
 PSYoungGen      total 437248K, used 437245K [0x0000000795580000, 0x00000007b2b80000, 0x00000007c0000000)
  eden space 413184K, 100% used [0x0000000795580000,0x00000007ae900000,0x00000007ae900000)
  from space 24064K, 99% used [0x00000007b0700000,0x00000007b1e7f548,0x00000007b1e80000)
  to   space 30720K, 0% used [0x00000007ae900000,0x00000007ae900000,0x00000007b0700000)
 ParOldGen       total 87552K, used 38305K [0x0000000740000000, 0x0000000745580000, 0x0000000795580000)
  object space 87552K, 43% used [0x0000000740000000,0x00000007425687d0,0x0000000745580000)
 Metaspace       used 11126K, capacity 11294K, committed 11392K, reserved 1058816K
  class space    used 1296K, capacity 1372K, committed 1408K, reserved 1048576K
Event: 36.098 GC heap after
Heap after GC invocations=11 (full 0):
 PSYoungGen      total 443904K, used 30715K [0x0000000795580000, 0x00000007c0000000, 0x00000007c0000000)
  eden space 413184K, 0% used [0x0000000795580000,0x0000000795580000,0x00000007ae900000)
  from space 30720K, 99% used [0x00000007ae900000,0x00000007b06fec98,0x00000007b0700000)
  to   space 40448K, 0% used [0x00000007bd880000,0x00000007bd880000,0x00000007c0000000)
 ParOldGen       total 87552K, used 52961K [0x0000000740000000, 0x0000000745580000, 0x0000000795580000)
  object space 87552K, 60% used [0x0000000740000000,0x00000007433b87d0,0x0000000745580000)
 Metaspace       used 11126K, capacity 11294K, committed 11392K, reserved 1058816K
  class space    used 1296K, capacity 1372K, committed 1408K, reserved 1048576K
}

Deoptimization events (10 events):
Event: 3.325 Thread 0x00007fcc6184d000 Uncommon trap: reason=unstable_if action=reinterpret pc=0x0000000101df27c4 method=java.lang.ref.ReferenceQueue.enqueue(Ljava/lang/ref/Reference;)Z @ 61
Event: 3.325 Thread 0x00007fcc6184e000 Uncommon trap: reason=unstable_if action=reinterpret pc=0x0000000101df0c2c method=java.lang.ref.ReferenceQueue.remove(J)Ljava/lang/ref/Reference; @ 31
Event: 3.326 Thread 0x00007fcc6184e000 Uncommon trap: reason=unstable_if action=reinterpret pc=0x0000000101def9d0 method=java.lang.ref.ReferenceQueue.remove(J)Ljava/lang/ref/Reference; @ 31
Event: 3.376 Thread 0x00007fcc6184d000 Uncommon trap: reason=class_check action=maybe_recompile pc=0x0000000101dfa10c method=java.lang.ref.ReferenceQueue.enqueue(Ljava/lang/ref/Reference;)Z @ 91
Event: 3.376 Thread 0x00007fcc6184d000 Uncommon trap: reason=class_check action=maybe_recompile pc=0x0000000101dfa10c method=java.lang.ref.ReferenceQueue.enqueue(Ljava/lang/ref/Reference;)Z @ 91
Event: 3.376 Thread 0x00007fcc6184d000 Uncommon trap: reason=class_check action=maybe_recompile pc=0x0000000101dfa10c method=java.lang.ref.ReferenceQueue.enqueue(Ljava/lang/ref/Reference;)Z @ 91
Event: 3.376 Thread 0x00007fcc6184d000 Uncommon trap: reason=class_check action=maybe_recompile pc=0x0000000101dfa10c method=java.lang.ref.ReferenceQueue.enqueue(Ljava/lang/ref/Reference;)Z @ 91
Event: 20.869 Thread 0x00007fcc61a29000 Uncommon trap: reason=unstable_if action=reinterpret pc=0x0000000101e3af60 method=java.util.stream.ReferencePipeline$2$1.accept(Ljava/lang/Object;)V @ 13
Event: 24.509 Thread 0x00007fcc61a29000 Uncommon trap: reason=predicate action=maybe_recompile pc=0x0000000101f1a134 method=java.util.ArrayList$ArrayListSpliterator.forEachRemaining(Ljava/util/function/Consumer;)V @ 90
Event: 24.610 Thread 0x00007fcc61a29000 Uncommon trap: reason=unstable_if action=reinterpret pc=0x0000000101e3457c method=java.util.stream.ReferencePipeline$2$1.accept(Ljava/lang/Object;)V @ 13

Internal exceptions (10 events):
Event: 0.910 Thread 0x00007fcc6180c000 Exception <a 'java/security/PrivilegedActionException'> (0x00000007958c3538) thrown at [/Users/java_re/workspace/8-2-build-macosx-x86_64/jdk8u60/4407/hotspot/src/share/vm/prims/jvm.cpp, line 1386]
Event: 1.004 Thread 0x00007fcc6180c000 Exception <a 'java/lang/NoSuchFieldError': method resolution failed> (0x000000079599dc60) thrown at [/Users/java_re/workspace/8-2-build-macosx-x86_64/jdk8u60/4407/hotspot/src/share/vm/prims/methodHandles.cpp, line 1146]
Event: 1.007 Thread 0x00007fcc6180c000 Exception <a 'java/lang/NoSuchFieldError': method resolution failed> (0x00000007959ab430) thrown at [/Users/java_re/workspace/8-2-build-macosx-x86_64/jdk8u60/4407/hotspot/src/share/vm/prims/methodHandles.cpp, line 1146]
Event: 1.265 Thread 0x00007fcc6180c000 Exception <a 'java/io/FileNotFoundException'> (0x0000000795a27208) thrown at [/Users/java_re/workspace/8-2-build-macosx-x86_64/jdk8u60/4407/hotspot/src/share/vm/prims/jni.cpp, line 709]
Event: 1.265 Thread 0x00007fcc6180c000 Exception <a 'java/io/FileNotFoundException'> (0x0000000795a27d68) thrown at [/Users/java_re/workspace/8-2-build-macosx-x86_64/jdk8u60/4407/hotspot/src/share/vm/prims/jni.cpp, line 709]
Event: 3.299 Thread 0x00007fcc6184e000 Exception <a 'java/lang/NullPointerException'> (0x000000079561c498) thrown at [/Users/java_re/workspace/8-2-build-macosx-x86_64/jdk8u60/4407/hotspot/src/share/vm/interpreter/linkResolver.cpp, line 1178]
Event: 3.316 Thread 0x00007fcc6184e000 Exception <a 'java/lang/NullPointerException'> (0x000000079561c6a0) thrown at [/Users/java_re/workspace/8-2-build-macosx-x86_64/jdk8u60/4407/hotspot/src/share/vm/interpreter/linkResolver.cpp, line 1178]
Event: 3.325 Thread 0x00007fcc6184e000 Implicit null exception at 0x0000000101df09af to 0x0000000101df0c1f
Event: 3.326 Thread 0x00007fcc6184e000 Implicit null exception at 0x0000000101def733 to 0x0000000101def9c5
Event: 24.513 Thread 0x00007fcc61a29000 Exception <a 'java/lang/NoSuchMethodError': java.lang.Object.lambda$minBy$23(Ljava/util/Comparator;Ljava/lang/Object;Ljava/lang/Object;)Ljava/lang/Object;> (0x000000079fb15998) thrown at [/Users/java_re/workspace/8-2-build-macosx-x86_64/jdk8u60/4407/hotsp

Events (10 events):
Event: 40.972 Thread 0x00007fcc6280f000 flushing nmethod 0x0000000101dfc390
Event: 40.972 Thread 0x00007fcc6280f000 flushing nmethod 0x0000000101dfd850
Event: 41.617 Thread 0x00007fcc6280f000 flushing nmethod 0x0000000101e10950
Event: 41.617 Thread 0x00007fcc6280f000 flushing nmethod 0x0000000101e12510
Event: 41.617 Thread 0x00007fcc6280f000 flushing nmethod 0x0000000101e13f90
Event: 41.617 Thread 0x00007fcc6280f000 flushing nmethod 0x0000000101e16210
Event: 41.617 Thread 0x00007fcc6280f000 flushing nmethod 0x0000000101e18410
Event: 41.617 Thread 0x00007fcc6280f000 flushing nmethod 0x0000000101e18ad0
Event: 41.617 Thread 0x00007fcc6280f000 flushing nmethod 0x0000000101e19dd0
Event: 41.617 Thread 0x00007fcc6280f000 flushing nmethod 0x0000000101e1a410


Dynamic libraries:
0x0000000005bff000 	/System/Library/Frameworks/Cocoa.framework/Versions/A/Cocoa
0x0000000005bff000 	/System/Library/Frameworks/Security.framework/Versions/A/Security
0x0000000005bff000 	/System/Library/Frameworks/ApplicationServices.framework/Versions/A/ApplicationServices
0x0000000005bff000 	/usr/lib/libz.1.dylib
0x0000000005bff000 	/usr/lib/libSystem.B.dylib
0x0000000005bff000 	/usr/lib/libobjc.A.dylib
0x0000000005bff000 	/System/Library/Frameworks/CoreFoundation.framework/Versions/A/CoreFoundation
0x0000000005bff000 	/System/Library/Frameworks/Foundation.framework/Versions/C/Foundation
0x0000000005bff000 	/System/Library/Frameworks/AppKit.framework/Versions/C/AppKit
0x0000000005bff000 	/System/Library/Frameworks/CoreData.framework/Versions/A/CoreData
0x0000000005bff000 	/System/Library/PrivateFrameworks/RemoteViewServices.framework/Versions/A/RemoteViewServices
0x0000000005bff000 	/System/Library/PrivateFrameworks/UIFoundation.framework/Versions/A/UIFoundation
0x0000000005bff000 	/usr/lib/libScreenReader.dylib
0x0000000005bff000 	/System/Library/Frameworks/Accelerate.framework/Versions/A/Accelerate
0x0000000005bff000 	/System/Library/Frameworks/IOSurface.framework/Versions/A/IOSurface
0x0000000005bff000 	/System/Library/Frameworks/AudioToolbox.framework/Versions/A/AudioToolbox
0x0000000005bff000 	/System/Library/Frameworks/AudioUnit.framework/Versions/A/AudioUnit
0x0000000005bff000 	/System/Library/PrivateFrameworks/DataDetectorsCore.framework/Versions/A/DataDetectorsCore
0x0000000005bff000 	/System/Library/PrivateFrameworks/DesktopServicesPriv.framework/Versions/A/DesktopServicesPriv
0x0000000005bff000 	/System/Library/Frameworks/Carbon.framework/Versions/A/Frameworks/HIToolbox.framework/Versions/A/HIToolbox
0x0000000005bff000 	/System/Library/Frameworks/QuartzCore.framework/Versions/A/QuartzCore
0x0000000005bff000 	/System/Library/Frameworks/Carbon.framework/Versions/A/Frameworks/SpeechRecognition.framework/Versions/A/SpeechRecognition
0x0000000005bff000 	/usr/lib/libauto.dylib
0x0000000005bff000 	/usr/lib/libicucore.A.dylib
0x0000000005bff000 	/usr/lib/libxml2.2.dylib
0x0000000005bff000 	/System/Library/PrivateFrameworks/CoreUI.framework/Versions/A/CoreUI
0x0000000005bff000 	/System/Library/Frameworks/CoreAudio.framework/Versions/A/CoreAudio
0x0000000005bff000 	/System/Library/Frameworks/DiskArbitration.framework/Versions/A/DiskArbitration
0x0000000005bff000 	/usr/lib/liblangid.dylib
0x0000000005bff000 	/System/Library/PrivateFrameworks/MultitouchSupport.framework/Versions/A/MultitouchSupport
0x0000000005bff000 	/System/Library/Frameworks/IOKit.framework/Versions/A/IOKit
0x0000000005bff000 	/usr/lib/libDiagnosticMessagesClient.dylib
0x0000000005bff000 	/System/Library/Frameworks/CoreServices.framework/Versions/A/CoreServices
0x0000000005bff000 	/System/Library/PrivateFrameworks/PerformanceAnalysis.framework/Versions/A/PerformanceAnalysis
0x0000000005bff000 	/System/Library/PrivateFrameworks/GenerationalStorage.framework/Versions/A/GenerationalStorage
0x0000000005bff000 	/System/Library/Frameworks/OpenGL.framework/Versions/A/OpenGL
0x0000000005bff000 	/System/Library/PrivateFrameworks/Sharing.framework/Versions/A/Sharing
0x0000000005bff000 	/System/Library/Frameworks/CoreGraphics.framework/Versions/A/CoreGraphics
0x0000000005bff000 	/System/Library/Frameworks/CoreImage.framework/Versions/A/CoreImage
0x0000000005bff000 	/System/Library/Frameworks/CoreText.framework/Versions/A/CoreText
0x0000000005bff000 	/System/Library/Frameworks/ImageIO.framework/Versions/A/ImageIO
0x0000000005bff000 	/System/Library/PrivateFrameworks/Backup.framework/Versions/A/Backup
0x0000000005bff000 	/usr/lib/libextension.dylib
0x0000000005bff000 	/usr/lib/libarchive.2.dylib
0x0000000005bff000 	/System/Library/Frameworks/CFNetwork.framework/Versions/A/CFNetwork
0x0000000005bff000 	/System/Library/Frameworks/SystemConfiguration.framework/Versions/A/SystemConfiguration
0x0000000005bff000 	/usr/lib/libCRFSuite.dylib
0x0000000005bff000 	/usr/lib/libc++.1.dylib
0x0000000005bff000 	/usr/lib/libc++abi.dylib
0x0000000005bff000 	/usr/lib/system/libcache.dylib
0x0000000005bff000 	/usr/lib/system/libcommonCrypto.dylib
0x0000000005bff000 	/usr/lib/system/libcompiler_rt.dylib
0x0000000005bff000 	/usr/lib/system/libcopyfile.dylib
0x0000000005bff000 	/usr/lib/system/libcorecrypto.dylib
0x0000000005bff000 	/usr/lib/system/libdispatch.dylib
0x0000000005bff000 	/usr/lib/system/libdyld.dylib
0x0000000005bff000 	/usr/lib/system/libkeymgr.dylib
0x0000000005bff000 	/usr/lib/system/liblaunch.dylib
0x0000000005bff000 	/usr/lib/system/libmacho.dylib
0x0000000005bff000 	/usr/lib/system/libquarantine.dylib
0x0000000005bff000 	/usr/lib/system/libremovefile.dylib
0x0000000005bff000 	/usr/lib/system/libsystem_asl.dylib
0x0000000005bff000 	/usr/lib/system/libsystem_blocks.dylib
0x0000000005bff000 	/usr/lib/system/libsystem_c.dylib
0x0000000005bff000 	/usr/lib/system/libsystem_configuration.dylib
0x0000000005bff000 	/usr/lib/system/libsystem_coreservices.dylib
0x0000000005bff000 	/usr/lib/system/libsystem_coretls.dylib
0x0000000005bff000 	/usr/lib/system/libsystem_dnssd.dylib
0x0000000005bff000 	/usr/lib/system/libsystem_info.dylib
0x0000000005bff000 	/usr/lib/system/libsystem_kernel.dylib
0x0000000005bff000 	/usr/lib/system/libsystem_m.dylib
0x0000000005bff000 	/usr/lib/system/libsystem_malloc.dylib
0x0000000005bff000 	/usr/lib/system/libsystem_network.dylib
0x0000000005bff000 	/usr/lib/system/libsystem_networkextension.dylib
0x0000000005bff000 	/usr/lib/system/libsystem_notify.dylib
0x0000000005bff000 	/usr/lib/system/libsystem_platform.dylib
0x0000000005bff000 	/usr/lib/system/libsystem_pthread.dylib
0x0000000005bff000 	/usr/lib/system/libsystem_sandbox.dylib
0x0000000005bff000 	/usr/lib/system/libsystem_secinit.dylib
0x0000000005bff000 	/usr/lib/system/libsystem_trace.dylib
0x0000000005bff000 	/usr/lib/system/libunc.dylib
0x0000000005bff000 	/usr/lib/system/libunwind.dylib
0x0000000005bff000 	/usr/lib/system/libxpc.dylib
0x0000000005bff000 	/usr/lib/libenergytrace.dylib
0x0000000005bff000 	/usr/lib/libbsm.0.dylib
0x0000000005bff000 	/usr/lib/system/libkxld.dylib
0x0000000005bff000 	/usr/lib/libxar.1.dylib
0x0000000005bff000 	/usr/lib/libsqlite3.dylib
0x0000000005bff000 	/usr/lib/libpam.2.dylib
0x0000000005bff000 	/usr/lib/libOpenScriptingUtil.dylib
0x0000000005bff000 	/usr/lib/libbz2.1.0.dylib
0x0000000005bff000 	/usr/lib/liblzma.5.dylib
0x0000000005bff000 	/System/Library/Frameworks/CoreServices.framework/Versions/A/Frameworks/FSEvents.framework/Versions/A/FSEvents
0x0000000005bff000 	/System/Library/Frameworks/CoreServices.framework/Versions/A/Frameworks/CarbonCore.framework/Versions/A/CarbonCore
0x0000000005bff000 	/System/Library/Frameworks/CoreServices.framework/Versions/A/Frameworks/Metadata.framework/Versions/A/Metadata
0x0000000005bff000 	/System/Library/Frameworks/CoreServices.framework/Versions/A/Frameworks/OSServices.framework/Versions/A/OSServices
0x0000000005bff000 	/System/Library/Frameworks/CoreServices.framework/Versions/A/Frameworks/SearchKit.framework/Versions/A/SearchKit
0x0000000005bff000 	/System/Library/Frameworks/CoreServices.framework/Versions/A/Frameworks/AE.framework/Versions/A/AE
0x0000000005bff000 	/System/Library/Frameworks/CoreServices.framework/Versions/A/Frameworks/LaunchServices.framework/Versions/A/LaunchServices
0x0000000005bff000 	/System/Library/Frameworks/CoreServices.framework/Versions/A/Frameworks/DictionaryServices.framework/Versions/A/DictionaryServices
0x0000000005bff000 	/System/Library/Frameworks/CoreServices.framework/Versions/A/Frameworks/SharedFileList.framework/Versions/A/SharedFileList
0x0000000005bff000 	/System/Library/Frameworks/NetFS.framework/Versions/A/NetFS
0x0000000005bff000 	/System/Library/PrivateFrameworks/NetAuth.framework/Versions/A/NetAuth
0x0000000005bff000 	/System/Library/PrivateFrameworks/login.framework/Versions/A/Frameworks/loginsupport.framework/Versions/A/loginsupport
0x0000000005bff000 	/System/Library/PrivateFrameworks/TCC.framework/Versions/A/TCC
0x0000000005bff000 	/usr/lib/libmecabra.dylib
0x0000000005bff000 	/System/Library/Frameworks/ApplicationServices.framework/Versions/A/Frameworks/ATS.framework/Versions/A/ATS
0x0000000005bff000 	/System/Library/Frameworks/ApplicationServices.framework/Versions/A/Frameworks/ColorSync.framework/Versions/A/ColorSync
0x0000000005bff000 	/System/Library/Frameworks/ApplicationServices.framework/Versions/A/Frameworks/HIServices.framework/Versions/A/HIServices
0x0000000005bff000 	/System/Library/Frameworks/ApplicationServices.framework/Versions/A/Frameworks/LangAnalysis.framework/Versions/A/LangAnalysis
0x0000000005bff000 	/System/Library/Frameworks/ApplicationServices.framework/Versions/A/Frameworks/PrintCore.framework/Versions/A/PrintCore
0x0000000005bff000 	/System/Library/Frameworks/ApplicationServices.framework/Versions/A/Frameworks/QD.framework/Versions/A/QD
0x0000000005bff000 	/System/Library/Frameworks/ApplicationServices.framework/Versions/A/Frameworks/SpeechSynthesis.framework/Versions/A/SpeechSynthesis
0x0000000005bff000 	/System/Library/Frameworks/Metal.framework/Versions/A/Metal
0x0000000005bff000 	/System/Library/Frameworks/Accelerate.framework/Versions/A/Frameworks/vImage.framework/Versions/A/vImage
0x0000000005bff000 	/System/Library/Frameworks/Accelerate.framework/Versions/A/Frameworks/vecLib.framework/Versions/A/vecLib
0x0000000005bff000 	/System/Library/Frameworks/Accelerate.framework/Versions/A/Frameworks/vecLib.framework/Versions/A/libvDSP.dylib
0x0000000005bff000 	/System/Library/Frameworks/Accelerate.framework/Versions/A/Frameworks/vecLib.framework/Versions/A/libvMisc.dylib
0x0000000005bff000 	/System/Library/Frameworks/Accelerate.framework/Versions/A/Frameworks/vecLib.framework/Versions/A/libLAPACK.dylib
0x0000000005bff000 	/System/Library/Frameworks/Accelerate.framework/Versions/A/Frameworks/vecLib.framework/Versions/A/libBLAS.dylib
0x0000000005bff000 	/System/Library/Frameworks/Accelerate.framework/Versions/A/Frameworks/vecLib.framework/Versions/A/libLinearAlgebra.dylib
0x0000000005bff000 	/System/Library/Frameworks/Accelerate.framework/Versions/A/Frameworks/vecLib.framework/Versions/A/libSparseBLAS.dylib
0x0000000005bff000 	/System/Library/PrivateFrameworks/GPUCompiler.framework/libmetal_timestamp.dylib
0x0000000005bff000 	/System/Library/Frameworks/OpenGL.framework/Versions/A/Libraries/libCoreFSCache.dylib
0x0000000005bff000 	/System/Library/PrivateFrameworks/IOAccelerator.framework/Versions/A/IOAccelerator
0x0000000005bff000 	/System/Library/Frameworks/ApplicationServices.framework/Versions/A/Frameworks/ATS.framework/Versions/A/Resources/libFontParser.dylib
0x0000000005bff000 	/System/Library/Frameworks/ApplicationServices.framework/Versions/A/Frameworks/ATS.framework/Versions/A/Resources/libFontRegistry.dylib
0x0000000005bff000 	/System/Library/PrivateFrameworks/AppleVPA.framework/Versions/A/AppleVPA
0x0000000005bff000 	/System/Library/PrivateFrameworks/AppleJPEG.framework/Versions/A/AppleJPEG
0x0000000005bff000 	/System/Library/Frameworks/ImageIO.framework/Versions/A/Resources/libJPEG.dylib
0x0000000005bff000 	/System/Library/Frameworks/ImageIO.framework/Versions/A/Resources/libTIFF.dylib
0x0000000005bff000 	/System/Library/Frameworks/ImageIO.framework/Versions/A/Resources/libPng.dylib
0x0000000005bff000 	/System/Library/Frameworks/ImageIO.framework/Versions/A/Resources/libGIF.dylib
0x0000000005bff000 	/System/Library/Frameworks/ImageIO.framework/Versions/A/Resources/libJP2.dylib
0x0000000005bff000 	/System/Library/Frameworks/ImageIO.framework/Versions/A/Resources/libRadiance.dylib
0x0000000005bff000 	/System/Library/Frameworks/CoreVideo.framework/Versions/A/CoreVideo
0x0000000005bff000 	/System/Library/Frameworks/OpenGL.framework/Versions/A/Libraries/libGLU.dylib
0x0000000005bff000 	/System/Library/Frameworks/OpenGL.framework/Versions/A/Libraries/libGFXShared.dylib
0x0000000005bff000 	/System/Library/Frameworks/OpenGL.framework/Versions/A/Libraries/libGL.dylib
0x0000000005bff000 	/System/Library/Frameworks/OpenGL.framework/Versions/A/Libraries/libGLImage.dylib
0x0000000005bff000 	/System/Library/Frameworks/OpenGL.framework/Versions/A/Libraries/libCVMSPluginSupport.dylib
0x0000000005bff000 	/System/Library/Frameworks/OpenGL.framework/Versions/A/Libraries/libCoreVMClient.dylib
0x0000000005bff000 	/usr/lib/libcups.2.dylib
0x0000000005bff000 	/System/Library/Frameworks/Kerberos.framework/Versions/A/Kerberos
0x0000000005bff000 	/System/Library/Frameworks/GSS.framework/Versions/A/GSS
0x0000000005bff000 	/usr/lib/libresolv.9.dylib
0x0000000005bff000 	/usr/lib/libiconv.2.dylib
0x0000000005bff000 	/System/Library/PrivateFrameworks/Heimdal.framework/Versions/A/Heimdal
0x0000000005bff000 	/usr/lib/libheimdal-asn1.dylib
0x0000000005bff000 	/System/Library/Frameworks/OpenDirectory.framework/Versions/A/OpenDirectory
0x0000000005bff000 	/System/Library/PrivateFrameworks/CommonAuth.framework/Versions/A/CommonAuth
0x0000000005bff000 	/System/Library/Frameworks/OpenDirectory.framework/Versions/A/Frameworks/CFOpenDirectory.framework/Versions/A/CFOpenDirectory
0x0000000005bff000 	/System/Library/Frameworks/SecurityFoundation.framework/Versions/A/SecurityFoundation
0x0000000005bff000 	/System/Library/PrivateFrameworks/LanguageModeling.framework/Versions/A/LanguageModeling
0x0000000005bff000 	/usr/lib/libmarisa.dylib
0x0000000005bff000 	/usr/lib/libChineseTokenizer.dylib
0x0000000005bff000 	/usr/lib/libcmph.dylib
0x0000000005bff000 	/usr/lib/libcompression.dylib
0x0000000005bff000 	/System/Library/Frameworks/ServiceManagement.framework/Versions/A/ServiceManagement
0x0000000005bff000 	/usr/lib/libxslt.1.dylib
0x0000000005bff000 	/System/Library/Frameworks/Carbon.framework/Versions/A/Frameworks/Ink.framework/Versions/A/Ink
0x0000000005bff000 	/usr/lib/libFosl_dynamic.dylib
0x0000000005bff000 	/System/Library/PrivateFrameworks/FaceCore.framework/Versions/A/FaceCore
0x0000000005bff000 	/System/Library/Frameworks/OpenCL.framework/Versions/A/OpenCL
0x0000000005bff000 	/System/Library/PrivateFrameworks/CrashReporterSupport.framework/Versions/A/CrashReporterSupport
0x0000000005bff000 	/System/Library/PrivateFrameworks/IconServices.framework/Versions/A/IconServices
0x0000000005bff000 	/System/Library/PrivateFrameworks/Apple80211.framework/Versions/A/Apple80211
0x0000000005bff000 	/System/Library/Frameworks/CoreWLAN.framework/Versions/A/CoreWLAN
0x0000000005bff000 	/System/Library/Frameworks/IOBluetooth.framework/Versions/A/IOBluetooth
0x0000000005bff000 	/System/Library/PrivateFrameworks/CoreWiFi.framework/Versions/A/CoreWiFi
0x0000000005bff000 	/System/Library/Frameworks/CoreBluetooth.framework/Versions/A/CoreBluetooth
0x0000000005bff000 	/System/Library/PrivateFrameworks/ChunkingLibrary.framework/Versions/A/ChunkingLibrary
0x0000000005bff000 	/System/Library/PrivateFrameworks/DebugSymbols.framework/Versions/A/DebugSymbols
0x0000000005bff000 	/System/Library/PrivateFrameworks/CoreSymbolication.framework/Versions/A/CoreSymbolication
0x0000000005bff000 	/System/Library/PrivateFrameworks/Symbolication.framework/Versions/A/Symbolication
0x0000000005bff000 	/System/Library/PrivateFrameworks/SpeechRecognitionCore.framework/Versions/A/SpeechRecognitionCore
0x0000000100b89000 	/System/Library/CoreServices/Encodings/libSimplifiedChineseConverter.dylib
0x0000000100bcd000 	/Library/Java/JavaVirtualMachines/jdk1.8.0_60.jdk/Contents/Home/jre/lib/server/libjvm.dylib
0x0000000005bff000 	/usr/lib/libstdc++.6.dylib
0x0000000101b56000 	/Library/Java/JavaVirtualMachines/jdk1.8.0_60.jdk/Contents/Home/jre/lib/libverify.dylib
0x0000000101b64000 	/Library/Java/JavaVirtualMachines/jdk1.8.0_60.jdk/Contents/Home/jre/lib/libjava.dylib
0x0000000101ba3000 	/Library/Java/JavaVirtualMachines/jdk1.8.0_60.jdk/Contents/Home/jre/lib/libzip.dylib
0x0000000110fe1000 	/System/Library/Frameworks/JavaVM.framework/Frameworks/JavaRuntimeSupport.framework/JavaRuntimeSupport
0x0000000117d32000 	/System/Library/Frameworks/JavaVM.framework/Versions/A/Frameworks/JavaNativeFoundation.framework/Versions/A/JavaNativeFoundation
0x0000000117d47000 	/System/Library/Frameworks/JavaVM.framework/Versions/A/JavaVM
0x0000000005bff000 	/System/Library/Frameworks/Carbon.framework/Versions/A/Carbon
0x0000000117d54000 	/System/Library/PrivateFrameworks/JavaLaunching.framework/Versions/A/JavaLaunching
0x0000000005bff000 	/System/Library/Frameworks/Carbon.framework/Versions/A/Frameworks/CommonPanels.framework/Versions/A/CommonPanels
0x0000000005bff000 	/System/Library/Frameworks/Carbon.framework/Versions/A/Frameworks/Help.framework/Versions/A/Help
0x0000000005bff000 	/System/Library/Frameworks/Carbon.framework/Versions/A/Frameworks/ImageCapture.framework/Versions/A/ImageCapture
0x0000000005bff000 	/System/Library/Frameworks/Carbon.framework/Versions/A/Frameworks/OpenScripting.framework/Versions/A/OpenScripting
0x0000000005bff000 	/System/Library/Frameworks/Carbon.framework/Versions/A/Frameworks/Print.framework/Versions/A/Print
0x0000000005bff000 	/System/Library/Frameworks/Carbon.framework/Versions/A/Frameworks/SecurityHI.framework/Versions/A/SecurityHI
0x00000001197a1000 	/Applications/IntelliJ IDEA CE.app/Contents/bin/libbreakgen64.jnilib
0x00000001197a4000 	/Library/Java/JavaVirtualMachines/jdk1.8.0_60.jdk/Contents/Home/jre/lib/libnet.dylib
0x0000000119803000 	/usr/local/share/OpenCV/java/libopencv_java2413.dylib
0x00000001198ba000 	/usr/local/lib/libopencv_contrib.2.4.dylib
0x00000001199cd000 	/usr/local/lib/libopencv_nonfree.2.4.dylib
0x0000000119a0a000 	/usr/local/lib/libopencv_gpu.2.4.dylib
0x0000000119a2e000 	/usr/local/lib/libopencv_legacy.2.4.dylib
0x0000000119b41000 	/usr/local/lib/libopencv_photo.2.4.dylib
0x0000000119b62000 	/usr/local/lib/libopencv_ocl.2.4.dylib
0x0000000119d39000 	/usr/local/lib/libopencv_calib3d.2.4.dylib
0x0000000119e35000 	/usr/local/lib/libopencv_features2d.2.4.dylib
0x0000000119edd000 	/usr/local/lib/libopencv_flann.2.4.dylib
0x0000000119f56000 	/usr/local/lib/libopencv_ml.2.4.dylib
0x0000000119fe4000 	/usr/local/lib/libopencv_video.2.4.dylib
0x000000011a03a000 	/usr/local/lib/libopencv_objdetect.2.4.dylib
0x000000011a0bd000 	/usr/local/lib/libopencv_highgui.2.4.dylib
0x000000011a319000 	/usr/local/lib/libopencv_imgproc.2.4.dylib
0x000000011a609000 	/usr/local/lib/libopencv_core.2.4.dylib
0x000000011a8ca000 	/opt/local/lib/libavcodec.56.dylib
0x000000011bdaf000 	/opt/local/lib/libavformat.56.dylib
0x000000011bf73000 	/opt/local/lib/libavutil.54.dylib
0x000000011bfe3000 	/opt/local/lib/libswscale.3.dylib
0x000000011c090000 	/opt/local/lib/libavresample.2.dylib
0x000000011c0c1000 	/System/Library/Frameworks/VideoDecodeAcceleration.framework/Versions/A/VideoDecodeAcceleration
0x000000011c0c8000 	/opt/local/lib/libbz2.1.0.dylib
0x0000000005bff000 	/System/Library/Frameworks/QTKit.framework/Versions/A/QTKit
0x000000011c0dc000 	/opt/local/lib/libswresample.1.dylib
0x0000000005bff000 	/System/Library/Frameworks/AVFoundation.framework/Versions/A/AVFoundation
0x0000000005bff000 	/System/Library/Frameworks/CoreMedia.framework/Versions/A/CoreMedia
0x0000000005bff000 	/System/Library/Frameworks/VideoToolbox.framework/Versions/A/VideoToolbox
0x000000011c108000 	/opt/local/lib/libiconv.2.dylib
0x000000011c209000 	/opt/local/lib/libxcb.1.dylib
0x000000011c227000 	/opt/local/lib/libxcb-shm.0.dylib
0x000000011c22b000 	/opt/local/lib/libxcb-xfixes.0.dylib
0x000000011c232000 	/opt/local/lib/libxcb-render.0.dylib
0x000000011c23b000 	/opt/local/lib/libxcb-shape.0.dylib
0x000000011c23f000 	/opt/local/lib/libX11.6.dylib
0x000000011c358000 	/opt/local/lib/libSDL-1.2.0.dylib
0x000000011c3c1000 	/opt/local/lib/libgmp.10.dylib
0x000000011c439000 	/opt/local/lib/libx264.148.dylib
0x000000011c5c7000 	/opt/local/lib/libvorbisenc.2.dylib
0x000000011c687000 	/opt/local/lib/libvorbis.0.dylib
0x000000011c6b3000 	/opt/local/lib/libogg.0.dylib
0x000000011c6ba000 	/opt/local/lib/libtheoraenc.1.dylib
0x000000011c6e2000 	/opt/local/lib/libtheoradec.1.dylib
0x000000011c6f1000 	/opt/local/lib/libspeex.1.dylib
0x000000011c708000 	/opt/local/lib/libsoxr.0.dylib
0x000000011c765000 	/opt/local/lib/libschroedinger-1.0.0.dylib
0x000000011c803000 	/opt/local/lib/libopus.0.dylib
0x000000011c848000 	/opt/local/lib/libopenjpeg.1.dylib
0x000000011c86d000 	/opt/local/lib/libmp3lame.0.dylib
0x000000011c8db000 	/opt/local/lib/libmodplug.1.dylib
0x000000011c9d0000 	/opt/local/lib/libfribidi.0.dylib
0x000000011c9e9000 	/opt/local/lib/libglib-2.0.0.dylib
0x000000011cad5000 	/opt/local/lib/libintl.8.dylib
0x000000011cae3000 	/opt/local/lib/libfreetype.6.dylib
0x000000011cb73000 	/opt/local/lib/libfontconfig.1.dylib
0x000000011cbab000 	/opt/local/lib/libbluray.1.dylib
0x000000011cbe3000 	/opt/local/lib/libass.5.dylib
0x000000011cc15000 	/opt/local/lib/libgnutls.28.dylib
0x000000011cd18000 	/opt/local/lib/liblzma.5.dylib
0x000000011cd3a000 	/opt/local/lib/libz.1.dylib
0x0000000005bff000 	/System/Library/Frameworks/MediaToolbox.framework/Versions/A/MediaToolbox
0x0000000005bff000 	/System/Library/PrivateFrameworks/CoreMediaAuthoring.framework/Versions/A/CoreMediaAuthoring
0x0000000005bff000 	/System/Library/Frameworks/CoreMediaIO.framework/Versions/A/CoreMediaIO
0x0000000005bff000 	/System/Library/Frameworks/AVFoundation.framework/Versions/A/Resources/libAVFAudio.dylib
0x0000000005bff000 	/usr/lib/libspindump.dylib
0x0000000005bff000 	/System/Library/PrivateFrameworks/CoreAVCHD.framework/Versions/A/CoreAVCHD
0x0000000005bff000 	/System/Library/Frameworks/MediaAccessibility.framework/Versions/A/MediaAccessibility
0x0000000005bff000 	/System/Library/PrivateFrameworks/Mangrove.framework/Versions/A/Mangrove
0x0000000005bff000 	/System/Library/PrivateFrameworks/CoreAUC.framework/Versions/A/CoreAUC
0x0000000005bff000 	/System/Library/PrivateFrameworks/AppleVA.framework/Versions/A/AppleVA
0x0000000005bff000 	/System/Library/PrivateFrameworks/XPCService.framework/Versions/A/XPCService
0x0000000005bff000 	/System/Library/PrivateFrameworks/AppSandbox.framework/Versions/A/AppSandbox
0x0000000005bff000 	/usr/lib/libsandbox.1.dylib
0x0000000005bff000 	/System/Library/PrivateFrameworks/AppContainer.framework/Versions/A/AppContainer
0x0000000005bff000 	/System/Library/PrivateFrameworks/SecCodeWrapper.framework/Versions/A/SecCodeWrapper
0x0000000005bff000 	/usr/lib/libMatch.1.dylib
0x000000011cd4e000 	/opt/local/lib/libXau.6.dylib
0x000000011cd52000 	/opt/local/lib/libXdmcp.6.dylib
0x000000011cd58000 	/opt/local/lib/libXext.6.dylib
0x000000011cd68000 	/opt/local/lib/libXrandr.2.dylib
0x000000011cd73000 	/opt/local/lib/libXrender.1.dylib
0x000000011cd7d000 	/opt/local/lib/liborc-0.4.0.dylib
0x000000011cdf0000 	/opt/local/lib/libpcre.1.dylib
0x000000011ce5b000 	/opt/local/lib/libpng16.16.dylib
0x000000011ce87000 	/opt/local/lib/libexpat.1.dylib
0x000000011cea7000 	/opt/local/lib/libxml2.2.dylib
0x000000011cfc9000 	/opt/local/lib/libp11-kit.0.dylib
0x000000011d02b000 	/opt/local/lib/libtasn1.6.dylib
0x000000011d03b000 	/opt/local/lib/libnettle.6.dylib
0x000000011d080000 	/opt/local/lib/libhogweed.4.dylib
0x000000011d0bc000 	/opt/local/lib/libffi.6.dylib
0x000000011e0ad000 	/Library/Java/JavaVirtualMachines/jdk1.8.0_60.jdk/Contents/Home/jre/lib/libawt.dylib
0x000000011e155000 	/Library/Java/JavaVirtualMachines/jdk1.8.0_60.jdk/Contents/Home/jre/lib/./libmlib_image.dylib
0x000000011e221000 	/Library/Java/JavaVirtualMachines/jdk1.8.0_60.jdk/Contents/Home/jre/lib/libawt_lwawt.dylib
0x000000011e2d6000 	/Library/Java/JavaVirtualMachines/jdk1.8.0_60.jdk/Contents/Home/jre/lib/./libosxapp.dylib
0x0000000005bff000 	/System/Library/Frameworks/ExceptionHandling.framework/Versions/A/ExceptionHandling
0x0000000005bff000 	/System/Library/PrivateFrameworks/CoreServicesInternal.framework/Versions/A/CoreServicesInternal
0x0000000005bff000 	/System/Library/Frameworks/CoreGraphics.framework/Versions/A/Resources/libRIP.A.dylib
0x0000000005bff000 	/System/Library/Frameworks/Accelerate.framework/Versions/A/Frameworks/vImage.framework/Versions/A/Libraries/libCGInterfaces.dylib
0x0000000005bff000 	/System/Library/PrivateFrameworks/FamilyControls.framework/Versions/A/FamilyControls
0x0000000005bff000 	/System/Library/PrivateFrameworks/CommerceKit.framework/Versions/A/Frameworks/CommerceCore.framework/Versions/A/CommerceCore
0x0000000005bff000 	/System/Library/PrivateFrameworks/SystemAdministration.framework/Versions/A/SystemAdministration
0x0000000005bff000 	/System/Library/Frameworks/DirectoryService.framework/Versions/A/DirectoryService
0x0000000005bff000 	/System/Library/PrivateFrameworks/DiskImages.framework/Versions/A/DiskImages
0x0000000005bff000 	/System/Library/PrivateFrameworks/LoginUIKit.framework/Versions/A/Frameworks/LoginUICore.framework/Versions/A/LoginUICore
0x0000000005bff000 	/usr/lib/libCoreStorage.dylib
0x0000000005bff000 	/usr/lib/libcsfde.dylib
0x0000000005bff000 	/usr/lib/libodfde.dylib
0x0000000005bff000 	/System/Library/Frameworks/DiscRecording.framework/Versions/A/DiscRecording
0x0000000005bff000 	/usr/lib/libcurl.4.dylib
0x0000000005bff000 	/System/Library/PrivateFrameworks/MediaKit.framework/Versions/A/MediaKit
0x0000000005bff000 	/System/Library/PrivateFrameworks/ProtectedCloudStorage.framework/Versions/A/ProtectedCloudStorage
0x0000000005bff000 	/System/Library/PrivateFrameworks/EFILogin.framework/Versions/A/EFILogin
0x0000000005bff000 	/usr/lib/libutil.dylib
0x0000000005bff000 	/System/Library/PrivateFrameworks/FindMyDevice.framework/Versions/A/FindMyDevice
0x0000000005bff000 	/System/Library/Frameworks/LDAP.framework/Versions/A/LDAP
0x0000000005bff000 	/usr/lib/libsasl2.2.dylib
0x0000000005bff000 	/System/Library/PrivateFrameworks/CoreDaemon.framework/Versions/B/CoreDaemon
0x0000000005bff000 	/usr/lib/libcrypto.0.9.8.dylib
0x0000000005bff000 	/System/Library/PrivateFrameworks/AppleSRP.framework/Versions/A/AppleSRP
0x0000000005bff000 	/System/Library/PrivateFrameworks/TrustEvaluationAgent.framework/Versions/A/TrustEvaluationAgent
0x0000000005bff000 	/System/Library/Frameworks/CoreGraphics.framework/Versions/A/Resources/libCGXType.A.dylib
0x0000000005bff000 	/System/Library/Frameworks/OpenCL.framework/Versions/A/Libraries/libcldcpuengine.dylib
0x000000011f582000 	cl_kernels
0x0000000005bff000 	/System/Library/Frameworks/OpenCL.framework/Versions/A/Libraries/ImageFormats/unorm8_bgra.dylib
0x0000000005bff000 	/System/Library/Frameworks/OpenCL.framework/Versions/A/Libraries/ImageFormats/unorm8_rgba.dylib
0x0000000005bff000 	/System/Library/Frameworks/OpenGL.framework/Versions/A/Resources/GLEngine.bundle/GLEngine
0x0000000005bff000 	/System/Library/Frameworks/OpenGL.framework/Versions/A/Libraries/libGLProgrammability.dylib
0x0000000121552000 	/System/Library/Extensions/AppleIntelBDWGraphicsGLDriver.bundle/Contents/MacOS/AppleIntelBDWGraphicsGLDriver
0x0000000005bff000 	/System/Library/PrivateFrameworks/GPUSupport.framework/Versions/A/Libraries/libGPUSupportMercury.dylib
0x0000000005bff000 	/System/Library/Frameworks/OpenGL.framework/Versions/A/Resources/GLRendererFloat.bundle/GLRendererFloat
0x00000001224dd000 	/Library/Java/JavaVirtualMachines/jdk1.8.0_60.jdk/Contents/Home/jre/lib/libfontmanager.dylib
0x0000000122544000 	/Library/Java/JavaVirtualMachines/jdk1.8.0_60.jdk/Contents/Home/jre/lib/libosxui.dylib
0x0000000122fa3000 	/System/Library/Extensions/AppleHDA.kext/Contents/PlugIns/AppleHDAHALPlugIn.bundle/Contents/MacOS/AppleHDAHALPlugIn
0x0000000122fad000 	/Library/Audio/Plug-Ins/HAL/BartenderAudioPlugIn.plugin/Contents/MacOS/BartenderAudioPlugIn
0x0000000122fb8000 	/Library/CoreMediaIO/Plug-Ins/DAL/AppleCamera.plugin/Contents/MacOS/AppleCamera
0x0000000122fe3000 	/System/Library/Frameworks/CoreMediaIO.framework/Resources/VDC.plugin/Contents/MacOS/VDC
0x0000000123013000 	/System/Library/Frameworks/CoreMediaIO.framework/Resources/CMIOUnits.bundle/Contents/MacOS/CMIOUnits
0x000000012319f000 	/System/Library/PrivateFrameworks/FWAVC.framework/Versions/A/FWAVC
0x0000000005bff000 	/System/Library/PrivateFrameworks/AppleGVA.framework/Versions/A/AppleGVA
0x0000000126957000 	/System/Library/Extensions/AppleIntelBDWGraphicsMTLDriver.bundle/Contents/MacOS/AppleIntelBDWGraphicsMTLDriver
0x0000000127c98000 	/Library/Java/JavaVirtualMachines/jdk1.8.0_60.jdk/Contents/Home/jre/lib/libnio.dylib
0x0000000128a00000 	/Library/Java/JavaVirtualMachines/jdk1.8.0_60.jdk/Contents/Home/jre/lib/libjpeg.dylib

VM Arguments:
jvm_args: -Djava.library.path=D:/opencv/build/java/x64;D:/opencv/build/x64/vc12/bin:/usr/local/share/OpenCV/java/ -Didea.launcher.port=7532 -Didea.launcher.bin.path=/Applications/IntelliJ IDEA CE.app/Contents/bin -Dfile.encoding=UTF-8 
java_command: com.intellij.rt.execution.application.AppMain team.sudocool.Main
java_class_path (initial): /Library/Java/JavaVirtualMachines/jdk1.8.0_60.jdk/Contents/Home/jre/lib/charsets.jar:/Library/Java/JavaVirtualMachines/jdk1.8.0_60.jdk/Contents/Home/jre/lib/deploy.jar:/Library/Java/JavaVirtualMachines/jdk1.8.0_60.jdk/Contents/Home/jre/lib/ext/cldrdata.jar:/Library/Java/JavaVirtualMachines/jdk1.8.0_60.jdk/Contents/Home/jre/lib/ext/dnsns.jar:/Library/Java/JavaVirtualMachines/jdk1.8.0_60.jdk/Contents/Home/jre/lib/ext/jaccess.jar:/Library/Java/JavaVirtualMachines/jdk1.8.0_60.jdk/Contents/Home/jre/lib/ext/jfxrt.jar:/Library/Java/JavaVirtualMachines/jdk1.8.0_60.jdk/Contents/Home/jre/lib/ext/localedata.jar:/Library/Java/JavaVirtualMachines/jdk1.8.0_60.jdk/Contents/Home/jre/lib/ext/nashorn.jar:/Library/Java/JavaVirtualMachines/jdk1.8.0_60.jdk/Contents/Home/jre/lib/ext/sunec.jar:/Library/Java/JavaVirtualMachines/jdk1.8.0_60.jdk/Contents/Home/jre/lib/ext/sunjce_provider.jar:/Library/Java/JavaVirtualMachines/jdk1.8.0_60.jdk/Contents/Home/jre/lib/ext/sunpkcs11.jar:/Library/Java/JavaVirtualMachines/jdk1.8.0_60.jdk/Contents/Home/jre/lib/ext/zipfs.jar:/Library/Java/JavaVirtualMachines/jdk1.8.0_60.jdk/Contents/Home/jre/lib/javaws.jar:/Library/Java/JavaVirtualMachines/jdk1.8.0_60.jdk/Contents/Home/jre/lib/jce.jar:/Library/Java/JavaVirtualMachines/jdk1.8.0_60.jdk/Contents/Home/jre/lib/jfr.jar:/Library/Java/JavaVirtualMachines/jdk1.8.0_60.jdk/Contents/Home/jre/lib/jfxswt.jar:/Library/Java/JavaVirtualMachines/jdk1.8.0_60.jdk/Contents/Home/jre/lib/jsse.jar:/Library/Java/JavaVirtualMachines/jdk1.8.0_60.jdk/Contents/Home/jre/lib/management-agent.jar:/Library/Java/JavaVirtualMachines/jdk1.8.0_60.jdk/Contents/Home/jre/lib/plugin.jar:/Library/Java/JavaVirtualMachines/jdk1.8.0_60.jdk/Contents/Home/jre/lib/resources.jar:/Library/Java/JavaVirtualMachines/jdk1.8.0_60.jdk/Contents/Home/jre/lib/rt.jar:/Library/Java/JavaVirtualMachines/jdk1.8.0_60.jdk/Contents/Home/lib/ant-javafx.jar:/Library/Java/JavaVirtualMachines/jdk1.8.0_60.jdk/Contents/Home/lib/dt.jar:/Library/Ja
Launcher Type: SUN_STANDARD

Environment Variables:
PATH=/Users/Heranort/Documents/cocos2d-x-3.10/templates:/Users/Heranort/Documents:/Users/Heranort/Documents/cocos2d-x-3.10/tools/cocos2d-console/bin:/opt/local/bin:/opt/local/sbin:/opt/local/bin:/opt/local/sbin:/opt/local/bin:/opt/local/sbin:/Library/Frameworks/Python.framework/Versions/2.7/bin:/Library/Frameworks/Python.framework/Versions/3.4/bin:/usr/local/bin:/usr/bin:/bin:/usr/sbin:/sbin:/opt/X11/bin:/Applications/Server.app/Contents/ServerRoot/usr/bin:/Applications/Server.app/Contents/ServerRoot/usr/sbin:/Applications/Racket v6.2/bin:/Library/TeX/texbin
SHELL=/bin/bash
DISPLAY=/private/tmp/com.apple.launchd.rILN6TYWgL/org.macosforge.xquartz:0

Signal Handlers:
SIGSEGV: [libjvm.dylib+0x5a6d31], sa_mask[0]=11111111011111110111111111111111, sa_flags=SA_ONSTACK|SA_RESTART|SA_SIGINFO
SIGBUS: [libjvm.dylib+0x5a6d31], sa_mask[0]=11111111011111110111111111111111, sa_flags=SA_RESTART|SA_SIGINFO
SIGFPE: [libjvm.dylib+0x480a4c], sa_mask[0]=11111111011111110111111111111111, sa_flags=SA_RESTART|SA_SIGINFO
SIGPIPE: [libjvm.dylib+0x480a4c], sa_mask[0]=11111111011111110111111111111111, sa_flags=SA_RESTART|SA_SIGINFO
SIGXFSZ: [libjvm.dylib+0x480a4c], sa_mask[0]=11111111011111110111111111111111, sa_flags=SA_RESTART|SA_SIGINFO
SIGILL: [libjvm.dylib+0x480a4c], sa_mask[0]=11111111011111110111111111111111, sa_flags=SA_RESTART|SA_SIGINFO
SIGUSR1: SIG_DFL, sa_mask[0]=00000000000000000000000000000000, sa_flags=none
SIGUSR2: [libjvm.dylib+0x48056a], sa_mask[0]=00100000000000000000000000000000, sa_flags=SA_RESTART|SA_SIGINFO
SIGHUP: [libjvm.dylib+0x47eb41], sa_mask[0]=11111111011111110111111111111111, sa_flags=SA_RESTART|SA_SIGINFO
SIGINT: [libjvm.dylib+0x47eb41], sa_mask[0]=11111111011111110111111111111111, sa_flags=SA_RESTART|SA_SIGINFO
SIGTERM: [libjvm.dylib+0x47eb41], sa_mask[0]=11111111011111110111111111111111, sa_flags=SA_RESTART|SA_SIGINFO
SIGQUIT: [libjvm.dylib+0x47eb41], sa_mask[0]=11111111011111110111111111111111, sa_flags=SA_RESTART|SA_SIGINFO


---------------  S Y S T E M  ---------------

OS:Bsduname:Darwin 15.3.0 Darwin Kernel Version 15.3.0: Thu Dec 10 18:40:58 PST 2015; root:xnu-3248.30.4~1/RELEASE_X86_64 x86_64
rlimit: STACK 8192k, CORE 0k, NPROC 709, NOFILE 10240, AS infinity
load average:3.91 3.78 3.81

CPU:total 4 (2 cores per cpu, 2 threads per core) family 6 model 61 stepping 4, cmov, cx8, fxsr, mmx, sse, sse2, sse3, ssse3, sse4.1, sse4.2, popcnt, avx, avx2, aes, clmul, erms, 3dnowpref, lzcnt, ht, tsc, tscinvbit, bmi1, bmi2, adx

Memory: 4k page, physical 8388608k(25980k free)

/proc/meminfo:


vm_info: Java HotSpot(TM) 64-Bit Server VM (25.60-b23) for bsd-amd64 JRE (1.8.0_60-b27), built on Aug  4 2015 10:47:24 by "java_re" with gcc 4.2.1 (Based on Apple Inc. build 5658) (LLVM build 2336.11.00)

time: Thu Nov 17 21:48:32 2016
elapsed time: 44 seconds (0d 0h 0m 44s)

