#
# A fatal error has been detected by the Java Runtime Environment:
#
#  SIGSEGV (0xb) at pc=0x0000000126ba1232, pid=12344, tid=97055
#
# JRE version: Java(TM) SE Runtime Environment (8.0_60-b27) (build 1.8.0_60-b27)
# Java VM: Java HotSpot(TM) 64-Bit Server VM (25.60-b23 mixed mode bsd-amd64 compressed oops)
# Problematic frame:
# C  [libopencv_imgproc.2.4.dylib+0x120232]  _ZNK2cv13HResizeLinearIhisLi2048ENS_12HResizeNoVecEEclEPPKhPPiiPKiPKsiiiii+0xd2
#
# Failed to write core dump. Core dumps have been disabled. To enable core dumping, try "ulimit -c unlimited" before starting Java again
#
# If you would like to submit a bug report, please visit:
#   http://bugreport.java.com/bugreport/crash.jsp
# The crash happened outside the Java Virtual Machine in native code.
# See problematic frame for where to report the bug.
#

---------------  T H R E A D  ---------------

Current thread (0x00007fe9221b6800):  JavaThread "Thread-0" [_thread_in_native, id=97055, stack(0x0000700001bfa000,0x0000700001cfa000)]

siginfo: si_signo: 11 (SIGSEGV), si_code: 1 (SEGV_MAPERR), si_addr: 0x0000000000000000

Registers:
RAX=0x0000000000000000, RBX=0x0000700001cf39b0, RCX=0x0000000000000705, RDX=0x0000000000000000
RSP=0x0000700001cf25c8, RBP=0x0000700001cf25f0, RSI=0x0000000000000800, RDI=0x0000700001cf36a8
R8 =0x00007fe9235c0c00, R9 =0x00007fe9235c2d64, R10=0x0000000000000708, R11=0x0000000000000000
R12=0x0000000000000000, R13=0x0000000000000705, R14=0x00007fe923561200, R15=0x0000000000000003
RIP=0x0000000126ba1232, EFLAGS=0x0000000000010246, ERR=0x0000000000000004
  TRAPNO=0x000000000000000e

Top of Stack: (sp=0x0000700001cf25c8)
0x0000700001cf25c8:   0000700001cf39b0 00007fe9235c4984
0x0000700001cf25d8:   0000000000000001 0000000000000000
0x0000700001cf25e8:   0000000000000000 0000700001cf3820
0x0000700001cf25f8:   0000000126ba1042 0000000000000708
0x0000700001cf2608:   0000000100000708 00007fe900000003
0x0000700001cf2618:   0000000000000000 0000000100000705
0x0000700001cf2628:   0000700001cf39b0 00000003569702a4
0x0000700001cf2638:   0000700001cf3838 00007fe9235c4984
0x0000700001cf2648:   0000000000000000 0000000000001c40
0x0000700001cf2658:   00007fe900000000 00007fe923561200
0x0000700001cf2668:   0000000000000e20 00007fff35259f98
0x0000700001cf2678:   0000000035294240 0000000133444000
0x0000700001cf2688:   00007fe921ebccc0 0000000056970322
0x0000700001cf2698:   0000000133981000 00007fe921cbfc00
0x0000700001cf26a8:   0000000055c0fef3 00000001353dd000
0x0000700001cf26b8:   00007fe921cc0b50 0000000000000000
0x0000700001cf26c8:   0000000125f6b000 00007fe921e2b210
0x0000700001cf26d8:   0000000035294220 00000001231e6df0
0x0000700001cf26e8:   00007fe921e2a170 000000002324cc10
0x0000700001cf26f8:   00000001231e6dd0 00007fe921e2c420
0x0000700001cf2708:   0000000057f8c873 0000000126172000
0x0000700001cf2718:   00007fe935294240 0000000057f8c873
0x0000700001cf2728:   0000000126196000 00007fe921e2c960
0x0000700001cf2738:   0000000057f8c873 00000001262ca000
0x0000700001cf2748:   00007fe921d21650 0000000057f8c873
0x0000700001cf2758:   00000001231e6a68 00007fe921d21bf0
0x0000700001cf2768:   0000000057f8c872 000000012659d000
0x0000700001cf2778:   00007fe92313ed88 00000000231daf20
0x0000700001cf2788:   00000001267a2000 00007fe921f1f2b0
0x0000700001cf2798:   0000000057f8c873 0000000126825000
0x0000700001cf27a8:   00007fe921f1f410 0000000057f8c872
0x0000700001cf27b8:   0000000128517000 0000000128517570 

Instructions: (pc=0x0000000126ba1232)
0x0000000126ba1212:   55 b8 31 d2 44 8b 7d 20 49 89 cd 0f 1f 00 49 63
0x0000000126ba1222:   04 90 49 89 f6 41 0f bf 34 91 45 0f bf 5c 91 02
0x0000000126ba1232:   41 0f b6 0c 04 0f af ce 49 63 ff 48 01 c7 41 0f
0x0000000126ba1242:   b6 1c 3c 41 0f af db 01 cb 41 0f b6 04 02 0f af 

Register to memory mapping:

RAX=0x0000000000000000 is an unknown value
RBX=0x0000700001cf39b0 is pointing into the stack for thread: 0x00007fe9221b6800
RCX=0x0000000000000705 is an unknown value
RDX=0x0000000000000000 is an unknown value
RSP=0x0000700001cf25c8 is pointing into the stack for thread: 0x00007fe9221b6800
RBP=0x0000700001cf25f0 is pointing into the stack for thread: 0x00007fe9221b6800
RSI=0x0000000000000800 is an unknown value
RDI=0x0000700001cf36a8 is pointing into the stack for thread: 0x00007fe9221b6800
R8 =0x00007fe9235c0c00 is an unknown value
R9 =0x00007fe9235c2d64 is an unknown value
R10=0x0000000000000708 is an unknown value
R11=0x0000000000000000 is an unknown value
R12=0x0000000000000000 is an unknown value
R13=0x0000000000000705 is an unknown value
R14=0x00007fe923561200 is an unknown value
R15=0x0000000000000003 is an unknown value


Stack: [0x0000700001bfa000,0x0000700001cfa000],  sp=0x0000700001cf25c8,  free space=993k
Native frames: (J=compiled Java code, j=interpreted, Vv=VM code, C=native code)
C  [libopencv_imgproc.2.4.dylib+0x120232]  _ZNK2cv13HResizeLinearIhisLi2048ENS_12HResizeNoVecEEclEPPKhPPiiPKiPKsiiiii+0xd2
C  [libopencv_imgproc.2.4.dylib+0x120042]  _ZNK2cv21resizeGeneric_InvokerINS_13HResizeLinearIhisLi2048ENS_12HResizeNoVecEEENS_13VResizeLinearIhisNS_11FixedPtCastIihLi22EEENS_22VResizeLinearVec_32s8uEEEEclERKNS_5RangeE+0x4c2
C  [libopencv_core.2.4.dylib+0x1c310b]  _ZN12_GLOBAL__N_1L14block_functionEPvm+0x7b
C  [libdispatch.dylib+0x1402a]  _dispatch_client_callout2+0x8
C  [libdispatch.dylib+0x13f7b]  _dispatch_apply_invoke+0x57
C  [libdispatch.dylib+0x13e20]  dispatch_apply_f+0x2f1
C  [libopencv_core.2.4.dylib+0x1c3075]  _ZN2cv13parallel_for_ERKNS_5RangeERKNS_16ParallelLoopBodyEd+0x75
C  [libopencv_imgproc.2.4.dylib+0xf4eba]  _ZN2cvL14resizeGeneric_INS_13HResizeLinearIhisLi2048ENS_12HResizeNoVecEEENS_13VResizeLinearIhisNS_11FixedPtCastIihLi22EEENS_22VResizeLinearVec_32s8uEEEEEvRKNS_3MatERS9_PKiPKvSE_SG_iii+0x15a
C  [libopencv_imgproc.2.4.dylib+0xf46fc]  _ZN2cv6resizeERKNS_11_InputArrayERKNS_12_OutputArrayENS_5Size_IiEEddi+0x2aec
C  [libopencv_java2413.dylib+0x34511]  Java_org_opencv_imgproc_Imgproc_resize_11+0x61
J 914  org.opencv.imgproc.Imgproc.resize_1(JJDD)V (0 bytes) @ 0x000000010ef2561a [0x000000010ef25540+0xda]
J 836 C1 org.opencv.imgproc.Imgproc.resize(Lorg/opencv/core/Mat;Lorg/opencv/core/Mat;Lorg/opencv/core/Size;)V (20 bytes) @ 0x000000010eef1cb4 [0x000000010eef1c40+0x74]
j  team.sudocool.Eye.VideoCap.getOneFrame()Ljava/awt/image/BufferedImage;+67
j  team.sudocool.Eye.VideoCap.getMat()Lorg/opencv/core/Mat;+1
j  team.sudocool.Eye.Eye.snapAPhoto()Lorg/opencv/core/Mat;+5
j  team.sudocool.Eye.EyeFinder.run()V+4
v  ~StubRoutines::call_stub
V  [libjvm.dylib+0x2eab0e]
V  [libjvm.dylib+0x2eb29c]
V  [libjvm.dylib+0x2eb448]
V  [libjvm.dylib+0x345965]
V  [libjvm.dylib+0x5612d3]
V  [libjvm.dylib+0x5629ce]
V  [libjvm.dylib+0x48343a]
C  [libsystem_pthread.dylib+0x3c13]  _pthread_body+0x83
C  [libsystem_pthread.dylib+0x3b90]  _pthread_body+0x0
C  [libsystem_pthread.dylib+0x1375]  thread_start+0xd
C  0x0000000000000000

Java frames: (J=compiled Java code, j=interpreted, Vv=VM code)
J 914  org.opencv.imgproc.Imgproc.resize_1(JJDD)V (0 bytes) @ 0x000000010ef25584 [0x000000010ef25540+0x44]
J 836 C1 org.opencv.imgproc.Imgproc.resize(Lorg/opencv/core/Mat;Lorg/opencv/core/Mat;Lorg/opencv/core/Size;)V (20 bytes) @ 0x000000010eef1cb4 [0x000000010eef1c40+0x74]
j  team.sudocool.Eye.VideoCap.getOneFrame()Ljava/awt/image/BufferedImage;+67
j  team.sudocool.Eye.VideoCap.getMat()Lorg/opencv/core/Mat;+1
j  team.sudocool.Eye.Eye.snapAPhoto()Lorg/opencv/core/Mat;+5
j  team.sudocool.Eye.EyeFinder.run()V+4
v  ~StubRoutines::call_stub

---------------  P R O C E S S  ---------------

Java Threads: ( => current thread )
  0x00007fe922969000 JavaThread "DestroyJavaVM" [_thread_blocked, id=4099, stack(0x0000700000084000,0x0000700000184000)]
=>0x00007fe9221b6800 JavaThread "Thread-0" [_thread_in_native, id=97055, stack(0x0000700001bfa000,0x0000700001cfa000)]
  0x00007fe923288800 JavaThread "AWT-EventQueue-0" [_thread_in_native, id=91911, stack(0x0000700001af7000,0x0000700001bf7000)]
  0x00007fe923246800 JavaThread "Thread-2" [_thread_blocked, id=89091, stack(0x0000700001971000,0x0000700001a71000)]
  0x00007fe923244800 JavaThread "Thread-1" [_thread_blocked, id=88579, stack(0x000070000186e000,0x000070000196e000)]
  0x00007fe9239a9800 JavaThread "Java2D Disposer" daemon [_thread_blocked, id=39951, stack(0x000070000155f000,0x000070000165f000)]
  0x00007fe922110800 JavaThread "Java2D Queue Flusher" daemon [_thread_blocked, id=43783, stack(0x000070000145c000,0x000070000155c000)]
  0x00007fe9220f9000 JavaThread "AWT-Shutdown" [_thread_blocked, id=28699, stack(0x00007000012d6000,0x00007000013d6000)]
  0x00007fe923951000 JavaThread "AppKit Thread" daemon [_thread_in_native, id=2571, stack(0x00007fff5235b000,0x00007fff52b5b000)]
  0x00007fe92307a000 JavaThread "Monitor Ctrl-Break" daemon [_thread_in_native, id=19459, stack(0x000070000104a000,0x000070000114a000)]
  0x00007fe923812800 JavaThread "Service Thread" daemon [_thread_blocked, id=18435, stack(0x0000700000e44000,0x0000700000f44000)]
  0x00007fe92282d800 JavaThread "C1 CompilerThread2" daemon [_thread_blocked, id=17923, stack(0x0000700000d41000,0x0000700000e41000)]
  0x00007fe923028000 JavaThread "C2 CompilerThread1" daemon [_thread_blocked, id=17411, stack(0x0000700000c3e000,0x0000700000d3e000)]
  0x00007fe92282d000 JavaThread "C2 CompilerThread0" daemon [_thread_blocked, id=16899, stack(0x0000700000b3b000,0x0000700000c3b000)]
  0x00007fe92302b800 JavaThread "Signal Dispatcher" daemon [_thread_blocked, id=16139, stack(0x0000700000a38000,0x0000700000b38000)]
  0x00007fe923801000 JavaThread "Finalizer" daemon [_thread_blocked, id=11779, stack(0x000070000082f000,0x000070000092f000)]
  0x00007fe92202d000 JavaThread "Reference Handler" daemon [_thread_blocked, id=11267, stack(0x000070000072c000,0x000070000082c000)]

Other Threads:
  0x00007fe922814800 VMThread [stack: 0x0000700000629000,0x0000700000729000] [id=10755]
  0x00007fe92381e800 WatcherThread [stack: 0x0000700000f47000,0x0000700001047000] [id=18947]

VM state:not at safepoint (normal execution)

VM Mutex/Monitor currently owned by a thread: None

Heap:
 PSYoungGen      total 144384K, used 139107K [0x0000000795580000, 0x000000079f180000, 0x00000007c0000000)
  eden space 132096K, 97% used [0x0000000795580000,0x000000079d353458,0x000000079d680000)
  from space 12288K, 83% used [0x000000079e380000,0x000000079ed85ad0,0x000000079ef80000)
  to   space 13312K, 0% used [0x000000079d680000,0x000000079d680000,0x000000079e380000)
 ParOldGen       total 87552K, used 13155K [0x0000000740000000, 0x0000000745580000, 0x0000000795580000)
  object space 87552K, 15% used [0x0000000740000000,0x0000000740cd8f70,0x0000000745580000)
 Metaspace       used 10913K, capacity 11102K, committed 11392K, reserved 1058816K
  class space    used 1294K, capacity 1372K, committed 1408K, reserved 1048576K

Card table byte_map: [0x000000011dfc0000,0x000000011e3c1000] byte_map_base: 0x000000011a5c0000

Marking Bits: (ParMarkBitMap*) 0x000000010dc13e20
 Begin Bits: [0x000000011e66c000, 0x000000012066c000)
 End Bits:   [0x000000012066c000, 0x000000012266c000)

Polling page: 0x000000010e301000

CodeCache: size=245760Kb used=3503Kb max_used=3516Kb free=242256Kb
 bounds [0x000000010ec00000, 0x000000010ef80000, 0x000000011dc00000]
 total_blobs=1709 nmethods=1045 adapters=578
 compilation: enabled

Compilation events (10 events):
Event: 20.443 Thread 0x00007fe92282d800 1044       3       java.awt.image.Raster::<init> (220 bytes)
Event: 20.444 Thread 0x00007fe92282d800 nmethod 1044 0x000000010ef693d0 code [0x000000010ef69640, 0x000000010ef6a478]
Event: 20.446 Thread 0x00007fe923028000 1045   !   4       com.sun.imageio.plugins.jpeg.JPEGImageReader::readInputData (43 bytes)
Event: 20.450 Thread 0x00007fe923028000 nmethod 1045 0x000000010ef679d0 code [0x000000010ef67b40, 0x000000010ef67ce8]
Event: 20.688 Thread 0x00007fe92282d000 1046   !   4       javax.swing.RepaintManager::addDirtyRegion0 (205 bytes)
Event: 20.709 Thread 0x00007fe923028000 1047       4       javax.swing.RepaintManager::currentManager (37 bytes)
Event: 20.710 Thread 0x00007fe923028000 nmethod 1047 0x000000010ef6d150 code [0x000000010ef6d2a0, 0x000000010ef6d348]
Event: 20.720 Thread 0x00007fe92282d000 nmethod 1046 0x000000010ef6fe90 code [0x000000010ef700e0, 0x000000010ef713c0]
Event: 20.746 Thread 0x00007fe923028000 1048       4       java.awt.Component::repaint (16 bytes)
Event: 20.753 Thread 0x00007fe923028000 nmethod 1048 0x000000010ef6da90 code [0x000000010ef6dc40, 0x000000010ef6df30]

GC Heap History (10 events):
Event: 7.126 GC heap before
{Heap before GC invocations=2 (full 0):
 PSYoungGen      total 38400K, used 37907K [0x0000000795580000, 0x0000000798000000, 0x00000007c0000000)
  eden space 33280K, 99% used [0x0000000795580000,0x00000007975d78e0,0x0000000797600000)
  from space 5120K, 93% used [0x0000000797600000,0x0000000797aad600,0x0000000797b00000)
  to   space 5120K, 0% used [0x0000000797b00000,0x0000000797b00000,0x0000000798000000)
 ParOldGen       total 87552K, used 600K [0x0000000740000000, 0x0000000745580000, 0x0000000795580000)
  object space 87552K, 0% used [0x0000000740000000,0x0000000740096198,0x0000000745580000)
 Metaspace       used 10535K, capacity 10714K, committed 10880K, reserved 1058816K
  class space    used 1260K, capacity 1334K, committed 1408K, reserved 1048576K
Event: 7.153 GC heap after
Heap after GC invocations=2 (full 0):
 PSYoungGen      total 38400K, used 5104K [0x0000000795580000, 0x000000079a080000, 0x00000007c0000000)
  eden space 33280K, 0% used [0x0000000795580000,0x0000000795580000,0x0000000797600000)
  from space 5120K, 99% used [0x0000000797b00000,0x0000000797ffc210,0x0000000798000000)
  to   space 5120K, 0% used [0x0000000797600000,0x0000000797600000,0x0000000797b00000)
 ParOldGen       total 87552K, used 1720K [0x0000000740000000, 0x0000000745580000, 0x0000000795580000)
  object space 87552K, 1% used [0x0000000740000000,0x00000007401ae198,0x0000000745580000)
 Metaspace       used 10535K, capacity 10714K, committed 10880K, reserved 1058816K
  class space    used 1260K, capacity 1334K, committed 1408K, reserved 1048576K
}
Event: 8.641 GC heap before
{Heap before GC invocations=3 (full 0):
 PSYoungGen      total 38400K, used 38384K [0x0000000795580000, 0x000000079a080000, 0x00000007c0000000)
  eden space 33280K, 100% used [0x0000000795580000,0x0000000797600000,0x0000000797600000)
  from space 5120K, 99% used [0x0000000797b00000,0x0000000797ffc210,0x0000000798000000)
  to   space 5120K, 0% used [0x0000000797600000,0x0000000797600000,0x0000000797b00000)
 ParOldGen       total 87552K, used 1833K [0x0000000740000000, 0x0000000745580000, 0x0000000795580000)
  object space 87552K, 2% used [0x0000000740000000,0x00000007401ca798,0x0000000745580000)
 Metaspace       used 10660K, capacity 10874K, committed 11136K, reserved 1058816K
  class space    used 1281K, capacity 1366K, committed 1408K, reserved 1048576K
Event: 8.672 GC heap after
Heap after GC invocations=3 (full 0):
 PSYoungGen      total 38400K, used 5111K [0x0000000795580000, 0x000000079a080000, 0x00000007c0000000)
  eden space 33280K, 0% used [0x0000000795580000,0x0000000795580000,0x0000000797600000)
  from space 5120K, 99% used [0x0000000797600000,0x0000000797afddd8,0x0000000797b00000)
  to   space 5120K, 0% used [0x0000000799b80000,0x0000000799b80000,0x000000079a080000)
 ParOldGen       total 87552K, used 3665K [0x0000000740000000, 0x0000000745580000, 0x0000000795580000)
  object space 87552K, 4% used [0x0000000740000000,0x0000000740394798,0x0000000745580000)
 Metaspace       used 10660K, capacity 10874K, committed 11136K, reserved 1058816K
  class space    used 1281K, capacity 1366K, committed 1408K, reserved 1048576K
}
Event: 10.144 GC heap before
{Heap before GC invocations=4 (full 0):
 PSYoungGen      total 38400K, used 38391K [0x0000000795580000, 0x000000079a080000, 0x00000007c0000000)
  eden space 33280K, 100% used [0x0000000795580000,0x0000000797600000,0x0000000797600000)
  from space 5120K, 99% used [0x0000000797600000,0x0000000797afddd8,0x0000000797b00000)
  to   space 5120K, 0% used [0x0000000799b80000,0x0000000799b80000,0x000000079a080000)
 ParOldGen       total 87552K, used 3667K [0x0000000740000000, 0x0000000745580000, 0x0000000795580000)
  object space 87552K, 4% used [0x0000000740000000,0x0000000740394f70,0x0000000745580000)
 Metaspace       used 10671K, capacity 10874K, committed 11136K, reserved 1058816K
  class space    used 1281K, capacity 1366K, committed 1408K, reserved 1048576K
Event: 10.174 GC heap after
Heap after GC invocations=4 (full 0):
 PSYoungGen      total 71680K, used 5120K [0x0000000795580000, 0x000000079a080000, 0x00000007c0000000)
  eden space 66560K, 0% used [0x0000000795580000,0x0000000795580000,0x0000000799680000)
  from space 5120K, 100% used [0x0000000799b80000,0x000000079a080000,0x000000079a080000)
  to   space 5120K, 0% used [0x0000000799680000,0x0000000799680000,0x0000000799b80000)
 ParOldGen       total 87552K, used 5115K [0x0000000740000000, 0x0000000745580000, 0x0000000795580000)
  object space 87552K, 5% used [0x0000000740000000,0x00000007404fef70,0x0000000745580000)
 Metaspace       used 10671K, capacity 10874K, committed 11136K, reserved 1058816K
  class space    used 1281K, capacity 1366K, committed 1408K, reserved 1048576K
}
Event: 13.100 GC heap before
{Heap before GC invocations=5 (full 0):
 PSYoungGen      total 71680K, used 71680K [0x0000000795580000, 0x000000079a080000, 0x00000007c0000000)
  eden space 66560K, 100% used [0x0000000795580000,0x0000000799680000,0x0000000799680000)
  from space 5120K, 100% used [0x0000000799b80000,0x000000079a080000,0x000000079a080000)
  to   space 5120K, 0% used [0x0000000799680000,0x0000000799680000,0x0000000799b80000)
 ParOldGen       total 87552K, used 5115K [0x0000000740000000, 0x0000000745580000, 0x0000000795580000)
  object space 87552K, 5% used [0x0000000740000000,0x00000007404fef70,0x0000000745580000)
 Metaspace       used 10740K, capacity 10942K, committed 11136K, reserved 1058816K
  class space    used 1281K, capacity 1366K, committed 1408K, reserved 1048576K
Event: 13.146 GC heap after
Heap after GC invocations=5 (full 0):
 PSYoungGen      total 71680K, used 5104K [0x0000000795580000, 0x000000079ef80000, 0x00000007c0000000)
  eden space 66560K, 0% used [0x0000000795580000,0x0000000795580000,0x0000000799680000)
  from space 5120K, 99% used [0x0000000799680000,0x0000000799b7c010,0x0000000799b80000)
  to   space 12288K, 0% used [0x000000079e380000,0x000000079e380000,0x000000079ef80000)
 ParOldGen       total 87552K, used 13147K [0x0000000740000000, 0x0000000745580000, 0x0000000795580000)
  object space 87552K, 15% used [0x0000000740000000,0x0000000740cd6f70,0x0000000745580000)
 Metaspace       used 10740K, capacity 10942K, committed 11136K, reserved 1058816K
  class space    used 1281K, capacity 1366K, committed 1408K, reserved 1048576K
}
Event: 15.647 GC heap before
{Heap before GC invocations=6 (full 0):
 PSYoungGen      total 71680K, used 71648K [0x0000000795580000, 0x000000079ef80000, 0x00000007c0000000)
  eden space 66560K, 99% used [0x0000000795580000,0x000000079967c290,0x0000000799680000)
  from space 5120K, 99% used [0x0000000799680000,0x0000000799b7c010,0x0000000799b80000)
  to   space 12288K, 0% used [0x000000079e380000,0x000000079e380000,0x000000079ef80000)
 ParOldGen       total 87552K, used 13147K [0x0000000740000000, 0x0000000745580000, 0x0000000795580000)
  object space 87552K, 15% used [0x0000000740000000,0x0000000740cd6f70,0x0000000745580000)
 Metaspace       used 10830K, capacity 11030K, committed 11136K, reserved 1058816K
  class space    used 1294K, capacity 1372K, committed 1408K, reserved 1048576K
Event: 15.686 GC heap after
Heap after GC invocations=6 (full 0):
 PSYoungGen      total 144384K, used 10262K [0x0000000795580000, 0x000000079f180000, 0x00000007c0000000)
  eden space 132096K, 0% used [0x0000000795580000,0x0000000795580000,0x000000079d680000)
  from space 12288K, 83% used [0x000000079e380000,0x000000079ed85ad0,0x000000079ef80000)
  to   space 13312K, 0% used [0x000000079d680000,0x000000079d680000,0x000000079e380000)
 ParOldGen       total 87552K, used 13155K [0x0000000740000000, 0x0000000745580000, 0x0000000795580000)
  object space 87552K, 15% used [0x0000000740000000,0x0000000740cd8f70,0x0000000745580000)
 Metaspace       used 10830K, capacity 11030K, committed 11136K, reserved 1058816K
  class space    used 1294K, capacity 1372K, committed 1408K, reserved 1048576K
}

Deoptimization events (10 events):
Event: 5.458 Thread 0x00007fe923801000 Uncommon trap: reason=bimorphic action=maybe_recompile pc=0x000000010ee5b674 method=java.lang.System$2.invokeFinalize(Ljava/lang/Object;)V @ 1
Event: 5.458 Thread 0x00007fe923801000 Uncommon trap: reason=bimorphic action=maybe_recompile pc=0x000000010ee5b674 method=java.lang.System$2.invokeFinalize(Ljava/lang/Object;)V @ 1
Event: 5.475 Thread 0x00007fe92202d000 Uncommon trap: reason=unstable_if action=reinterpret pc=0x000000010ee58e48 method=java.lang.ref.ReferenceQueue.enqueue(Ljava/lang/ref/Reference;)Z @ 61
Event: 8.702 Thread 0x00007fe92202d000 Uncommon trap: reason=unstable_if action=reinterpret pc=0x000000010ee77c28 method=java.lang.ref.Reference$ReferenceHandler.run()V @ 9
Event: 10.974 Thread 0x00007fe923288800 Uncommon trap: reason=unstable_if action=reinterpret pc=0x000000010eea7a50 method=team.sudocool.ImgWorks.EzGridSquareExtractor.lambda$getOuterBoundContour$0(Lorg/opencv/core/MatOfPoint;)Z @ 18
Event: 13.958 Thread 0x00007fe923288800 Uncommon trap: reason=unstable_if action=reinterpret pc=0x000000010eee99ac method=java.util.stream.ReferencePipeline$2$1.accept(Ljava/lang/Object;)V @ 13
Event: 13.958 Thread 0x00007fe923288800 Uncommon trap: reason=unstable_if action=reinterpret pc=0x000000010ee35fe8 method=team.sudocool.ImgWorks.EzGridSquareExtractor.lambda$getOuterBoundContour$0(Lorg/opencv/core/MatOfPoint;)Z @ 18
Event: 14.029 Thread 0x00007fe923288800 Uncommon trap: reason=unstable_if action=reinterpret pc=0x000000010eea64c0 method=team.sudocool.ImgWorks.EzGridSquareExtractor.lambda$getOuterBoundContour$0(Lorg/opencv/core/MatOfPoint;)Z @ 18
Event: 14.029 Thread 0x00007fe923288800 Uncommon trap: reason=unstable_if action=reinterpret pc=0x000000010ee309e0 method=team.sudocool.ImgWorks.EzGridSquareExtractor.lambda$getOuterBoundContour$0(Lorg/opencv/core/MatOfPoint;)Z @ 18
Event: 14.114 Thread 0x00007fe923288800 Uncommon trap: reason=unstable_if action=reinterpret pc=0x000000010ee30604 method=team.sudocool.ImgWorks.EzGridSquareExtractor.lambda$getOuterBoundContour$0(Lorg/opencv/core/MatOfPoint;)Z @ 18

Internal exceptions (10 events):
Event: 1.187 Thread 0x00007fe923802800 Exception <a 'java/security/PrivilegedActionException'> (0x00000007958c3528) thrown at [/Users/java_re/workspace/8-2-build-macosx-x86_64/jdk8u60/4407/hotspot/src/share/vm/prims/jvm.cpp, line 1386]
Event: 1.187 Thread 0x00007fe923802800 Exception <a 'java/security/PrivilegedActionException'> (0x00000007958c3738) thrown at [/Users/java_re/workspace/8-2-build-macosx-x86_64/jdk8u60/4407/hotspot/src/share/vm/prims/jvm.cpp, line 1386]
Event: 1.370 Thread 0x00007fe923802800 Exception <a 'java/lang/NoSuchFieldError': method resolution failed> (0x000000079599de58) thrown at [/Users/java_re/workspace/8-2-build-macosx-x86_64/jdk8u60/4407/hotspot/src/share/vm/prims/methodHandles.cpp, line 1146]
Event: 1.404 Thread 0x00007fe923802800 Exception <a 'java/lang/NoSuchFieldError': method resolution failed> (0x00000007959ab628) thrown at [/Users/java_re/workspace/8-2-build-macosx-x86_64/jdk8u60/4407/hotspot/src/share/vm/prims/methodHandles.cpp, line 1146]
Event: 1.694 Thread 0x00007fe923802800 Exception <a 'java/io/FileNotFoundException'> (0x0000000795a27430) thrown at [/Users/java_re/workspace/8-2-build-macosx-x86_64/jdk8u60/4407/hotspot/src/share/vm/prims/jni.cpp, line 709]
Event: 1.694 Thread 0x00007fe923802800 Exception <a 'java/io/FileNotFoundException'> (0x0000000795a27f90) thrown at [/Users/java_re/workspace/8-2-build-macosx-x86_64/jdk8u60/4407/hotspot/src/share/vm/prims/jni.cpp, line 709]
Event: 5.459 Thread 0x00007fe923801000 Exception <a 'java/lang/NullPointerException'> (0x00000007956276b0) thrown at [/Users/java_re/workspace/8-2-build-macosx-x86_64/jdk8u60/4407/hotspot/src/share/vm/interpreter/linkResolver.cpp, line 1178]
Event: 5.469 Thread 0x00007fe923801000 Exception <a 'java/lang/NullPointerException'> (0x00000007956278d8) thrown at [/Users/java_re/workspace/8-2-build-macosx-x86_64/jdk8u60/4407/hotspot/src/share/vm/interpreter/linkResolver.cpp, line 1178]
Event: 8.702 Thread 0x00007fe92202d000 Implicit null exception at 0x000000010ee77554 to 0x000000010ee77c19
Event: 14.039 Thread 0x00007fe923288800 Exception <a 'java/lang/NoSuchMethodError': java.lang.Object.lambda$minBy$23(Ljava/util/Comparator;Ljava/lang/Object;Ljava/lang/Object;)Ljava/lang/Object;> (0x0000000796d0f6c8) thrown at [/Users/java_re/workspace/8-2-build-macosx-x86_64/jdk8u60/4407/hotsp

Events (10 events):
Event: 14.040 loading class java/util/stream/ReduceOps$2ReducingSink done
Event: 14.040 loading class java/util/Optional
Event: 14.040 loading class java/util/Optional done
Event: 14.114 Thread 0x00007fe923288800 Uncommon trap: trap_request=0xffffff65 fr.pc=0x000000010ee30604
Event: 14.114 Thread 0x00007fe923288800 DEOPT PACKING pc=0x000000010ee30604 sp=0x0000700001bf4540
Event: 14.114 Thread 0x00007fe923288800 DEOPT UNPACKING pc=0x000000010ec05229 sp=0x0000700001bf44d8 mode 2
Event: 15.647 Executing VM operation: ParallelGCFailedAllocation
Event: 15.686 Executing VM operation: ParallelGCFailedAllocation done
Event: 16.662 Thread 0x00007fe923288800 DEOPT PACKING pc=0x000000010eef326f sp=0x0000700001bf4630
Event: 16.662 Thread 0x00007fe923288800 DEOPT UNPACKING pc=0x000000010ec47633 sp=0x0000700001bf4390 mode 0


Dynamic libraries:
0x0000000005bff000 	/System/Library/Frameworks/Cocoa.framework/Versions/A/Cocoa
0x0000000005bff000 	/System/Library/Frameworks/Security.framework/Versions/A/Security
0x0000000005bff000 	/System/Library/Frameworks/ApplicationServices.framework/Versions/A/ApplicationServices
0x0000000005bff000 	/usr/lib/libz.1.dylib
0x0000000005bff000 	/usr/lib/libSystem.B.dylib
0x0000000005bff000 	/usr/lib/libobjc.A.dylib
0x0000000005bff000 	/System/Library/Frameworks/CoreFoundation.framework/Versions/A/CoreFoundation
0x0000000005bff000 	/System/Library/Frameworks/Foundation.framework/Versions/C/Foundation
0x0000000005bff000 	/System/Library/Frameworks/AppKit.framework/Versions/C/AppKit
0x0000000005bff000 	/System/Library/Frameworks/CoreData.framework/Versions/A/CoreData
0x0000000005bff000 	/System/Library/PrivateFrameworks/RemoteViewServices.framework/Versions/A/RemoteViewServices
0x0000000005bff000 	/System/Library/PrivateFrameworks/UIFoundation.framework/Versions/A/UIFoundation
0x0000000005bff000 	/usr/lib/libScreenReader.dylib
0x0000000005bff000 	/System/Library/Frameworks/Accelerate.framework/Versions/A/Accelerate
0x0000000005bff000 	/System/Library/Frameworks/IOSurface.framework/Versions/A/IOSurface
0x0000000005bff000 	/System/Library/Frameworks/AudioToolbox.framework/Versions/A/AudioToolbox
0x0000000005bff000 	/System/Library/Frameworks/AudioUnit.framework/Versions/A/AudioUnit
0x0000000005bff000 	/System/Library/PrivateFrameworks/DataDetectorsCore.framework/Versions/A/DataDetectorsCore
0x0000000005bff000 	/System/Library/PrivateFrameworks/DesktopServicesPriv.framework/Versions/A/DesktopServicesPriv
0x0000000005bff000 	/System/Library/Frameworks/Carbon.framework/Versions/A/Frameworks/HIToolbox.framework/Versions/A/HIToolbox
0x0000000005bff000 	/System/Library/Frameworks/QuartzCore.framework/Versions/A/QuartzCore
0x0000000005bff000 	/System/Library/Frameworks/Carbon.framework/Versions/A/Frameworks/SpeechRecognition.framework/Versions/A/SpeechRecognition
0x0000000005bff000 	/usr/lib/libauto.dylib
0x0000000005bff000 	/usr/lib/libicucore.A.dylib
0x0000000005bff000 	/usr/lib/libxml2.2.dylib
0x0000000005bff000 	/System/Library/PrivateFrameworks/CoreUI.framework/Versions/A/CoreUI
0x0000000005bff000 	/System/Library/Frameworks/CoreAudio.framework/Versions/A/CoreAudio
0x0000000005bff000 	/System/Library/Frameworks/DiskArbitration.framework/Versions/A/DiskArbitration
0x0000000005bff000 	/usr/lib/liblangid.dylib
0x0000000005bff000 	/System/Library/PrivateFrameworks/MultitouchSupport.framework/Versions/A/MultitouchSupport
0x0000000005bff000 	/System/Library/Frameworks/IOKit.framework/Versions/A/IOKit
0x0000000005bff000 	/usr/lib/libDiagnosticMessagesClient.dylib
0x0000000005bff000 	/System/Library/Frameworks/CoreServices.framework/Versions/A/CoreServices
0x0000000005bff000 	/System/Library/PrivateFrameworks/PerformanceAnalysis.framework/Versions/A/PerformanceAnalysis
0x0000000005bff000 	/System/Library/PrivateFrameworks/GenerationalStorage.framework/Versions/A/GenerationalStorage
0x0000000005bff000 	/System/Library/Frameworks/OpenGL.framework/Versions/A/OpenGL
0x0000000005bff000 	/System/Library/PrivateFrameworks/Sharing.framework/Versions/A/Sharing
0x0000000005bff000 	/System/Library/Frameworks/CoreGraphics.framework/Versions/A/CoreGraphics
0x0000000005bff000 	/System/Library/Frameworks/CoreImage.framework/Versions/A/CoreImage
0x0000000005bff000 	/System/Library/Frameworks/CoreText.framework/Versions/A/CoreText
0x0000000005bff000 	/System/Library/Frameworks/ImageIO.framework/Versions/A/ImageIO
0x0000000005bff000 	/System/Library/PrivateFrameworks/Backup.framework/Versions/A/Backup
0x0000000005bff000 	/usr/lib/libextension.dylib
0x0000000005bff000 	/usr/lib/libarchive.2.dylib
0x0000000005bff000 	/System/Library/Frameworks/CFNetwork.framework/Versions/A/CFNetwork
0x0000000005bff000 	/System/Library/Frameworks/SystemConfiguration.framework/Versions/A/SystemConfiguration
0x0000000005bff000 	/usr/lib/libCRFSuite.dylib
0x0000000005bff000 	/usr/lib/libc++.1.dylib
0x0000000005bff000 	/usr/lib/libc++abi.dylib
0x0000000005bff000 	/usr/lib/system/libcache.dylib
0x0000000005bff000 	/usr/lib/system/libcommonCrypto.dylib
0x0000000005bff000 	/usr/lib/system/libcompiler_rt.dylib
0x0000000005bff000 	/usr/lib/system/libcopyfile.dylib
0x0000000005bff000 	/usr/lib/system/libcorecrypto.dylib
0x0000000005bff000 	/usr/lib/system/libdispatch.dylib
0x0000000005bff000 	/usr/lib/system/libdyld.dylib
0x0000000005bff000 	/usr/lib/system/libkeymgr.dylib
0x0000000005bff000 	/usr/lib/system/liblaunch.dylib
0x0000000005bff000 	/usr/lib/system/libmacho.dylib
0x0000000005bff000 	/usr/lib/system/libquarantine.dylib
0x0000000005bff000 	/usr/lib/system/libremovefile.dylib
0x0000000005bff000 	/usr/lib/system/libsystem_asl.dylib
0x0000000005bff000 	/usr/lib/system/libsystem_blocks.dylib
0x0000000005bff000 	/usr/lib/system/libsystem_c.dylib
0x0000000005bff000 	/usr/lib/system/libsystem_configuration.dylib
0x0000000005bff000 	/usr/lib/system/libsystem_coreservices.dylib
0x0000000005bff000 	/usr/lib/system/libsystem_coretls.dylib
0x0000000005bff000 	/usr/lib/system/libsystem_dnssd.dylib
0x0000000005bff000 	/usr/lib/system/libsystem_info.dylib
0x0000000005bff000 	/usr/lib/system/libsystem_kernel.dylib
0x0000000005bff000 	/usr/lib/system/libsystem_m.dylib
0x0000000005bff000 	/usr/lib/system/libsystem_malloc.dylib
0x0000000005bff000 	/usr/lib/system/libsystem_network.dylib
0x0000000005bff000 	/usr/lib/system/libsystem_networkextension.dylib
0x0000000005bff000 	/usr/lib/system/libsystem_notify.dylib
0x0000000005bff000 	/usr/lib/system/libsystem_platform.dylib
0x0000000005bff000 	/usr/lib/system/libsystem_pthread.dylib
0x0000000005bff000 	/usr/lib/system/libsystem_sandbox.dylib
0x0000000005bff000 	/usr/lib/system/libsystem_secinit.dylib
0x0000000005bff000 	/usr/lib/system/libsystem_trace.dylib
0x0000000005bff000 	/usr/lib/system/libunc.dylib
0x0000000005bff000 	/usr/lib/system/libunwind.dylib
0x0000000005bff000 	/usr/lib/system/libxpc.dylib
0x0000000005bff000 	/usr/lib/libenergytrace.dylib
0x0000000005bff000 	/usr/lib/libbsm.0.dylib
0x0000000005bff000 	/usr/lib/system/libkxld.dylib
0x0000000005bff000 	/usr/lib/libxar.1.dylib
0x0000000005bff000 	/usr/lib/libsqlite3.dylib
0x0000000005bff000 	/usr/lib/libpam.2.dylib
0x0000000005bff000 	/usr/lib/libOpenScriptingUtil.dylib
0x0000000005bff000 	/usr/lib/libbz2.1.0.dylib
0x0000000005bff000 	/usr/lib/liblzma.5.dylib
0x0000000005bff000 	/System/Library/Frameworks/CoreServices.framework/Versions/A/Frameworks/FSEvents.framework/Versions/A/FSEvents
0x0000000005bff000 	/System/Library/Frameworks/CoreServices.framework/Versions/A/Frameworks/CarbonCore.framework/Versions/A/CarbonCore
0x0000000005bff000 	/System/Library/Frameworks/CoreServices.framework/Versions/A/Frameworks/Metadata.framework/Versions/A/Metadata
0x0000000005bff000 	/System/Library/Frameworks/CoreServices.framework/Versions/A/Frameworks/OSServices.framework/Versions/A/OSServices
0x0000000005bff000 	/System/Library/Frameworks/CoreServices.framework/Versions/A/Frameworks/SearchKit.framework/Versions/A/SearchKit
0x0000000005bff000 	/System/Library/Frameworks/CoreServices.framework/Versions/A/Frameworks/AE.framework/Versions/A/AE
0x0000000005bff000 	/System/Library/Frameworks/CoreServices.framework/Versions/A/Frameworks/LaunchServices.framework/Versions/A/LaunchServices
0x0000000005bff000 	/System/Library/Frameworks/CoreServices.framework/Versions/A/Frameworks/DictionaryServices.framework/Versions/A/DictionaryServices
0x0000000005bff000 	/System/Library/Frameworks/CoreServices.framework/Versions/A/Frameworks/SharedFileList.framework/Versions/A/SharedFileList
0x0000000005bff000 	/System/Library/Frameworks/NetFS.framework/Versions/A/NetFS
0x0000000005bff000 	/System/Library/PrivateFrameworks/NetAuth.framework/Versions/A/NetAuth
0x0000000005bff000 	/System/Library/PrivateFrameworks/login.framework/Versions/A/Frameworks/loginsupport.framework/Versions/A/loginsupport
0x0000000005bff000 	/System/Library/PrivateFrameworks/TCC.framework/Versions/A/TCC
0x0000000005bff000 	/usr/lib/libmecabra.dylib
0x0000000005bff000 	/System/Library/Frameworks/ApplicationServices.framework/Versions/A/Frameworks/ATS.framework/Versions/A/ATS
0x0000000005bff000 	/System/Library/Frameworks/ApplicationServices.framework/Versions/A/Frameworks/ColorSync.framework/Versions/A/ColorSync
0x0000000005bff000 	/System/Library/Frameworks/ApplicationServices.framework/Versions/A/Frameworks/HIServices.framework/Versions/A/HIServices
0x0000000005bff000 	/System/Library/Frameworks/ApplicationServices.framework/Versions/A/Frameworks/LangAnalysis.framework/Versions/A/LangAnalysis
0x0000000005bff000 	/System/Library/Frameworks/ApplicationServices.framework/Versions/A/Frameworks/PrintCore.framework/Versions/A/PrintCore
0x0000000005bff000 	/System/Library/Frameworks/ApplicationServices.framework/Versions/A/Frameworks/QD.framework/Versions/A/QD
0x0000000005bff000 	/System/Library/Frameworks/ApplicationServices.framework/Versions/A/Frameworks/SpeechSynthesis.framework/Versions/A/SpeechSynthesis
0x0000000005bff000 	/System/Library/Frameworks/Metal.framework/Versions/A/Metal
0x0000000005bff000 	/System/Library/Frameworks/Accelerate.framework/Versions/A/Frameworks/vImage.framework/Versions/A/vImage
0x0000000005bff000 	/System/Library/Frameworks/Accelerate.framework/Versions/A/Frameworks/vecLib.framework/Versions/A/vecLib
0x0000000005bff000 	/System/Library/Frameworks/Accelerate.framework/Versions/A/Frameworks/vecLib.framework/Versions/A/libvDSP.dylib
0x0000000005bff000 	/System/Library/Frameworks/Accelerate.framework/Versions/A/Frameworks/vecLib.framework/Versions/A/libvMisc.dylib
0x0000000005bff000 	/System/Library/Frameworks/Accelerate.framework/Versions/A/Frameworks/vecLib.framework/Versions/A/libLAPACK.dylib
0x0000000005bff000 	/System/Library/Frameworks/Accelerate.framework/Versions/A/Frameworks/vecLib.framework/Versions/A/libBLAS.dylib
0x0000000005bff000 	/System/Library/Frameworks/Accelerate.framework/Versions/A/Frameworks/vecLib.framework/Versions/A/libLinearAlgebra.dylib
0x0000000005bff000 	/System/Library/Frameworks/Accelerate.framework/Versions/A/Frameworks/vecLib.framework/Versions/A/libSparseBLAS.dylib
0x0000000005bff000 	/System/Library/PrivateFrameworks/GPUCompiler.framework/libmetal_timestamp.dylib
0x0000000005bff000 	/System/Library/Frameworks/OpenGL.framework/Versions/A/Libraries/libCoreFSCache.dylib
0x0000000005bff000 	/System/Library/PrivateFrameworks/IOAccelerator.framework/Versions/A/IOAccelerator
0x0000000005bff000 	/System/Library/Frameworks/ApplicationServices.framework/Versions/A/Frameworks/ATS.framework/Versions/A/Resources/libFontParser.dylib
0x0000000005bff000 	/System/Library/Frameworks/ApplicationServices.framework/Versions/A/Frameworks/ATS.framework/Versions/A/Resources/libFontRegistry.dylib
0x0000000005bff000 	/System/Library/PrivateFrameworks/AppleVPA.framework/Versions/A/AppleVPA
0x0000000005bff000 	/System/Library/PrivateFrameworks/AppleJPEG.framework/Versions/A/AppleJPEG
0x0000000005bff000 	/System/Library/Frameworks/ImageIO.framework/Versions/A/Resources/libJPEG.dylib
0x0000000005bff000 	/System/Library/Frameworks/ImageIO.framework/Versions/A/Resources/libTIFF.dylib
0x0000000005bff000 	/System/Library/Frameworks/ImageIO.framework/Versions/A/Resources/libPng.dylib
0x0000000005bff000 	/System/Library/Frameworks/ImageIO.framework/Versions/A/Resources/libGIF.dylib
0x0000000005bff000 	/System/Library/Frameworks/ImageIO.framework/Versions/A/Resources/libJP2.dylib
0x0000000005bff000 	/System/Library/Frameworks/ImageIO.framework/Versions/A/Resources/libRadiance.dylib
0x0000000005bff000 	/System/Library/Frameworks/CoreVideo.framework/Versions/A/CoreVideo
0x0000000005bff000 	/System/Library/Frameworks/OpenGL.framework/Versions/A/Libraries/libGLU.dylib
0x0000000005bff000 	/System/Library/Frameworks/OpenGL.framework/Versions/A/Libraries/libGFXShared.dylib
0x0000000005bff000 	/System/Library/Frameworks/OpenGL.framework/Versions/A/Libraries/libGL.dylib
0x0000000005bff000 	/System/Library/Frameworks/OpenGL.framework/Versions/A/Libraries/libGLImage.dylib
0x0000000005bff000 	/System/Library/Frameworks/OpenGL.framework/Versions/A/Libraries/libCVMSPluginSupport.dylib
0x0000000005bff000 	/System/Library/Frameworks/OpenGL.framework/Versions/A/Libraries/libCoreVMClient.dylib
0x0000000005bff000 	/usr/lib/libcups.2.dylib
0x0000000005bff000 	/System/Library/Frameworks/Kerberos.framework/Versions/A/Kerberos
0x0000000005bff000 	/System/Library/Frameworks/GSS.framework/Versions/A/GSS
0x0000000005bff000 	/usr/lib/libresolv.9.dylib
0x0000000005bff000 	/usr/lib/libiconv.2.dylib
0x0000000005bff000 	/System/Library/PrivateFrameworks/Heimdal.framework/Versions/A/Heimdal
0x0000000005bff000 	/usr/lib/libheimdal-asn1.dylib
0x0000000005bff000 	/System/Library/Frameworks/OpenDirectory.framework/Versions/A/OpenDirectory
0x0000000005bff000 	/System/Library/PrivateFrameworks/CommonAuth.framework/Versions/A/CommonAuth
0x0000000005bff000 	/System/Library/Frameworks/OpenDirectory.framework/Versions/A/Frameworks/CFOpenDirectory.framework/Versions/A/CFOpenDirectory
0x0000000005bff000 	/System/Library/Frameworks/SecurityFoundation.framework/Versions/A/SecurityFoundation
0x0000000005bff000 	/System/Library/PrivateFrameworks/LanguageModeling.framework/Versions/A/LanguageModeling
0x0000000005bff000 	/usr/lib/libmarisa.dylib
0x0000000005bff000 	/usr/lib/libChineseTokenizer.dylib
0x0000000005bff000 	/usr/lib/libcmph.dylib
0x0000000005bff000 	/usr/lib/libcompression.dylib
0x0000000005bff000 	/System/Library/Frameworks/ServiceManagement.framework/Versions/A/ServiceManagement
0x0000000005bff000 	/usr/lib/libxslt.1.dylib
0x0000000005bff000 	/System/Library/Frameworks/Carbon.framework/Versions/A/Frameworks/Ink.framework/Versions/A/Ink
0x0000000005bff000 	/usr/lib/libFosl_dynamic.dylib
0x0000000005bff000 	/System/Library/PrivateFrameworks/FaceCore.framework/Versions/A/FaceCore
0x0000000005bff000 	/System/Library/Frameworks/OpenCL.framework/Versions/A/OpenCL
0x0000000005bff000 	/System/Library/PrivateFrameworks/CrashReporterSupport.framework/Versions/A/CrashReporterSupport
0x0000000005bff000 	/System/Library/PrivateFrameworks/IconServices.framework/Versions/A/IconServices
0x0000000005bff000 	/System/Library/PrivateFrameworks/Apple80211.framework/Versions/A/Apple80211
0x0000000005bff000 	/System/Library/Frameworks/CoreWLAN.framework/Versions/A/CoreWLAN
0x0000000005bff000 	/System/Library/Frameworks/IOBluetooth.framework/Versions/A/IOBluetooth
0x0000000005bff000 	/System/Library/PrivateFrameworks/CoreWiFi.framework/Versions/A/CoreWiFi
0x0000000005bff000 	/System/Library/Frameworks/CoreBluetooth.framework/Versions/A/CoreBluetooth
0x0000000005bff000 	/System/Library/PrivateFrameworks/ChunkingLibrary.framework/Versions/A/ChunkingLibrary
0x0000000005bff000 	/System/Library/PrivateFrameworks/DebugSymbols.framework/Versions/A/DebugSymbols
0x0000000005bff000 	/System/Library/PrivateFrameworks/CoreSymbolication.framework/Versions/A/CoreSymbolication
0x0000000005bff000 	/System/Library/PrivateFrameworks/Symbolication.framework/Versions/A/Symbolication
0x0000000005bff000 	/System/Library/PrivateFrameworks/SpeechRecognitionCore.framework/Versions/A/SpeechRecognitionCore
0x000000010d2f1000 	/System/Library/CoreServices/Encodings/libSimplifiedChineseConverter.dylib
0x000000010d335000 	/Library/Java/JavaVirtualMachines/jdk1.8.0_60.jdk/Contents/Home/jre/lib/server/libjvm.dylib
0x0000000005bff000 	/usr/lib/libstdc++.6.dylib
0x000000010e2be000 	/Library/Java/JavaVirtualMachines/jdk1.8.0_60.jdk/Contents/Home/jre/lib/libverify.dylib
0x000000010e2cc000 	/Library/Java/JavaVirtualMachines/jdk1.8.0_60.jdk/Contents/Home/jre/lib/libjava.dylib
0x000000010e30f000 	/Library/Java/JavaVirtualMachines/jdk1.8.0_60.jdk/Contents/Home/jre/lib/libzip.dylib
0x000000010e3e4000 	/System/Library/Frameworks/JavaVM.framework/Frameworks/JavaRuntimeSupport.framework/JavaRuntimeSupport
0x0000000124497000 	/System/Library/Frameworks/JavaVM.framework/Versions/A/Frameworks/JavaNativeFoundation.framework/Versions/A/JavaNativeFoundation
0x00000001244ac000 	/System/Library/Frameworks/JavaVM.framework/Versions/A/JavaVM
0x0000000005bff000 	/System/Library/Frameworks/Carbon.framework/Versions/A/Carbon
0x00000001244b9000 	/System/Library/PrivateFrameworks/JavaLaunching.framework/Versions/A/JavaLaunching
0x0000000005bff000 	/System/Library/Frameworks/Carbon.framework/Versions/A/Frameworks/CommonPanels.framework/Versions/A/CommonPanels
0x0000000005bff000 	/System/Library/Frameworks/Carbon.framework/Versions/A/Frameworks/Help.framework/Versions/A/Help
0x0000000005bff000 	/System/Library/Frameworks/Carbon.framework/Versions/A/Frameworks/ImageCapture.framework/Versions/A/ImageCapture
0x0000000005bff000 	/System/Library/Frameworks/Carbon.framework/Versions/A/Frameworks/OpenScripting.framework/Versions/A/OpenScripting
0x0000000005bff000 	/System/Library/Frameworks/Carbon.framework/Versions/A/Frameworks/Print.framework/Versions/A/Print
0x0000000005bff000 	/System/Library/Frameworks/Carbon.framework/Versions/A/Frameworks/SecurityHI.framework/Versions/A/SecurityHI
0x0000000125f09000 	/Applications/IntelliJ IDEA CE.app/Contents/bin/libbreakgen64.jnilib
0x0000000125f0c000 	/Library/Java/JavaVirtualMachines/jdk1.8.0_60.jdk/Contents/Home/jre/lib/libnet.dylib
0x0000000125f6b000 	/usr/local/share/OpenCV/java/libopencv_java2413.dylib
0x0000000126022000 	/usr/local/lib/libopencv_contrib.2.4.dylib
0x0000000126135000 	/usr/local/lib/libopencv_nonfree.2.4.dylib
0x0000000126172000 	/usr/local/lib/libopencv_gpu.2.4.dylib
0x0000000126196000 	/usr/local/lib/libopencv_legacy.2.4.dylib
0x00000001262a9000 	/usr/local/lib/libopencv_photo.2.4.dylib
0x00000001262ca000 	/usr/local/lib/libopencv_ocl.2.4.dylib
0x00000001264a1000 	/usr/local/lib/libopencv_calib3d.2.4.dylib
0x000000012659d000 	/usr/local/lib/libopencv_features2d.2.4.dylib
0x0000000126645000 	/usr/local/lib/libopencv_flann.2.4.dylib
0x00000001266be000 	/usr/local/lib/libopencv_ml.2.4.dylib
0x000000012674c000 	/usr/local/lib/libopencv_video.2.4.dylib
0x00000001267a2000 	/usr/local/lib/libopencv_objdetect.2.4.dylib
0x0000000126825000 	/usr/local/lib/libopencv_highgui.2.4.dylib
0x0000000126a81000 	/usr/local/lib/libopencv_imgproc.2.4.dylib
0x0000000126d71000 	/usr/local/lib/libopencv_core.2.4.dylib
0x0000000127032000 	/opt/local/lib/libavcodec.56.dylib
0x0000000128517000 	/opt/local/lib/libavformat.56.dylib
0x00000001286db000 	/opt/local/lib/libavutil.54.dylib
0x000000012874b000 	/opt/local/lib/libswscale.3.dylib
0x00000001287f8000 	/opt/local/lib/libavresample.2.dylib
0x0000000128829000 	/System/Library/Frameworks/VideoDecodeAcceleration.framework/Versions/A/VideoDecodeAcceleration
0x0000000128830000 	/opt/local/lib/libbz2.1.0.dylib
0x0000000005bff000 	/System/Library/Frameworks/QTKit.framework/Versions/A/QTKit
0x0000000128844000 	/opt/local/lib/libswresample.1.dylib
0x0000000005bff000 	/System/Library/Frameworks/AVFoundation.framework/Versions/A/AVFoundation
0x0000000005bff000 	/System/Library/Frameworks/CoreMedia.framework/Versions/A/CoreMedia
0x0000000005bff000 	/System/Library/Frameworks/VideoToolbox.framework/Versions/A/VideoToolbox
0x0000000128870000 	/opt/local/lib/libiconv.2.dylib
0x0000000128971000 	/opt/local/lib/libxcb.1.dylib
0x000000012898f000 	/opt/local/lib/libxcb-shm.0.dylib
0x0000000128993000 	/opt/local/lib/libxcb-xfixes.0.dylib
0x000000012899a000 	/opt/local/lib/libxcb-render.0.dylib
0x00000001289a3000 	/opt/local/lib/libxcb-shape.0.dylib
0x00000001289a7000 	/opt/local/lib/libX11.6.dylib
0x0000000128ac0000 	/opt/local/lib/libSDL-1.2.0.dylib
0x0000000128b29000 	/opt/local/lib/libgmp.10.dylib
0x0000000128ba1000 	/opt/local/lib/libx264.148.dylib
0x0000000128d2f000 	/opt/local/lib/libvorbisenc.2.dylib
0x0000000128def000 	/opt/local/lib/libvorbis.0.dylib
0x0000000128e1b000 	/opt/local/lib/libogg.0.dylib
0x0000000128e22000 	/opt/local/lib/libtheoraenc.1.dylib
0x0000000128e4a000 	/opt/local/lib/libtheoradec.1.dylib
0x0000000128e59000 	/opt/local/lib/libspeex.1.dylib
0x0000000128e70000 	/opt/local/lib/libsoxr.0.dylib
0x0000000128ecd000 	/opt/local/lib/libschroedinger-1.0.0.dylib
0x0000000128f6b000 	/opt/local/lib/libopus.0.dylib
0x0000000128fb0000 	/opt/local/lib/libopenjpeg.1.dylib
0x0000000128fd5000 	/opt/local/lib/libmp3lame.0.dylib
0x0000000129043000 	/opt/local/lib/libmodplug.1.dylib
0x0000000129138000 	/opt/local/lib/libfribidi.0.dylib
0x0000000129151000 	/opt/local/lib/libglib-2.0.0.dylib
0x000000012923d000 	/opt/local/lib/libintl.8.dylib
0x000000012924b000 	/opt/local/lib/libfreetype.6.dylib
0x00000001292db000 	/opt/local/lib/libfontconfig.1.dylib
0x0000000129313000 	/opt/local/lib/libbluray.1.dylib
0x000000012934b000 	/opt/local/lib/libass.5.dylib
0x000000012937d000 	/opt/local/lib/libgnutls.28.dylib
0x0000000129480000 	/opt/local/lib/liblzma.5.dylib
0x00000001294a2000 	/opt/local/lib/libz.1.dylib
0x0000000005bff000 	/System/Library/Frameworks/MediaToolbox.framework/Versions/A/MediaToolbox
0x0000000005bff000 	/System/Library/PrivateFrameworks/CoreMediaAuthoring.framework/Versions/A/CoreMediaAuthoring
0x0000000005bff000 	/System/Library/Frameworks/CoreMediaIO.framework/Versions/A/CoreMediaIO
0x0000000005bff000 	/System/Library/Frameworks/AVFoundation.framework/Versions/A/Resources/libAVFAudio.dylib
0x0000000005bff000 	/usr/lib/libspindump.dylib
0x0000000005bff000 	/System/Library/PrivateFrameworks/CoreAVCHD.framework/Versions/A/CoreAVCHD
0x0000000005bff000 	/System/Library/Frameworks/MediaAccessibility.framework/Versions/A/MediaAccessibility
0x0000000005bff000 	/System/Library/PrivateFrameworks/Mangrove.framework/Versions/A/Mangrove
0x0000000005bff000 	/System/Library/PrivateFrameworks/CoreAUC.framework/Versions/A/CoreAUC
0x0000000005bff000 	/System/Library/PrivateFrameworks/AppleVA.framework/Versions/A/AppleVA
0x0000000005bff000 	/System/Library/PrivateFrameworks/XPCService.framework/Versions/A/XPCService
0x0000000005bff000 	/System/Library/PrivateFrameworks/AppSandbox.framework/Versions/A/AppSandbox
0x0000000005bff000 	/usr/lib/libsandbox.1.dylib
0x0000000005bff000 	/System/Library/PrivateFrameworks/AppContainer.framework/Versions/A/AppContainer
0x0000000005bff000 	/System/Library/PrivateFrameworks/SecCodeWrapper.framework/Versions/A/SecCodeWrapper
0x0000000005bff000 	/usr/lib/libMatch.1.dylib
0x00000001294b6000 	/opt/local/lib/libXau.6.dylib
0x00000001294ba000 	/opt/local/lib/libXdmcp.6.dylib
0x00000001294c0000 	/opt/local/lib/libXext.6.dylib
0x00000001294d0000 	/opt/local/lib/libXrandr.2.dylib
0x00000001294db000 	/opt/local/lib/libXrender.1.dylib
0x00000001294e5000 	/opt/local/lib/liborc-0.4.0.dylib
0x0000000129558000 	/opt/local/lib/libpcre.1.dylib
0x00000001295c3000 	/opt/local/lib/libpng16.16.dylib
0x00000001295ef000 	/opt/local/lib/libexpat.1.dylib
0x000000012960f000 	/opt/local/lib/libxml2.2.dylib
0x0000000129731000 	/opt/local/lib/libp11-kit.0.dylib
0x0000000129793000 	/opt/local/lib/libtasn1.6.dylib
0x00000001297a3000 	/opt/local/lib/libnettle.6.dylib
0x00000001297e8000 	/opt/local/lib/libhogweed.4.dylib
0x0000000129824000 	/opt/local/lib/libffi.6.dylib
0x000000012a815000 	/Library/Java/JavaVirtualMachines/jdk1.8.0_60.jdk/Contents/Home/jre/lib/libawt.dylib
0x000000012a8bd000 	/Library/Java/JavaVirtualMachines/jdk1.8.0_60.jdk/Contents/Home/jre/lib/./libmlib_image.dylib
0x000000012a989000 	/Library/Java/JavaVirtualMachines/jdk1.8.0_60.jdk/Contents/Home/jre/lib/libawt_lwawt.dylib
0x000000012aa3e000 	/Library/Java/JavaVirtualMachines/jdk1.8.0_60.jdk/Contents/Home/jre/lib/./libosxapp.dylib
0x0000000005bff000 	/System/Library/Frameworks/ExceptionHandling.framework/Versions/A/ExceptionHandling
0x0000000005bff000 	/System/Library/PrivateFrameworks/CoreServicesInternal.framework/Versions/A/CoreServicesInternal
0x0000000005bff000 	/System/Library/Frameworks/CoreGraphics.framework/Versions/A/Resources/libRIP.A.dylib
0x0000000005bff000 	/System/Library/Frameworks/Accelerate.framework/Versions/A/Frameworks/vImage.framework/Versions/A/Libraries/libCGInterfaces.dylib
0x0000000005bff000 	/System/Library/PrivateFrameworks/FamilyControls.framework/Versions/A/FamilyControls
0x0000000005bff000 	/System/Library/PrivateFrameworks/CommerceKit.framework/Versions/A/Frameworks/CommerceCore.framework/Versions/A/CommerceCore
0x0000000005bff000 	/System/Library/PrivateFrameworks/SystemAdministration.framework/Versions/A/SystemAdministration
0x0000000005bff000 	/System/Library/Frameworks/DirectoryService.framework/Versions/A/DirectoryService
0x0000000005bff000 	/System/Library/PrivateFrameworks/DiskImages.framework/Versions/A/DiskImages
0x0000000005bff000 	/System/Library/PrivateFrameworks/LoginUIKit.framework/Versions/A/Frameworks/LoginUICore.framework/Versions/A/LoginUICore
0x0000000005bff000 	/usr/lib/libCoreStorage.dylib
0x0000000005bff000 	/usr/lib/libcsfde.dylib
0x0000000005bff000 	/usr/lib/libodfde.dylib
0x0000000005bff000 	/System/Library/Frameworks/DiscRecording.framework/Versions/A/DiscRecording
0x0000000005bff000 	/usr/lib/libcurl.4.dylib
0x0000000005bff000 	/System/Library/PrivateFrameworks/MediaKit.framework/Versions/A/MediaKit
0x0000000005bff000 	/System/Library/PrivateFrameworks/ProtectedCloudStorage.framework/Versions/A/ProtectedCloudStorage
0x0000000005bff000 	/System/Library/PrivateFrameworks/EFILogin.framework/Versions/A/EFILogin
0x0000000005bff000 	/usr/lib/libutil.dylib
0x0000000005bff000 	/System/Library/PrivateFrameworks/FindMyDevice.framework/Versions/A/FindMyDevice
0x0000000005bff000 	/System/Library/Frameworks/LDAP.framework/Versions/A/LDAP
0x0000000005bff000 	/usr/lib/libsasl2.2.dylib
0x0000000005bff000 	/System/Library/PrivateFrameworks/CoreDaemon.framework/Versions/B/CoreDaemon
0x0000000005bff000 	/usr/lib/libcrypto.0.9.8.dylib
0x0000000005bff000 	/System/Library/PrivateFrameworks/AppleSRP.framework/Versions/A/AppleSRP
0x0000000005bff000 	/System/Library/PrivateFrameworks/TrustEvaluationAgent.framework/Versions/A/TrustEvaluationAgent
0x0000000005bff000 	/System/Library/Frameworks/CoreGraphics.framework/Versions/A/Resources/libCGXType.A.dylib
0x0000000005bff000 	/System/Library/Frameworks/OpenCL.framework/Versions/A/Libraries/libcldcpuengine.dylib
0x000000012bcea000 	cl_kernels
0x0000000005bff000 	/System/Library/Frameworks/OpenCL.framework/Versions/A/Libraries/ImageFormats/unorm8_bgra.dylib
0x0000000005bff000 	/System/Library/Frameworks/OpenCL.framework/Versions/A/Libraries/ImageFormats/unorm8_rgba.dylib
0x0000000005bff000 	/System/Library/Frameworks/OpenGL.framework/Versions/A/Resources/GLEngine.bundle/GLEngine
0x0000000005bff000 	/System/Library/Frameworks/OpenGL.framework/Versions/A/Libraries/libGLProgrammability.dylib
0x000000012dcb9000 	/System/Library/Extensions/AppleIntelBDWGraphicsGLDriver.bundle/Contents/MacOS/AppleIntelBDWGraphicsGLDriver
0x0000000005bff000 	/System/Library/PrivateFrameworks/GPUSupport.framework/Versions/A/Libraries/libGPUSupportMercury.dylib
0x0000000005bff000 	/System/Library/Frameworks/OpenGL.framework/Versions/A/Resources/GLRendererFloat.bundle/GLRendererFloat
0x000000012ec45000 	/Library/Java/JavaVirtualMachines/jdk1.8.0_60.jdk/Contents/Home/jre/lib/libfontmanager.dylib
0x000000012ecac000 	/Library/Java/JavaVirtualMachines/jdk1.8.0_60.jdk/Contents/Home/jre/lib/libosxui.dylib
0x000000012f70b000 	/System/Library/Extensions/AppleHDA.kext/Contents/PlugIns/AppleHDAHALPlugIn.bundle/Contents/MacOS/AppleHDAHALPlugIn
0x000000012f715000 	/Library/Audio/Plug-Ins/HAL/BartenderAudioPlugIn.plugin/Contents/MacOS/BartenderAudioPlugIn
0x000000012f720000 	/Library/CoreMediaIO/Plug-Ins/DAL/AppleCamera.plugin/Contents/MacOS/AppleCamera
0x000000012f74b000 	/System/Library/Frameworks/CoreMediaIO.framework/Resources/VDC.plugin/Contents/MacOS/VDC
0x000000012f77b000 	/System/Library/Frameworks/CoreMediaIO.framework/Resources/CMIOUnits.bundle/Contents/MacOS/CMIOUnits
0x000000012f907000 	/System/Library/PrivateFrameworks/FWAVC.framework/Versions/A/FWAVC
0x0000000005bff000 	/System/Library/PrivateFrameworks/AppleGVA.framework/Versions/A/AppleGVA
0x0000000133444000 	/System/Library/Extensions/AppleIntelBDWGraphicsMTLDriver.bundle/Contents/MacOS/AppleIntelBDWGraphicsMTLDriver
0x0000000133981000 	/Library/Java/JavaVirtualMachines/jdk1.8.0_60.jdk/Contents/Home/jre/lib/libnio.dylib
0x00000001353dd000 	/Library/Java/JavaVirtualMachines/jdk1.8.0_60.jdk/Contents/Home/jre/lib/libjpeg.dylib

VM Arguments:
jvm_args: -Djava.library.path=D:/opencv/build/java/x64;D:/opencv/build/x64/vc12/bin:/usr/local/share/OpenCV/java/ -Didea.launcher.port=7537 -Didea.launcher.bin.path=/Applications/IntelliJ IDEA CE.app/Contents/bin -Dfile.encoding=UTF-8 
java_command: com.intellij.rt.execution.application.AppMain team.sudocool.Main
java_class_path (initial): /Library/Java/JavaVirtualMachines/jdk1.8.0_60.jdk/Contents/Home/jre/lib/charsets.jar:/Library/Java/JavaVirtualMachines/jdk1.8.0_60.jdk/Contents/Home/jre/lib/deploy.jar:/Library/Java/JavaVirtualMachines/jdk1.8.0_60.jdk/Contents/Home/jre/lib/ext/cldrdata.jar:/Library/Java/JavaVirtualMachines/jdk1.8.0_60.jdk/Contents/Home/jre/lib/ext/dnsns.jar:/Library/Java/JavaVirtualMachines/jdk1.8.0_60.jdk/Contents/Home/jre/lib/ext/jaccess.jar:/Library/Java/JavaVirtualMachines/jdk1.8.0_60.jdk/Contents/Home/jre/lib/ext/jfxrt.jar:/Library/Java/JavaVirtualMachines/jdk1.8.0_60.jdk/Contents/Home/jre/lib/ext/localedata.jar:/Library/Java/JavaVirtualMachines/jdk1.8.0_60.jdk/Contents/Home/jre/lib/ext/nashorn.jar:/Library/Java/JavaVirtualMachines/jdk1.8.0_60.jdk/Contents/Home/jre/lib/ext/sunec.jar:/Library/Java/JavaVirtualMachines/jdk1.8.0_60.jdk/Contents/Home/jre/lib/ext/sunjce_provider.jar:/Library/Java/JavaVirtualMachines/jdk1.8.0_60.jdk/Contents/Home/jre/lib/ext/sunpkcs11.jar:/Library/Java/JavaVirtualMachines/jdk1.8.0_60.jdk/Contents/Home/jre/lib/ext/zipfs.jar:/Library/Java/JavaVirtualMachines/jdk1.8.0_60.jdk/Contents/Home/jre/lib/javaws.jar:/Library/Java/JavaVirtualMachines/jdk1.8.0_60.jdk/Contents/Home/jre/lib/jce.jar:/Library/Java/JavaVirtualMachines/jdk1.8.0_60.jdk/Contents/Home/jre/lib/jfr.jar:/Library/Java/JavaVirtualMachines/jdk1.8.0_60.jdk/Contents/Home/jre/lib/jfxswt.jar:/Library/Java/JavaVirtualMachines/jdk1.8.0_60.jdk/Contents/Home/jre/lib/jsse.jar:/Library/Java/JavaVirtualMachines/jdk1.8.0_60.jdk/Contents/Home/jre/lib/management-agent.jar:/Library/Java/JavaVirtualMachines/jdk1.8.0_60.jdk/Contents/Home/jre/lib/plugin.jar:/Library/Java/JavaVirtualMachines/jdk1.8.0_60.jdk/Contents/Home/jre/lib/resources.jar:/Library/Java/JavaVirtualMachines/jdk1.8.0_60.jdk/Contents/Home/jre/lib/rt.jar:/Library/Java/JavaVirtualMachines/jdk1.8.0_60.jdk/Contents/Home/lib/ant-javafx.jar:/Library/Java/JavaVirtualMachines/jdk1.8.0_60.jdk/Contents/Home/lib/dt.jar:/Library/Ja
Launcher Type: SUN_STANDARD

Environment Variables:
PATH=/Users/Heranort/Documents/cocos2d-x-3.10/templates:/Users/Heranort/Documents:/Users/Heranort/Documents/cocos2d-x-3.10/tools/cocos2d-console/bin:/opt/local/bin:/opt/local/sbin:/opt/local/bin:/opt/local/sbin:/opt/local/bin:/opt/local/sbin:/Library/Frameworks/Python.framework/Versions/2.7/bin:/Library/Frameworks/Python.framework/Versions/3.4/bin:/usr/local/bin:/usr/bin:/bin:/usr/sbin:/sbin:/opt/X11/bin:/Applications/Server.app/Contents/ServerRoot/usr/bin:/Applications/Server.app/Contents/ServerRoot/usr/sbin:/Applications/Racket v6.2/bin:/Library/TeX/texbin
SHELL=/bin/bash
DISPLAY=/private/tmp/com.apple.launchd.rILN6TYWgL/org.macosforge.xquartz:0

Signal Handlers:
SIGSEGV: [libjvm.dylib+0x5a6d31], sa_mask[0]=11111111011111110111111111111111, sa_flags=SA_ONSTACK|SA_RESTART|SA_SIGINFO
SIGBUS: [libjvm.dylib+0x5a6d31], sa_mask[0]=11111111011111110111111111111111, sa_flags=SA_RESTART|SA_SIGINFO
SIGFPE: [libjvm.dylib+0x480a4c], sa_mask[0]=11111111011111110111111111111111, sa_flags=SA_RESTART|SA_SIGINFO
SIGPIPE: [libjvm.dylib+0x480a4c], sa_mask[0]=11111111011111110111111111111111, sa_flags=SA_RESTART|SA_SIGINFO
SIGXFSZ: [libjvm.dylib+0x480a4c], sa_mask[0]=11111111011111110111111111111111, sa_flags=SA_RESTART|SA_SIGINFO
SIGILL: [libjvm.dylib+0x480a4c], sa_mask[0]=11111111011111110111111111111111, sa_flags=SA_RESTART|SA_SIGINFO
SIGUSR1: SIG_DFL, sa_mask[0]=00000000000000000000000000000000, sa_flags=none
SIGUSR2: [libjvm.dylib+0x48056a], sa_mask[0]=00100000000000000000000000000000, sa_flags=SA_RESTART|SA_SIGINFO
SIGHUP: [libjvm.dylib+0x47eb41], sa_mask[0]=11111111011111110111111111111111, sa_flags=SA_RESTART|SA_SIGINFO
SIGINT: [libjvm.dylib+0x47eb41], sa_mask[0]=11111111011111110111111111111111, sa_flags=SA_RESTART|SA_SIGINFO
SIGTERM: [libjvm.dylib+0x47eb41], sa_mask[0]=11111111011111110111111111111111, sa_flags=SA_RESTART|SA_SIGINFO
SIGQUIT: [libjvm.dylib+0x47eb41], sa_mask[0]=11111111011111110111111111111111, sa_flags=SA_RESTART|SA_SIGINFO


---------------  S Y S T E M  ---------------

OS:Bsduname:Darwin 15.3.0 Darwin Kernel Version 15.3.0: Thu Dec 10 18:40:58 PST 2015; root:xnu-3248.30.4~1/RELEASE_X86_64 x86_64
rlimit: STACK 8192k, CORE 0k, NPROC 709, NOFILE 10240, AS infinity
load average:6.34 5.26 4.46

CPU:total 4 (2 cores per cpu, 2 threads per core) family 6 model 61 stepping 4, cmov, cx8, fxsr, mmx, sse, sse2, sse3, ssse3, sse4.1, sse4.2, popcnt, avx, avx2, aes, clmul, erms, 3dnowpref, lzcnt, ht, tsc, tscinvbit, bmi1, bmi2, adx

Memory: 4k page, physical 8388608k(163988k free)

/proc/meminfo:


vm_info: Java HotSpot(TM) 64-Bit Server VM (25.60-b23) for bsd-amd64 JRE (1.8.0_60-b27), built on Aug  4 2015 10:47:24 by "java_re" with gcc 4.2.1 (Based on Apple Inc. build 5658) (LLVM build 2336.11.00)

time: Thu Nov 17 21:56:02 2016
elapsed time: 20 seconds (0d 0h 0m 20s)

