#
# A fatal error has been detected by the Java Runtime Environment:
#
#  SIGSEGV (0xb) at pc=0x0000000120230232, pid=12279, tid=88579
#
# JRE version: Java(TM) SE Runtime Environment (8.0_60-b27) (build 1.8.0_60-b27)
# Java VM: Java HotSpot(TM) 64-Bit Server VM (25.60-b23 mixed mode bsd-amd64 compressed oops)
# Problematic frame:
# C  [libopencv_imgproc.2.4.dylib+0x120232]  _ZNK2cv13HResizeLinearIhisLi2048ENS_12HResizeNoVecEEclEPPKhPPiiPKiPKsiiiii+0xd2
#
# Failed to write core dump. Core dumps have been disabled. To enable core dumping, try "ulimit -c unlimited" before starting Java again
#
# If you would like to submit a bug report, please visit:
#   http://bugreport.java.com/bugreport/crash.jsp
# The crash happened outside the Java Virtual Machine in native code.
# See problematic frame for where to report the bug.
#

---------------  T H R E A D  ---------------

Current thread (0x00007fe7612e3000):  JavaThread "AWT-EventQueue-0" [_thread_in_native, id=88579, stack(0x0000700001af7000,0x0000700001bf7000)]

siginfo: si_signo: 11 (SIGSEGV), si_code: 1 (SEGV_MAPERR), si_addr: 0x0000000000000000

Registers:
RAX=0x0000000000000000, RBX=0x0000700001beea50, RCX=0x0000000000000705, RDX=0x0000000000000000
RSP=0x0000700001bed638, RBP=0x0000700001bed660, RSI=0x0000000000000800, RDI=0x0000700001bee718
R8 =0x00007fe762c4da00, R9 =0x00007fe762c4f894, R10=0x0000000000000708, R11=0x0000000000000000
R12=0x0000000000000000, R13=0x0000000000000705, R14=0x00007fe76290b200, R15=0x0000000000000003
RIP=0x0000000120230232, EFLAGS=0x0000000000010246, ERR=0x0000000000000004
  TRAPNO=0x000000000000000e

Top of Stack: (sp=0x0000700001bed638)
0x0000700001bed638:   0000700001beea50 00007fe762c514b4
0x0000700001bed648:   0000000000000001 0000000000000000
0x0000700001bed658:   0000000000000000 0000700001bee890
0x0000700001bed668:   0000000120230042 0000000000000708
0x0000700001bed678:   00007fe700000708 0000700000000003
0x0000700001bed688:   0000000000000000 0000700000000705
0x0000700001bed698:   0000700001beea50 000000032e5388b0
0x0000700001bed6a8:   0000700001bee8a8 00007fe762c514b4
0x0000700001bed6b8:   0000000000000000 0000000000001c40
0x0000700001bed6c8:   00007fe700000000 00007fe76290b200
0x0000700001bed6d8:   0000000000000e20 000000001c7d7c58
0x0000700001bed6e8:   000000002e4c43c8 000000001c5fbc60
0x0000700001bed6f8:   000000001c7d7bd8 000000001c78b8c0
0x0000700001bed708:   000000001c781050 000000001c78b950
0x0000700001bed718:   000000001c5fbc80 000000002e536e88
0x0000700001bed728:   000000001c7d7dd8 000000002e514848
0x0000700001bed738:   000000002e518fc0 0000000000000000
0x0000700001bed748:   0000000000000000 0000000000000000
0x0000700001bed758:   000000001c790dd0 000000001c7d7db8
0x0000700001bed768:   000000002e4c4748 000000001c7d6b98
0x0000700001bed778:   000000001c81b2a0 000000001c7d7b98
0x0000700001bed788:   000000001c5fbc00 000000002e518fa0
0x0000700001bed798:   000000001c7ed028 000000001c81a988
0x0000700001bed7a8:   0000000000000000 000000001c7d7db8
0x0000700001bed7b8:   000000001c7d7df8 000000001c7d7d78
0x0000700001bed7c8:   000000001c7d41c0 0000000000000000
0x0000700001bed7d8:   0000000000000000 000000001c7d7b78
0x0000700001bed7e8:   000000001c7d6b78 000000001c819f60
0x0000700001bed7f8:   0000000000000000 0000000000000000
0x0000700001bed808:   0000000000000000 000000001c1a3a68
0x0000700001bed818:   0000000000000000 0000000000000000
0x0000700001bed828:   000000001c7d7d38 000000001c7d7b38 

Instructions: (pc=0x0000000120230232)
0x0000000120230212:   55 b8 31 d2 44 8b 7d 20 49 89 cd 0f 1f 00 49 63
0x0000000120230222:   04 90 49 89 f6 41 0f bf 34 91 45 0f bf 5c 91 02
0x0000000120230232:   41 0f b6 0c 04 0f af ce 49 63 ff 48 01 c7 41 0f
0x0000000120230242:   b6 1c 3c 41 0f af db 01 cb 41 0f b6 04 02 0f af 

Register to memory mapping:

RAX=0x0000000000000000 is an unknown value
RBX=0x0000700001beea50 is pointing into the stack for thread: 0x00007fe7612e3000
RCX=0x0000000000000705 is an unknown value
RDX=0x0000000000000000 is an unknown value
RSP=0x0000700001bed638 is pointing into the stack for thread: 0x00007fe7612e3000
RBP=0x0000700001bed660 is pointing into the stack for thread: 0x00007fe7612e3000
RSI=0x0000000000000800 is an unknown value
RDI=0x0000700001bee718 is pointing into the stack for thread: 0x00007fe7612e3000
R8 =0x00007fe762c4da00 is an unknown value
R9 =0x00007fe762c4f894 is an unknown value
R10=0x0000000000000708 is an unknown value
R11=0x0000000000000000 is an unknown value
R12=0x0000000000000000 is an unknown value
R13=0x0000000000000705 is an unknown value
R14=0x00007fe76290b200 is an unknown value
R15=0x0000000000000003 is an unknown value


Stack: [0x0000700001af7000,0x0000700001bf7000],  sp=0x0000700001bed638,  free space=985k
Native frames: (J=compiled Java code, j=interpreted, Vv=VM code, C=native code)
C  [libopencv_imgproc.2.4.dylib+0x120232]  _ZNK2cv13HResizeLinearIhisLi2048ENS_12HResizeNoVecEEclEPPKhPPiiPKiPKsiiiii+0xd2
C  [libopencv_imgproc.2.4.dylib+0x120042]  _ZNK2cv21resizeGeneric_InvokerINS_13HResizeLinearIhisLi2048ENS_12HResizeNoVecEEENS_13VResizeLinearIhisNS_11FixedPtCastIihLi22EEENS_22VResizeLinearVec_32s8uEEEEclERKNS_5RangeE+0x4c2
C  [libopencv_core.2.4.dylib+0x1c310b]  _ZN12_GLOBAL__N_1L14block_functionEPvm+0x7b
C  [libdispatch.dylib+0x1402a]  _dispatch_client_callout2+0x8
C  [libdispatch.dylib+0x188c1]  _dispatch_apply_serial+0x2a
C  [libdispatch.dylib+0x233f]  _dispatch_client_callout+0x8
C  [libdispatch.dylib+0x135a5]  _dispatch_sync_f_invoke+0x38
C  [libdispatch.dylib+0x13c4d]  dispatch_apply_f+0x11e
C  [libopencv_core.2.4.dylib+0x1c3075]  _ZN2cv13parallel_for_ERKNS_5RangeERKNS_16ParallelLoopBodyEd+0x75
C  [libopencv_imgproc.2.4.dylib+0xf4eba]  _ZN2cvL14resizeGeneric_INS_13HResizeLinearIhisLi2048ENS_12HResizeNoVecEEENS_13VResizeLinearIhisNS_11FixedPtCastIihLi22EEENS_22VResizeLinearVec_32s8uEEEEEvRKNS_3MatERS9_PKiPKvSE_SG_iii+0x15a
C  [libopencv_imgproc.2.4.dylib+0xf46fc]  _ZN2cv6resizeERKNS_11_InputArrayERKNS_12_OutputArrayENS_5Size_IiEEddi+0x2aec
C  [libopencv_java2413.dylib+0x34511]  Java_org_opencv_imgproc_Imgproc_resize_11+0x61
j  org.opencv.imgproc.Imgproc.resize_1(JJDD)V+0
j  org.opencv.imgproc.Imgproc.resize(Lorg/opencv/core/Mat;Lorg/opencv/core/Mat;Lorg/opencv/core/Size;)V+16
j  team.sudocool.Eye.VideoCap.getRectedFrame()Ljava/awt/image/BufferedImage;+67
j  team.sudocool.Eye.Eye.paint(Ljava/awt/Graphics;)V+12
j  javax.swing.RepaintManager$4.run()Ljava/lang/Void;+142
j  javax.swing.RepaintManager$4.run()Ljava/lang/Object;+1
v  ~StubRoutines::call_stub
V  [libjvm.dylib+0x2eab0e]
V  [libjvm.dylib+0x34afd8]
J 769  java.security.AccessController.doPrivileged(Ljava/security/PrivilegedAction;Ljava/security/AccessControlContext;)Ljava/lang/Object; (0 bytes) @ 0x00000001084c9255 [0x00000001084c9180+0xd5]
J 807 C1 java.security.ProtectionDomain$JavaSecurityAccessImpl.doIntersectionPrivilege(Ljava/security/PrivilegedAction;Ljava/security/AccessControlContext;Ljava/security/AccessControlContext;)Ljava/lang/Object; (22 bytes) @ 0x00000001084d999c [0x00000001084d9520+0x47c]
j  javax.swing.RepaintManager.paintDirtyRegions(Ljava/util/Map;)V+154
j  javax.swing.RepaintManager.paintDirtyRegions()V+46
j  javax.swing.RepaintManager.prePaintDirtyRegions()V+73
j  javax.swing.RepaintManager.access$1200(Ljavax/swing/RepaintManager;)V+1
j  javax.swing.RepaintManager$ProcessingRunnable.run()V+37
j  java.awt.event.InvocationEvent.dispatch()V+47
j  java.awt.EventQueue.dispatchEventImpl(Ljava/awt/AWTEvent;Ljava/lang/Object;)V+21
j  java.awt.EventQueue.access$500(Ljava/awt/EventQueue;Ljava/awt/AWTEvent;Ljava/lang/Object;)V+3
j  java.awt.EventQueue$3.run()Ljava/lang/Void;+32
j  java.awt.EventQueue$3.run()Ljava/lang/Object;+1
v  ~StubRoutines::call_stub
V  [libjvm.dylib+0x2eab0e]
V  [libjvm.dylib+0x34afd8]
J 769  java.security.AccessController.doPrivileged(Ljava/security/PrivilegedAction;Ljava/security/AccessControlContext;)Ljava/lang/Object; (0 bytes) @ 0x00000001084c9255 [0x00000001084c9180+0xd5]
J 807 C1 java.security.ProtectionDomain$JavaSecurityAccessImpl.doIntersectionPrivilege(Ljava/security/PrivilegedAction;Ljava/security/AccessControlContext;Ljava/security/AccessControlContext;)Ljava/lang/Object; (22 bytes) @ 0x00000001084d999c [0x00000001084d9520+0x47c]
j  java.awt.EventQueue.dispatchEvent(Ljava/awt/AWTEvent;)V+46
j  java.awt.EventDispatchThread.pumpOneEventForFilters(I)V+245
j  java.awt.EventDispatchThread.pumpEventsForFilter(ILjava/awt/Conditional;Ljava/awt/EventFilter;)V+35
j  java.awt.EventDispatchThread.pumpEventsForHierarchy(ILjava/awt/Conditional;Ljava/awt/Component;)V+11
j  java.awt.EventDispatchThread.pumpEvents(ILjava/awt/Conditional;)V+4
j  java.awt.EventDispatchThread.pumpEvents(Ljava/awt/Conditional;)V+3
j  java.awt.EventDispatchThread.run()V+9
v  ~StubRoutines::call_stub
V  [libjvm.dylib+0x2eab0e]
V  [libjvm.dylib+0x2eb29c]
V  [libjvm.dylib+0x2eb448]
V  [libjvm.dylib+0x345965]
V  [libjvm.dylib+0x5612d3]
V  [libjvm.dylib+0x5629ce]
V  [libjvm.dylib+0x48343a]
C  [libsystem_pthread.dylib+0x3c13]  _pthread_body+0x83
C  [libsystem_pthread.dylib+0x3b90]  _pthread_body+0x0
C  [libsystem_pthread.dylib+0x1375]  thread_start+0xd
C  0x0000000000000000

Java frames: (J=compiled Java code, j=interpreted, Vv=VM code)
j  org.opencv.imgproc.Imgproc.resize_1(JJDD)V+0
j  org.opencv.imgproc.Imgproc.resize(Lorg/opencv/core/Mat;Lorg/opencv/core/Mat;Lorg/opencv/core/Size;)V+16
j  team.sudocool.Eye.VideoCap.getRectedFrame()Ljava/awt/image/BufferedImage;+67
j  team.sudocool.Eye.Eye.paint(Ljava/awt/Graphics;)V+12
j  javax.swing.RepaintManager$4.run()Ljava/lang/Void;+142
j  javax.swing.RepaintManager$4.run()Ljava/lang/Object;+1
v  ~StubRoutines::call_stub
J 769  java.security.AccessController.doPrivileged(Ljava/security/PrivilegedAction;Ljava/security/AccessControlContext;)Ljava/lang/Object; (0 bytes) @ 0x00000001084c91e3 [0x00000001084c9180+0x63]
J 807 C1 java.security.ProtectionDomain$JavaSecurityAccessImpl.doIntersectionPrivilege(Ljava/security/PrivilegedAction;Ljava/security/AccessControlContext;Ljava/security/AccessControlContext;)Ljava/lang/Object; (22 bytes) @ 0x00000001084d999c [0x00000001084d9520+0x47c]
j  javax.swing.RepaintManager.paintDirtyRegions(Ljava/util/Map;)V+154
j  javax.swing.RepaintManager.paintDirtyRegions()V+46
j  javax.swing.RepaintManager.prePaintDirtyRegions()V+73
j  javax.swing.RepaintManager.access$1200(Ljavax/swing/RepaintManager;)V+1
j  javax.swing.RepaintManager$ProcessingRunnable.run()V+37
j  java.awt.event.InvocationEvent.dispatch()V+47
j  java.awt.EventQueue.dispatchEventImpl(Ljava/awt/AWTEvent;Ljava/lang/Object;)V+21
j  java.awt.EventQueue.access$500(Ljava/awt/EventQueue;Ljava/awt/AWTEvent;Ljava/lang/Object;)V+3
j  java.awt.EventQueue$3.run()Ljava/lang/Void;+32
j  java.awt.EventQueue$3.run()Ljava/lang/Object;+1
v  ~StubRoutines::call_stub
J 769  java.security.AccessController.doPrivileged(Ljava/security/PrivilegedAction;Ljava/security/AccessControlContext;)Ljava/lang/Object; (0 bytes) @ 0x00000001084c91e3 [0x00000001084c9180+0x63]
J 807 C1 java.security.ProtectionDomain$JavaSecurityAccessImpl.doIntersectionPrivilege(Ljava/security/PrivilegedAction;Ljava/security/AccessControlContext;Ljava/security/AccessControlContext;)Ljava/lang/Object; (22 bytes) @ 0x00000001084d999c [0x00000001084d9520+0x47c]
j  java.awt.EventQueue.dispatchEvent(Ljava/awt/AWTEvent;)V+46
j  java.awt.EventDispatchThread.pumpOneEventForFilters(I)V+245
j  java.awt.EventDispatchThread.pumpEventsForFilter(ILjava/awt/Conditional;Ljava/awt/EventFilter;)V+35
j  java.awt.EventDispatchThread.pumpEventsForHierarchy(ILjava/awt/Conditional;Ljava/awt/Component;)V+11
j  java.awt.EventDispatchThread.pumpEvents(ILjava/awt/Conditional;)V+4
j  java.awt.EventDispatchThread.pumpEvents(Ljava/awt/Conditional;)V+3
j  java.awt.EventDispatchThread.run()V+9
v  ~StubRoutines::call_stub

---------------  P R O C E S S  ---------------

Java Threads: ( => current thread )
  0x00007fe762085000 JavaThread "DestroyJavaVM" [_thread_blocked, id=4099, stack(0x0000700000084000,0x0000700000184000)]
  0x00007fe762a13800 JavaThread "Thread-0" [_thread_blocked, id=89947, stack(0x0000700001bfa000,0x0000700001cfa000)]
=>0x00007fe7612e3000 JavaThread "AWT-EventQueue-0" [_thread_in_native, id=88579, stack(0x0000700001af7000,0x0000700001bf7000)]
  0x00007fe761957800 JavaThread "Thread-2" [_thread_blocked, id=84995, stack(0x00007000018ee000,0x00007000019ee000)]
  0x00007fe761956800 JavaThread "Thread-1" [_thread_blocked, id=83983, stack(0x00007000017eb000,0x00007000018eb000)]
  0x00007fe761946000 JavaThread "Java2D Disposer" daemon [_thread_blocked, id=53507, stack(0x00007000014dc000,0x00007000015dc000)]
  0x00007fe7629ba000 JavaThread "Java2D Queue Flusher" daemon [_thread_blocked, id=40207, stack(0x00007000013d9000,0x00007000014d9000)]
  0x00007fe7611fe800 JavaThread "AWT-Shutdown" [_thread_blocked, id=31507, stack(0x0000700001253000,0x0000700001353000)]
  0x00007fe76299a800 JavaThread "AppKit Thread" daemon [_thread_in_native, id=2571, stack(0x00007fff58ccc000,0x00007fff594cc000)]
  0x00007fe761092000 JavaThread "Monitor Ctrl-Break" daemon [_thread_in_native, id=19715, stack(0x000070000104a000,0x000070000114a000)]
  0x00007fe761836800 JavaThread "Service Thread" daemon [_thread_blocked, id=18691, stack(0x0000700000e44000,0x0000700000f44000)]
  0x00007fe761066800 JavaThread "C1 CompilerThread2" daemon [_thread_blocked, id=18179, stack(0x0000700000d41000,0x0000700000e41000)]
  0x00007fe761037000 JavaThread "C2 CompilerThread1" daemon [_thread_blocked, id=17667, stack(0x0000700000c3e000,0x0000700000d3e000)]
  0x00007fe76281a000 JavaThread "C2 CompilerThread0" daemon [_thread_blocked, id=17155, stack(0x0000700000b3b000,0x0000700000c3b000)]
  0x00007fe761033000 JavaThread "Signal Dispatcher" daemon [_thread_blocked, id=12815, stack(0x0000700000a38000,0x0000700000b38000)]
  0x00007fe762808800 JavaThread "Finalizer" daemon [_thread_blocked, id=11779, stack(0x000070000082f000,0x000070000092f000)]
  0x00007fe762021000 JavaThread "Reference Handler" daemon [_thread_blocked, id=11267, stack(0x000070000072c000,0x000070000082c000)]

Other Threads:
  0x00007fe762807800 VMThread [stack: 0x0000700000629000,0x0000700000729000] [id=10755]
  0x00007fe761801000 WatcherThread [stack: 0x0000700000f47000,0x0000700001047000] [id=19203]

VM state:not at safepoint (normal execution)

VM Mutex/Monitor currently owned by a thread: None

Heap:
 PSYoungGen      total 71680K, used 65328K [0x0000000795580000, 0x000000079a080000, 0x00000007c0000000)
  eden space 66560K, 90% used [0x0000000795580000,0x0000000799052b18,0x0000000799680000)
  from space 5120K, 99% used [0x0000000799b80000,0x000000079a079570,0x000000079a080000)
  to   space 5120K, 0% used [0x0000000799680000,0x0000000799680000,0x0000000799b80000)
 ParOldGen       total 87552K, used 13304K [0x0000000740000000, 0x0000000745580000, 0x0000000795580000)
  object space 87552K, 15% used [0x0000000740000000,0x0000000740cfe000,0x0000000745580000)
 Metaspace       used 10779K, capacity 10942K, committed 11136K, reserved 1058816K
  class space    used 1287K, capacity 1366K, committed 1408K, reserved 1048576K

Card table byte_map: [0x00000001175c0000,0x00000001179c1000] byte_map_base: 0x0000000113bc0000

Marking Bits: (ParMarkBitMap*) 0x00000001072a2e20
 Begin Bits: [0x0000000117c6c000, 0x0000000119c6c000)
 End Bits:   [0x0000000119c6c000, 0x000000011bc6c000)

Polling page: 0x0000000107990000

CodeCache: size=245760Kb used=3047Kb max_used=3055Kb free=242712Kb
 bounds [0x0000000108200000, 0x0000000108500000, 0x0000000117200000]
 total_blobs=1534 nmethods=870 adapters=578
 compilation: enabled

Compilation events (10 events):
Event: 8.426 Thread 0x00007fe761066800  866       3       java.lang.String::checkBounds (46 bytes)
Event: 8.426 Thread 0x00007fe761066800 nmethod 866 0x00000001084fa150 code [0x00000001084fa300, 0x00000001084fa748]
Event: 8.427 Thread 0x00007fe76281a000  867       4       sun.java2d.pipe.RenderBuffer::putInt (26 bytes)
Event: 8.428 Thread 0x00007fe76281a000 nmethod 867 0x0000000108491610 code [0x0000000108491760, 0x00000001084917f8]
Event: 8.433 Thread 0x00007fe761066800  868       1       java.awt.EventDispatchThread$1::evaluate (2 bytes)
Event: 8.433 Thread 0x00007fe761066800 nmethod 868 0x00000001084fd350 code [0x00000001084fd4a0, 0x00000001084fd5b0]
Event: 8.433 Thread 0x00007fe761066800  869  s    1       java.awt.EventDispatchThread::getEventQueue (5 bytes)
Event: 8.433 Thread 0x00007fe761066800 nmethod 869 0x00000001084fcf10 code [0x00000001084fd060, 0x00000001084fd2d0]
Event: 8.505 Thread 0x00007fe761066800  870       3       org.opencv.core.Mat::type (10 bytes)
Event: 8.505 Thread 0x00007fe761066800 nmethod 870 0x00000001084fcb90 code [0x00000001084fcd00, 0x00000001084fce88]

GC Heap History (8 events):
Event: 3.209 GC heap before
{Heap before GC invocations=1 (full 0):
 PSYoungGen      total 38400K, used 33280K [0x0000000795580000, 0x0000000798000000, 0x00000007c0000000)
  eden space 33280K, 100% used [0x0000000795580000,0x0000000797600000,0x0000000797600000)
  from space 5120K, 0% used [0x0000000797b00000,0x0000000797b00000,0x0000000798000000)
  to   space 5120K, 0% used [0x0000000797600000,0x0000000797600000,0x0000000797b00000)
 ParOldGen       total 87552K, used 0K [0x0000000740000000, 0x0000000745580000, 0x0000000795580000)
  object space 87552K, 0% used [0x0000000740000000,0x0000000740000000,0x0000000745580000)
 Metaspace       used 10394K, capacity 10540K, committed 10880K, reserved 1058816K
  class space    used 1240K, capacity 1297K, committed 1408K, reserved 1048576K
Event: 3.234 GC heap after
Heap after GC invocations=1 (full 0):
 PSYoungGen      total 38400K, used 5116K [0x0000000795580000, 0x0000000798000000, 0x00000007c0000000)
  eden space 33280K, 0% used [0x0000000795580000,0x0000000795580000,0x0000000797600000)
  from space 5120K, 99% used [0x0000000797600000,0x0000000797aff1b8,0x0000000797b00000)
  to   space 5120K, 0% used [0x0000000797b00000,0x0000000797b00000,0x0000000798000000)
 ParOldGen       total 87552K, used 1264K [0x0000000740000000, 0x0000000745580000, 0x0000000795580000)
  object space 87552K, 1% used [0x0000000740000000,0x000000074013c000,0x0000000745580000)
 Metaspace       used 10394K, capacity 10540K, committed 10880K, reserved 1058816K
  class space    used 1240K, capacity 1297K, committed 1408K, reserved 1048576K
}
Event: 4.301 GC heap before
{Heap before GC invocations=2 (full 0):
 PSYoungGen      total 38400K, used 38396K [0x0000000795580000, 0x0000000798000000, 0x00000007c0000000)
  eden space 33280K, 100% used [0x0000000795580000,0x0000000797600000,0x0000000797600000)
  from space 5120K, 99% used [0x0000000797600000,0x0000000797aff1b8,0x0000000797b00000)
  to   space 5120K, 0% used [0x0000000797b00000,0x0000000797b00000,0x0000000798000000)
 ParOldGen       total 87552K, used 1264K [0x0000000740000000, 0x0000000745580000, 0x0000000795580000)
  object space 87552K, 1% used [0x0000000740000000,0x000000074013c000,0x0000000745580000)
 Metaspace       used 10541K, capacity 10714K, committed 10880K, reserved 1058816K
  class space    used 1257K, capacity 1334K, committed 1408K, reserved 1048576K
Event: 4.334 GC heap after
Heap after GC invocations=2 (full 0):
 PSYoungGen      total 38400K, used 5115K [0x0000000795580000, 0x000000079a080000, 0x00000007c0000000)
  eden space 33280K, 0% used [0x0000000795580000,0x0000000795580000,0x0000000797600000)
  from space 5120K, 99% used [0x0000000797b00000,0x0000000797ffee90,0x0000000798000000)
  to   space 5120K, 0% used [0x0000000797600000,0x0000000797600000,0x0000000797b00000)
 ParOldGen       total 87552K, used 4976K [0x0000000740000000, 0x0000000745580000, 0x0000000795580000)
  object space 87552K, 5% used [0x0000000740000000,0x00000007404dc000,0x0000000745580000)
 Metaspace       used 10541K, capacity 10714K, committed 10880K, reserved 1058816K
  class space    used 1257K, capacity 1334K, committed 1408K, reserved 1048576K
}
Event: 5.414 GC heap before
{Heap before GC invocations=3 (full 0):
 PSYoungGen      total 38400K, used 38206K [0x0000000795580000, 0x000000079a080000, 0x00000007c0000000)
  eden space 33280K, 99% used [0x0000000795580000,0x00000007975d0ce0,0x0000000797600000)
  from space 5120K, 99% used [0x0000000797b00000,0x0000000797ffee90,0x0000000798000000)
  to   space 5120K, 0% used [0x0000000797600000,0x0000000797600000,0x0000000797b00000)
 ParOldGen       total 87552K, used 4976K [0x0000000740000000, 0x0000000745580000, 0x0000000795580000)
  object space 87552K, 5% used [0x0000000740000000,0x00000007404dc000,0x0000000745580000)
 Metaspace       used 10589K, capacity 10778K, committed 11136K, reserved 1058816K
  class space    used 1262K, capacity 1334K, committed 1408K, reserved 1048576K
Event: 5.438 GC heap after
Heap after GC invocations=3 (full 0):
 PSYoungGen      total 38400K, used 5105K [0x0000000795580000, 0x000000079a080000, 0x00000007c0000000)
  eden space 33280K, 0% used [0x0000000795580000,0x0000000795580000,0x0000000797600000)
  from space 5120K, 99% used [0x0000000797600000,0x0000000797afc6a8,0x0000000797b00000)
  to   space 5120K, 0% used [0x0000000799b80000,0x0000000799b80000,0x000000079a080000)
 ParOldGen       total 87552K, used 8032K [0x0000000740000000, 0x0000000745580000, 0x0000000795580000)
  object space 87552K, 9% used [0x0000000740000000,0x00000007407d8000,0x0000000745580000)
 Metaspace       used 10589K, capacity 10778K, committed 11136K, reserved 1058816K
  class space    used 1262K, capacity 1334K, committed 1408K, reserved 1048576K
}
Event: 6.566 GC heap before
{Heap before GC invocations=4 (full 0):
 PSYoungGen      total 38400K, used 38031K [0x0000000795580000, 0x000000079a080000, 0x00000007c0000000)
  eden space 33280K, 98% used [0x0000000795580000,0x00000007975a7678,0x0000000797600000)
  from space 5120K, 99% used [0x0000000797600000,0x0000000797afc6a8,0x0000000797b00000)
  to   space 5120K, 0% used [0x0000000799b80000,0x0000000799b80000,0x000000079a080000)
 ParOldGen       total 87552K, used 8032K [0x0000000740000000, 0x0000000745580000, 0x0000000795580000)
  object space 87552K, 9% used [0x0000000740000000,0x00000007407d8000,0x0000000745580000)
 Metaspace       used 10612K, capacity 10782K, committed 11136K, reserved 1058816K
  class space    used 1262K, capacity 1334K, committed 1408K, reserved 1048576K
Event: 6.592 GC heap after
Heap after GC invocations=4 (full 0):
 PSYoungGen      total 71680K, used 5093K [0x0000000795580000, 0x000000079a080000, 0x00000007c0000000)
  eden space 66560K, 0% used [0x0000000795580000,0x0000000795580000,0x0000000799680000)
  from space 5120K, 99% used [0x0000000799b80000,0x000000079a079570,0x000000079a080000)
  to   space 5120K, 0% used [0x0000000799680000,0x0000000799680000,0x0000000799b80000)
 ParOldGen       total 87552K, used 13304K [0x0000000740000000, 0x0000000745580000, 0x0000000795580000)
  object space 87552K, 15% used [0x0000000740000000,0x0000000740cfe000,0x0000000745580000)
 Metaspace       used 10612K, capacity 10782K, committed 11136K, reserved 1058816K
  class space    used 1262K, capacity 1334K, committed 1408K, reserved 1048576K
}

Deoptimization events (8 events):
Event: 2.352 Thread 0x00007fe762a13800 Uncommon trap: reason=unstable_if action=reinterpret pc=0x00000001083e0458 method=java.lang.String.indexOf([CII[CIII)I @ 3
Event: 3.256 Thread 0x00007fe762021000 Uncommon trap: reason=unstable_if action=reinterpret pc=0x00000001084599c4 method=java.lang.ref.ReferenceQueue.enqueue(Ljava/lang/ref/Reference;)Z @ 61
Event: 3.256 Thread 0x00007fe762808800 Uncommon trap: reason=unstable_if action=reinterpret pc=0x0000000108453d2c method=java.lang.ref.ReferenceQueue.remove(J)Ljava/lang/ref/Reference; @ 31
Event: 3.256 Thread 0x00007fe762808800 Uncommon trap: reason=unstable_if action=reinterpret pc=0x0000000108454890 method=java.lang.ref.ReferenceQueue.remove(J)Ljava/lang/ref/Reference; @ 31
Event: 3.314 Thread 0x00007fe762021000 Uncommon trap: reason=class_check action=maybe_recompile pc=0x00000001084582cc method=java.lang.ref.ReferenceQueue.enqueue(Ljava/lang/ref/Reference;)Z @ 91
Event: 3.314 Thread 0x00007fe762021000 Uncommon trap: reason=class_check action=maybe_recompile pc=0x00000001084582cc method=java.lang.ref.ReferenceQueue.enqueue(Ljava/lang/ref/Reference;)Z @ 91
Event: 3.314 Thread 0x00007fe762021000 Uncommon trap: reason=class_check action=maybe_recompile pc=0x00000001084582cc method=java.lang.ref.ReferenceQueue.enqueue(Ljava/lang/ref/Reference;)Z @ 91
Event: 3.314 Thread 0x00007fe762021000 Uncommon trap: reason=class_check action=maybe_recompile pc=0x00000001084582cc method=java.lang.ref.ReferenceQueue.enqueue(Ljava/lang/ref/Reference;)Z @ 91

Internal exceptions (10 events):
Event: 0.787 Thread 0x00007fe761801800 Exception <a 'java/security/PrivilegedActionException'> (0x00000007958c3180) thrown at [/Users/java_re/workspace/8-2-build-macosx-x86_64/jdk8u60/4407/hotspot/src/share/vm/prims/jvm.cpp, line 1386]
Event: 0.787 Thread 0x00007fe761801800 Exception <a 'java/security/PrivilegedActionException'> (0x00000007958c3390) thrown at [/Users/java_re/workspace/8-2-build-macosx-x86_64/jdk8u60/4407/hotspot/src/share/vm/prims/jvm.cpp, line 1386]
Event: 0.875 Thread 0x00007fe761801800 Exception <a 'java/lang/NoSuchFieldError': method resolution failed> (0x000000079599dac8) thrown at [/Users/java_re/workspace/8-2-build-macosx-x86_64/jdk8u60/4407/hotspot/src/share/vm/prims/methodHandles.cpp, line 1146]
Event: 0.882 Thread 0x00007fe761801800 Exception <a 'java/lang/NoSuchFieldError': method resolution failed> (0x00000007959ab298) thrown at [/Users/java_re/workspace/8-2-build-macosx-x86_64/jdk8u60/4407/hotspot/src/share/vm/prims/methodHandles.cpp, line 1146]
Event: 1.038 Thread 0x00007fe761801800 Exception <a 'java/io/FileNotFoundException'> (0x0000000795a271d8) thrown at [/Users/java_re/workspace/8-2-build-macosx-x86_64/jdk8u60/4407/hotspot/src/share/vm/prims/jni.cpp, line 709]
Event: 1.038 Thread 0x00007fe761801800 Exception <a 'java/io/FileNotFoundException'> (0x0000000795a27d38) thrown at [/Users/java_re/workspace/8-2-build-macosx-x86_64/jdk8u60/4407/hotspot/src/share/vm/prims/jni.cpp, line 709]
Event: 3.256 Thread 0x00007fe762808800 Implicit null exception at 0x0000000108453aaf to 0x0000000108453d1f
Event: 3.256 Thread 0x00007fe762808800 Implicit null exception at 0x00000001084545f3 to 0x0000000108454885
Event: 3.315 Thread 0x00007fe762808800 Exception <a 'java/lang/NullPointerException'> (0x0000000795680b30) thrown at [/Users/java_re/workspace/8-2-build-macosx-x86_64/jdk8u60/4407/hotspot/src/share/vm/interpreter/linkResolver.cpp, line 1178]
Event: 3.315 Thread 0x00007fe762808800 Exception <a 'java/lang/NullPointerException'> (0x0000000795680d38) thrown at [/Users/java_re/workspace/8-2-build-macosx-x86_64/jdk8u60/4407/hotspot/src/share/vm/interpreter/linkResolver.cpp, line 1178]

Events (10 events):
Event: 7.928 loading class javax/swing/text/JTextComponent
Event: 7.929 loading class javax/swing/Scrollable
Event: 7.929 loading class javax/swing/Scrollable done
Event: 7.930 loading class javax/swing/text/JTextComponent done
Event: 7.930 loading class javax/swing/JProgressBar
Event: 7.931 loading class javax/swing/JProgressBar done
Event: 7.931 loading class javax/swing/JSlider
Event: 7.931 loading class javax/swing/JSlider done
Event: 7.931 loading class sun/lwawt/macosx/CAccessibility$16
Event: 7.931 loading class sun/lwawt/macosx/CAccessibility$16 done


Dynamic libraries:
0x0000000005bff000 	/System/Library/Frameworks/Cocoa.framework/Versions/A/Cocoa
0x0000000005bff000 	/System/Library/Frameworks/Security.framework/Versions/A/Security
0x0000000005bff000 	/System/Library/Frameworks/ApplicationServices.framework/Versions/A/ApplicationServices
0x0000000005bff000 	/usr/lib/libz.1.dylib
0x0000000005bff000 	/usr/lib/libSystem.B.dylib
0x0000000005bff000 	/usr/lib/libobjc.A.dylib
0x0000000005bff000 	/System/Library/Frameworks/CoreFoundation.framework/Versions/A/CoreFoundation
0x0000000005bff000 	/System/Library/Frameworks/Foundation.framework/Versions/C/Foundation
0x0000000005bff000 	/System/Library/Frameworks/AppKit.framework/Versions/C/AppKit
0x0000000005bff000 	/System/Library/Frameworks/CoreData.framework/Versions/A/CoreData
0x0000000005bff000 	/System/Library/PrivateFrameworks/RemoteViewServices.framework/Versions/A/RemoteViewServices
0x0000000005bff000 	/System/Library/PrivateFrameworks/UIFoundation.framework/Versions/A/UIFoundation
0x0000000005bff000 	/usr/lib/libScreenReader.dylib
0x0000000005bff000 	/System/Library/Frameworks/Accelerate.framework/Versions/A/Accelerate
0x0000000005bff000 	/System/Library/Frameworks/IOSurface.framework/Versions/A/IOSurface
0x0000000005bff000 	/System/Library/Frameworks/AudioToolbox.framework/Versions/A/AudioToolbox
0x0000000005bff000 	/System/Library/Frameworks/AudioUnit.framework/Versions/A/AudioUnit
0x0000000005bff000 	/System/Library/PrivateFrameworks/DataDetectorsCore.framework/Versions/A/DataDetectorsCore
0x0000000005bff000 	/System/Library/PrivateFrameworks/DesktopServicesPriv.framework/Versions/A/DesktopServicesPriv
0x0000000005bff000 	/System/Library/Frameworks/Carbon.framework/Versions/A/Frameworks/HIToolbox.framework/Versions/A/HIToolbox
0x0000000005bff000 	/System/Library/Frameworks/QuartzCore.framework/Versions/A/QuartzCore
0x0000000005bff000 	/System/Library/Frameworks/Carbon.framework/Versions/A/Frameworks/SpeechRecognition.framework/Versions/A/SpeechRecognition
0x0000000005bff000 	/usr/lib/libauto.dylib
0x0000000005bff000 	/usr/lib/libicucore.A.dylib
0x0000000005bff000 	/usr/lib/libxml2.2.dylib
0x0000000005bff000 	/System/Library/PrivateFrameworks/CoreUI.framework/Versions/A/CoreUI
0x0000000005bff000 	/System/Library/Frameworks/CoreAudio.framework/Versions/A/CoreAudio
0x0000000005bff000 	/System/Library/Frameworks/DiskArbitration.framework/Versions/A/DiskArbitration
0x0000000005bff000 	/usr/lib/liblangid.dylib
0x0000000005bff000 	/System/Library/PrivateFrameworks/MultitouchSupport.framework/Versions/A/MultitouchSupport
0x0000000005bff000 	/System/Library/Frameworks/IOKit.framework/Versions/A/IOKit
0x0000000005bff000 	/usr/lib/libDiagnosticMessagesClient.dylib
0x0000000005bff000 	/System/Library/Frameworks/CoreServices.framework/Versions/A/CoreServices
0x0000000005bff000 	/System/Library/PrivateFrameworks/PerformanceAnalysis.framework/Versions/A/PerformanceAnalysis
0x0000000005bff000 	/System/Library/PrivateFrameworks/GenerationalStorage.framework/Versions/A/GenerationalStorage
0x0000000005bff000 	/System/Library/Frameworks/OpenGL.framework/Versions/A/OpenGL
0x0000000005bff000 	/System/Library/PrivateFrameworks/Sharing.framework/Versions/A/Sharing
0x0000000005bff000 	/System/Library/Frameworks/CoreGraphics.framework/Versions/A/CoreGraphics
0x0000000005bff000 	/System/Library/Frameworks/CoreImage.framework/Versions/A/CoreImage
0x0000000005bff000 	/System/Library/Frameworks/CoreText.framework/Versions/A/CoreText
0x0000000005bff000 	/System/Library/Frameworks/ImageIO.framework/Versions/A/ImageIO
0x0000000005bff000 	/System/Library/PrivateFrameworks/Backup.framework/Versions/A/Backup
0x0000000005bff000 	/usr/lib/libextension.dylib
0x0000000005bff000 	/usr/lib/libarchive.2.dylib
0x0000000005bff000 	/System/Library/Frameworks/CFNetwork.framework/Versions/A/CFNetwork
0x0000000005bff000 	/System/Library/Frameworks/SystemConfiguration.framework/Versions/A/SystemConfiguration
0x0000000005bff000 	/usr/lib/libCRFSuite.dylib
0x0000000005bff000 	/usr/lib/libc++.1.dylib
0x0000000005bff000 	/usr/lib/libc++abi.dylib
0x0000000005bff000 	/usr/lib/system/libcache.dylib
0x0000000005bff000 	/usr/lib/system/libcommonCrypto.dylib
0x0000000005bff000 	/usr/lib/system/libcompiler_rt.dylib
0x0000000005bff000 	/usr/lib/system/libcopyfile.dylib
0x0000000005bff000 	/usr/lib/system/libcorecrypto.dylib
0x0000000005bff000 	/usr/lib/system/libdispatch.dylib
0x0000000005bff000 	/usr/lib/system/libdyld.dylib
0x0000000005bff000 	/usr/lib/system/libkeymgr.dylib
0x0000000005bff000 	/usr/lib/system/liblaunch.dylib
0x0000000005bff000 	/usr/lib/system/libmacho.dylib
0x0000000005bff000 	/usr/lib/system/libquarantine.dylib
0x0000000005bff000 	/usr/lib/system/libremovefile.dylib
0x0000000005bff000 	/usr/lib/system/libsystem_asl.dylib
0x0000000005bff000 	/usr/lib/system/libsystem_blocks.dylib
0x0000000005bff000 	/usr/lib/system/libsystem_c.dylib
0x0000000005bff000 	/usr/lib/system/libsystem_configuration.dylib
0x0000000005bff000 	/usr/lib/system/libsystem_coreservices.dylib
0x0000000005bff000 	/usr/lib/system/libsystem_coretls.dylib
0x0000000005bff000 	/usr/lib/system/libsystem_dnssd.dylib
0x0000000005bff000 	/usr/lib/system/libsystem_info.dylib
0x0000000005bff000 	/usr/lib/system/libsystem_kernel.dylib
0x0000000005bff000 	/usr/lib/system/libsystem_m.dylib
0x0000000005bff000 	/usr/lib/system/libsystem_malloc.dylib
0x0000000005bff000 	/usr/lib/system/libsystem_network.dylib
0x0000000005bff000 	/usr/lib/system/libsystem_networkextension.dylib
0x0000000005bff000 	/usr/lib/system/libsystem_notify.dylib
0x0000000005bff000 	/usr/lib/system/libsystem_platform.dylib
0x0000000005bff000 	/usr/lib/system/libsystem_pthread.dylib
0x0000000005bff000 	/usr/lib/system/libsystem_sandbox.dylib
0x0000000005bff000 	/usr/lib/system/libsystem_secinit.dylib
0x0000000005bff000 	/usr/lib/system/libsystem_trace.dylib
0x0000000005bff000 	/usr/lib/system/libunc.dylib
0x0000000005bff000 	/usr/lib/system/libunwind.dylib
0x0000000005bff000 	/usr/lib/system/libxpc.dylib
0x0000000005bff000 	/usr/lib/libenergytrace.dylib
0x0000000005bff000 	/usr/lib/libbsm.0.dylib
0x0000000005bff000 	/usr/lib/system/libkxld.dylib
0x0000000005bff000 	/usr/lib/libxar.1.dylib
0x0000000005bff000 	/usr/lib/libsqlite3.dylib
0x0000000005bff000 	/usr/lib/libpam.2.dylib
0x0000000005bff000 	/usr/lib/libOpenScriptingUtil.dylib
0x0000000005bff000 	/usr/lib/libbz2.1.0.dylib
0x0000000005bff000 	/usr/lib/liblzma.5.dylib
0x0000000005bff000 	/System/Library/Frameworks/CoreServices.framework/Versions/A/Frameworks/FSEvents.framework/Versions/A/FSEvents
0x0000000005bff000 	/System/Library/Frameworks/CoreServices.framework/Versions/A/Frameworks/CarbonCore.framework/Versions/A/CarbonCore
0x0000000005bff000 	/System/Library/Frameworks/CoreServices.framework/Versions/A/Frameworks/Metadata.framework/Versions/A/Metadata
0x0000000005bff000 	/System/Library/Frameworks/CoreServices.framework/Versions/A/Frameworks/OSServices.framework/Versions/A/OSServices
0x0000000005bff000 	/System/Library/Frameworks/CoreServices.framework/Versions/A/Frameworks/SearchKit.framework/Versions/A/SearchKit
0x0000000005bff000 	/System/Library/Frameworks/CoreServices.framework/Versions/A/Frameworks/AE.framework/Versions/A/AE
0x0000000005bff000 	/System/Library/Frameworks/CoreServices.framework/Versions/A/Frameworks/LaunchServices.framework/Versions/A/LaunchServices
0x0000000005bff000 	/System/Library/Frameworks/CoreServices.framework/Versions/A/Frameworks/DictionaryServices.framework/Versions/A/DictionaryServices
0x0000000005bff000 	/System/Library/Frameworks/CoreServices.framework/Versions/A/Frameworks/SharedFileList.framework/Versions/A/SharedFileList
0x0000000005bff000 	/System/Library/Frameworks/NetFS.framework/Versions/A/NetFS
0x0000000005bff000 	/System/Library/PrivateFrameworks/NetAuth.framework/Versions/A/NetAuth
0x0000000005bff000 	/System/Library/PrivateFrameworks/login.framework/Versions/A/Frameworks/loginsupport.framework/Versions/A/loginsupport
0x0000000005bff000 	/System/Library/PrivateFrameworks/TCC.framework/Versions/A/TCC
0x0000000005bff000 	/usr/lib/libmecabra.dylib
0x0000000005bff000 	/System/Library/Frameworks/ApplicationServices.framework/Versions/A/Frameworks/ATS.framework/Versions/A/ATS
0x0000000005bff000 	/System/Library/Frameworks/ApplicationServices.framework/Versions/A/Frameworks/ColorSync.framework/Versions/A/ColorSync
0x0000000005bff000 	/System/Library/Frameworks/ApplicationServices.framework/Versions/A/Frameworks/HIServices.framework/Versions/A/HIServices
0x0000000005bff000 	/System/Library/Frameworks/ApplicationServices.framework/Versions/A/Frameworks/LangAnalysis.framework/Versions/A/LangAnalysis
0x0000000005bff000 	/System/Library/Frameworks/ApplicationServices.framework/Versions/A/Frameworks/PrintCore.framework/Versions/A/PrintCore
0x0000000005bff000 	/System/Library/Frameworks/ApplicationServices.framework/Versions/A/Frameworks/QD.framework/Versions/A/QD
0x0000000005bff000 	/System/Library/Frameworks/ApplicationServices.framework/Versions/A/Frameworks/SpeechSynthesis.framework/Versions/A/SpeechSynthesis
0x0000000005bff000 	/System/Library/Frameworks/Metal.framework/Versions/A/Metal
0x0000000005bff000 	/System/Library/Frameworks/Accelerate.framework/Versions/A/Frameworks/vImage.framework/Versions/A/vImage
0x0000000005bff000 	/System/Library/Frameworks/Accelerate.framework/Versions/A/Frameworks/vecLib.framework/Versions/A/vecLib
0x0000000005bff000 	/System/Library/Frameworks/Accelerate.framework/Versions/A/Frameworks/vecLib.framework/Versions/A/libvDSP.dylib
0x0000000005bff000 	/System/Library/Frameworks/Accelerate.framework/Versions/A/Frameworks/vecLib.framework/Versions/A/libvMisc.dylib
0x0000000005bff000 	/System/Library/Frameworks/Accelerate.framework/Versions/A/Frameworks/vecLib.framework/Versions/A/libLAPACK.dylib
0x0000000005bff000 	/System/Library/Frameworks/Accelerate.framework/Versions/A/Frameworks/vecLib.framework/Versions/A/libBLAS.dylib
0x0000000005bff000 	/System/Library/Frameworks/Accelerate.framework/Versions/A/Frameworks/vecLib.framework/Versions/A/libLinearAlgebra.dylib
0x0000000005bff000 	/System/Library/Frameworks/Accelerate.framework/Versions/A/Frameworks/vecLib.framework/Versions/A/libSparseBLAS.dylib
0x0000000005bff000 	/System/Library/PrivateFrameworks/GPUCompiler.framework/libmetal_timestamp.dylib
0x0000000005bff000 	/System/Library/Frameworks/OpenGL.framework/Versions/A/Libraries/libCoreFSCache.dylib
0x0000000005bff000 	/System/Library/PrivateFrameworks/IOAccelerator.framework/Versions/A/IOAccelerator
0x0000000005bff000 	/System/Library/Frameworks/ApplicationServices.framework/Versions/A/Frameworks/ATS.framework/Versions/A/Resources/libFontParser.dylib
0x0000000005bff000 	/System/Library/Frameworks/ApplicationServices.framework/Versions/A/Frameworks/ATS.framework/Versions/A/Resources/libFontRegistry.dylib
0x0000000005bff000 	/System/Library/PrivateFrameworks/AppleVPA.framework/Versions/A/AppleVPA
0x0000000005bff000 	/System/Library/PrivateFrameworks/AppleJPEG.framework/Versions/A/AppleJPEG
0x0000000005bff000 	/System/Library/Frameworks/ImageIO.framework/Versions/A/Resources/libJPEG.dylib
0x0000000005bff000 	/System/Library/Frameworks/ImageIO.framework/Versions/A/Resources/libTIFF.dylib
0x0000000005bff000 	/System/Library/Frameworks/ImageIO.framework/Versions/A/Resources/libPng.dylib
0x0000000005bff000 	/System/Library/Frameworks/ImageIO.framework/Versions/A/Resources/libGIF.dylib
0x0000000005bff000 	/System/Library/Frameworks/ImageIO.framework/Versions/A/Resources/libJP2.dylib
0x0000000005bff000 	/System/Library/Frameworks/ImageIO.framework/Versions/A/Resources/libRadiance.dylib
0x0000000005bff000 	/System/Library/Frameworks/CoreVideo.framework/Versions/A/CoreVideo
0x0000000005bff000 	/System/Library/Frameworks/OpenGL.framework/Versions/A/Libraries/libGLU.dylib
0x0000000005bff000 	/System/Library/Frameworks/OpenGL.framework/Versions/A/Libraries/libGFXShared.dylib
0x0000000005bff000 	/System/Library/Frameworks/OpenGL.framework/Versions/A/Libraries/libGL.dylib
0x0000000005bff000 	/System/Library/Frameworks/OpenGL.framework/Versions/A/Libraries/libGLImage.dylib
0x0000000005bff000 	/System/Library/Frameworks/OpenGL.framework/Versions/A/Libraries/libCVMSPluginSupport.dylib
0x0000000005bff000 	/System/Library/Frameworks/OpenGL.framework/Versions/A/Libraries/libCoreVMClient.dylib
0x0000000005bff000 	/usr/lib/libcups.2.dylib
0x0000000005bff000 	/System/Library/Frameworks/Kerberos.framework/Versions/A/Kerberos
0x0000000005bff000 	/System/Library/Frameworks/GSS.framework/Versions/A/GSS
0x0000000005bff000 	/usr/lib/libresolv.9.dylib
0x0000000005bff000 	/usr/lib/libiconv.2.dylib
0x0000000005bff000 	/System/Library/PrivateFrameworks/Heimdal.framework/Versions/A/Heimdal
0x0000000005bff000 	/usr/lib/libheimdal-asn1.dylib
0x0000000005bff000 	/System/Library/Frameworks/OpenDirectory.framework/Versions/A/OpenDirectory
0x0000000005bff000 	/System/Library/PrivateFrameworks/CommonAuth.framework/Versions/A/CommonAuth
0x0000000005bff000 	/System/Library/Frameworks/OpenDirectory.framework/Versions/A/Frameworks/CFOpenDirectory.framework/Versions/A/CFOpenDirectory
0x0000000005bff000 	/System/Library/Frameworks/SecurityFoundation.framework/Versions/A/SecurityFoundation
0x0000000005bff000 	/System/Library/PrivateFrameworks/LanguageModeling.framework/Versions/A/LanguageModeling
0x0000000005bff000 	/usr/lib/libmarisa.dylib
0x0000000005bff000 	/usr/lib/libChineseTokenizer.dylib
0x0000000005bff000 	/usr/lib/libcmph.dylib
0x0000000005bff000 	/usr/lib/libcompression.dylib
0x0000000005bff000 	/System/Library/Frameworks/ServiceManagement.framework/Versions/A/ServiceManagement
0x0000000005bff000 	/usr/lib/libxslt.1.dylib
0x0000000005bff000 	/System/Library/Frameworks/Carbon.framework/Versions/A/Frameworks/Ink.framework/Versions/A/Ink
0x0000000005bff000 	/usr/lib/libFosl_dynamic.dylib
0x0000000005bff000 	/System/Library/PrivateFrameworks/FaceCore.framework/Versions/A/FaceCore
0x0000000005bff000 	/System/Library/Frameworks/OpenCL.framework/Versions/A/OpenCL
0x0000000005bff000 	/System/Library/PrivateFrameworks/CrashReporterSupport.framework/Versions/A/CrashReporterSupport
0x0000000005bff000 	/System/Library/PrivateFrameworks/IconServices.framework/Versions/A/IconServices
0x0000000005bff000 	/System/Library/PrivateFrameworks/Apple80211.framework/Versions/A/Apple80211
0x0000000005bff000 	/System/Library/Frameworks/CoreWLAN.framework/Versions/A/CoreWLAN
0x0000000005bff000 	/System/Library/Frameworks/IOBluetooth.framework/Versions/A/IOBluetooth
0x0000000005bff000 	/System/Library/PrivateFrameworks/CoreWiFi.framework/Versions/A/CoreWiFi
0x0000000005bff000 	/System/Library/Frameworks/CoreBluetooth.framework/Versions/A/CoreBluetooth
0x0000000005bff000 	/System/Library/PrivateFrameworks/ChunkingLibrary.framework/Versions/A/ChunkingLibrary
0x0000000005bff000 	/System/Library/PrivateFrameworks/DebugSymbols.framework/Versions/A/DebugSymbols
0x0000000005bff000 	/System/Library/PrivateFrameworks/CoreSymbolication.framework/Versions/A/CoreSymbolication
0x0000000005bff000 	/System/Library/PrivateFrameworks/Symbolication.framework/Versions/A/Symbolication
0x0000000005bff000 	/System/Library/PrivateFrameworks/SpeechRecognitionCore.framework/Versions/A/SpeechRecognitionCore
0x0000000106980000 	/System/Library/CoreServices/Encodings/libSimplifiedChineseConverter.dylib
0x00000001069c4000 	/Library/Java/JavaVirtualMachines/jdk1.8.0_60.jdk/Contents/Home/jre/lib/server/libjvm.dylib
0x0000000005bff000 	/usr/lib/libstdc++.6.dylib
0x000000010794d000 	/Library/Java/JavaVirtualMachines/jdk1.8.0_60.jdk/Contents/Home/jre/lib/libverify.dylib
0x000000010795b000 	/Library/Java/JavaVirtualMachines/jdk1.8.0_60.jdk/Contents/Home/jre/lib/libjava.dylib
0x000000010799e000 	/Library/Java/JavaVirtualMachines/jdk1.8.0_60.jdk/Contents/Home/jre/lib/libzip.dylib
0x000000011db12000 	/System/Library/Frameworks/JavaVM.framework/Frameworks/JavaRuntimeSupport.framework/JavaRuntimeSupport
0x000000011db2d000 	/System/Library/Frameworks/JavaVM.framework/Versions/A/Frameworks/JavaNativeFoundation.framework/Versions/A/JavaNativeFoundation
0x000000011db42000 	/System/Library/Frameworks/JavaVM.framework/Versions/A/JavaVM
0x0000000005bff000 	/System/Library/Frameworks/Carbon.framework/Versions/A/Carbon
0x000000011db4f000 	/System/Library/PrivateFrameworks/JavaLaunching.framework/Versions/A/JavaLaunching
0x0000000005bff000 	/System/Library/Frameworks/Carbon.framework/Versions/A/Frameworks/CommonPanels.framework/Versions/A/CommonPanels
0x0000000005bff000 	/System/Library/Frameworks/Carbon.framework/Versions/A/Frameworks/Help.framework/Versions/A/Help
0x0000000005bff000 	/System/Library/Frameworks/Carbon.framework/Versions/A/Frameworks/ImageCapture.framework/Versions/A/ImageCapture
0x0000000005bff000 	/System/Library/Frameworks/Carbon.framework/Versions/A/Frameworks/OpenScripting.framework/Versions/A/OpenScripting
0x0000000005bff000 	/System/Library/Frameworks/Carbon.framework/Versions/A/Frameworks/Print.framework/Versions/A/Print
0x0000000005bff000 	/System/Library/Frameworks/Carbon.framework/Versions/A/Frameworks/SecurityHI.framework/Versions/A/SecurityHI
0x000000011f598000 	/Applications/IntelliJ IDEA CE.app/Contents/bin/libbreakgen64.jnilib
0x000000011f59b000 	/Library/Java/JavaVirtualMachines/jdk1.8.0_60.jdk/Contents/Home/jre/lib/libnet.dylib
0x000000011f5fa000 	/usr/local/share/OpenCV/java/libopencv_java2413.dylib
0x000000011f6b1000 	/usr/local/lib/libopencv_contrib.2.4.dylib
0x000000011f7c4000 	/usr/local/lib/libopencv_nonfree.2.4.dylib
0x000000011f801000 	/usr/local/lib/libopencv_gpu.2.4.dylib
0x000000011f825000 	/usr/local/lib/libopencv_legacy.2.4.dylib
0x000000011f938000 	/usr/local/lib/libopencv_photo.2.4.dylib
0x000000011f959000 	/usr/local/lib/libopencv_ocl.2.4.dylib
0x000000011fb30000 	/usr/local/lib/libopencv_calib3d.2.4.dylib
0x000000011fc2c000 	/usr/local/lib/libopencv_features2d.2.4.dylib
0x000000011fcd4000 	/usr/local/lib/libopencv_flann.2.4.dylib
0x000000011fd4d000 	/usr/local/lib/libopencv_ml.2.4.dylib
0x000000011fddb000 	/usr/local/lib/libopencv_video.2.4.dylib
0x000000011fe31000 	/usr/local/lib/libopencv_objdetect.2.4.dylib
0x000000011feb4000 	/usr/local/lib/libopencv_highgui.2.4.dylib
0x0000000120110000 	/usr/local/lib/libopencv_imgproc.2.4.dylib
0x0000000120400000 	/usr/local/lib/libopencv_core.2.4.dylib
0x00000001206c1000 	/opt/local/lib/libavcodec.56.dylib
0x0000000121ba6000 	/opt/local/lib/libavformat.56.dylib
0x0000000121d6a000 	/opt/local/lib/libavutil.54.dylib
0x0000000121dda000 	/opt/local/lib/libswscale.3.dylib
0x0000000121e87000 	/opt/local/lib/libavresample.2.dylib
0x0000000121eb8000 	/System/Library/Frameworks/VideoDecodeAcceleration.framework/Versions/A/VideoDecodeAcceleration
0x0000000121ebf000 	/opt/local/lib/libbz2.1.0.dylib
0x0000000005bff000 	/System/Library/Frameworks/QTKit.framework/Versions/A/QTKit
0x0000000121ed3000 	/opt/local/lib/libswresample.1.dylib
0x0000000005bff000 	/System/Library/Frameworks/AVFoundation.framework/Versions/A/AVFoundation
0x0000000005bff000 	/System/Library/Frameworks/CoreMedia.framework/Versions/A/CoreMedia
0x0000000005bff000 	/System/Library/Frameworks/VideoToolbox.framework/Versions/A/VideoToolbox
0x0000000121eff000 	/opt/local/lib/libiconv.2.dylib
0x0000000122000000 	/opt/local/lib/libxcb.1.dylib
0x000000012201e000 	/opt/local/lib/libxcb-shm.0.dylib
0x0000000122022000 	/opt/local/lib/libxcb-xfixes.0.dylib
0x0000000122029000 	/opt/local/lib/libxcb-render.0.dylib
0x0000000122032000 	/opt/local/lib/libxcb-shape.0.dylib
0x0000000122036000 	/opt/local/lib/libX11.6.dylib
0x000000012214f000 	/opt/local/lib/libSDL-1.2.0.dylib
0x00000001221b8000 	/opt/local/lib/libgmp.10.dylib
0x0000000122230000 	/opt/local/lib/libx264.148.dylib
0x00000001223be000 	/opt/local/lib/libvorbisenc.2.dylib
0x000000012247e000 	/opt/local/lib/libvorbis.0.dylib
0x00000001224aa000 	/opt/local/lib/libogg.0.dylib
0x00000001224b1000 	/opt/local/lib/libtheoraenc.1.dylib
0x00000001224d9000 	/opt/local/lib/libtheoradec.1.dylib
0x00000001224e8000 	/opt/local/lib/libspeex.1.dylib
0x00000001224ff000 	/opt/local/lib/libsoxr.0.dylib
0x000000012255c000 	/opt/local/lib/libschroedinger-1.0.0.dylib
0x00000001225fa000 	/opt/local/lib/libopus.0.dylib
0x000000012263f000 	/opt/local/lib/libopenjpeg.1.dylib
0x0000000122664000 	/opt/local/lib/libmp3lame.0.dylib
0x00000001226d2000 	/opt/local/lib/libmodplug.1.dylib
0x00000001227c7000 	/opt/local/lib/libfribidi.0.dylib
0x00000001227e0000 	/opt/local/lib/libglib-2.0.0.dylib
0x00000001228cc000 	/opt/local/lib/libintl.8.dylib
0x00000001228da000 	/opt/local/lib/libfreetype.6.dylib
0x000000012296a000 	/opt/local/lib/libfontconfig.1.dylib
0x00000001229a2000 	/opt/local/lib/libbluray.1.dylib
0x00000001229da000 	/opt/local/lib/libass.5.dylib
0x0000000122a0c000 	/opt/local/lib/libgnutls.28.dylib
0x0000000122b0f000 	/opt/local/lib/liblzma.5.dylib
0x0000000122b31000 	/opt/local/lib/libz.1.dylib
0x0000000005bff000 	/System/Library/Frameworks/MediaToolbox.framework/Versions/A/MediaToolbox
0x0000000005bff000 	/System/Library/PrivateFrameworks/CoreMediaAuthoring.framework/Versions/A/CoreMediaAuthoring
0x0000000005bff000 	/System/Library/Frameworks/CoreMediaIO.framework/Versions/A/CoreMediaIO
0x0000000005bff000 	/System/Library/Frameworks/AVFoundation.framework/Versions/A/Resources/libAVFAudio.dylib
0x0000000005bff000 	/usr/lib/libspindump.dylib
0x0000000005bff000 	/System/Library/PrivateFrameworks/CoreAVCHD.framework/Versions/A/CoreAVCHD
0x0000000005bff000 	/System/Library/Frameworks/MediaAccessibility.framework/Versions/A/MediaAccessibility
0x0000000005bff000 	/System/Library/PrivateFrameworks/Mangrove.framework/Versions/A/Mangrove
0x0000000005bff000 	/System/Library/PrivateFrameworks/CoreAUC.framework/Versions/A/CoreAUC
0x0000000005bff000 	/System/Library/PrivateFrameworks/AppleVA.framework/Versions/A/AppleVA
0x0000000005bff000 	/System/Library/PrivateFrameworks/XPCService.framework/Versions/A/XPCService
0x0000000005bff000 	/System/Library/PrivateFrameworks/AppSandbox.framework/Versions/A/AppSandbox
0x0000000005bff000 	/usr/lib/libsandbox.1.dylib
0x0000000005bff000 	/System/Library/PrivateFrameworks/AppContainer.framework/Versions/A/AppContainer
0x0000000005bff000 	/System/Library/PrivateFrameworks/SecCodeWrapper.framework/Versions/A/SecCodeWrapper
0x0000000005bff000 	/usr/lib/libMatch.1.dylib
0x0000000122b45000 	/opt/local/lib/libXau.6.dylib
0x0000000122b49000 	/opt/local/lib/libXdmcp.6.dylib
0x0000000122b4f000 	/opt/local/lib/libXext.6.dylib
0x0000000122b5f000 	/opt/local/lib/libXrandr.2.dylib
0x0000000122b6a000 	/opt/local/lib/libXrender.1.dylib
0x0000000122b74000 	/opt/local/lib/liborc-0.4.0.dylib
0x0000000122be7000 	/opt/local/lib/libpcre.1.dylib
0x0000000122c52000 	/opt/local/lib/libpng16.16.dylib
0x0000000122c7e000 	/opt/local/lib/libexpat.1.dylib
0x0000000122c9e000 	/opt/local/lib/libxml2.2.dylib
0x0000000122dc0000 	/opt/local/lib/libp11-kit.0.dylib
0x0000000122e22000 	/opt/local/lib/libtasn1.6.dylib
0x0000000122e32000 	/opt/local/lib/libnettle.6.dylib
0x0000000122e77000 	/opt/local/lib/libhogweed.4.dylib
0x0000000122eb3000 	/opt/local/lib/libffi.6.dylib
0x0000000123ea4000 	/Library/Java/JavaVirtualMachines/jdk1.8.0_60.jdk/Contents/Home/jre/lib/libawt.dylib
0x0000000123f4c000 	/Library/Java/JavaVirtualMachines/jdk1.8.0_60.jdk/Contents/Home/jre/lib/./libmlib_image.dylib
0x0000000124018000 	/Library/Java/JavaVirtualMachines/jdk1.8.0_60.jdk/Contents/Home/jre/lib/libawt_lwawt.dylib
0x00000001240cd000 	/Library/Java/JavaVirtualMachines/jdk1.8.0_60.jdk/Contents/Home/jre/lib/./libosxapp.dylib
0x0000000005bff000 	/System/Library/Frameworks/ExceptionHandling.framework/Versions/A/ExceptionHandling
0x0000000005bff000 	/System/Library/PrivateFrameworks/CoreServicesInternal.framework/Versions/A/CoreServicesInternal
0x0000000005bff000 	/System/Library/Frameworks/CoreGraphics.framework/Versions/A/Resources/libRIP.A.dylib
0x0000000005bff000 	/System/Library/Frameworks/Accelerate.framework/Versions/A/Frameworks/vImage.framework/Versions/A/Libraries/libCGInterfaces.dylib
0x0000000005bff000 	/System/Library/PrivateFrameworks/FamilyControls.framework/Versions/A/FamilyControls
0x0000000005bff000 	/System/Library/PrivateFrameworks/CommerceKit.framework/Versions/A/Frameworks/CommerceCore.framework/Versions/A/CommerceCore
0x0000000005bff000 	/System/Library/PrivateFrameworks/SystemAdministration.framework/Versions/A/SystemAdministration
0x0000000005bff000 	/System/Library/Frameworks/DirectoryService.framework/Versions/A/DirectoryService
0x0000000005bff000 	/System/Library/PrivateFrameworks/DiskImages.framework/Versions/A/DiskImages
0x0000000005bff000 	/System/Library/PrivateFrameworks/LoginUIKit.framework/Versions/A/Frameworks/LoginUICore.framework/Versions/A/LoginUICore
0x0000000005bff000 	/usr/lib/libCoreStorage.dylib
0x0000000005bff000 	/usr/lib/libcsfde.dylib
0x0000000005bff000 	/usr/lib/libodfde.dylib
0x0000000005bff000 	/System/Library/Frameworks/DiscRecording.framework/Versions/A/DiscRecording
0x0000000005bff000 	/usr/lib/libcurl.4.dylib
0x0000000005bff000 	/System/Library/PrivateFrameworks/MediaKit.framework/Versions/A/MediaKit
0x0000000005bff000 	/System/Library/PrivateFrameworks/ProtectedCloudStorage.framework/Versions/A/ProtectedCloudStorage
0x0000000005bff000 	/System/Library/PrivateFrameworks/EFILogin.framework/Versions/A/EFILogin
0x0000000005bff000 	/usr/lib/libutil.dylib
0x0000000005bff000 	/System/Library/PrivateFrameworks/FindMyDevice.framework/Versions/A/FindMyDevice
0x0000000005bff000 	/System/Library/Frameworks/LDAP.framework/Versions/A/LDAP
0x0000000005bff000 	/usr/lib/libsasl2.2.dylib
0x0000000005bff000 	/System/Library/PrivateFrameworks/CoreDaemon.framework/Versions/B/CoreDaemon
0x0000000005bff000 	/usr/lib/libcrypto.0.9.8.dylib
0x0000000005bff000 	/System/Library/PrivateFrameworks/AppleSRP.framework/Versions/A/AppleSRP
0x0000000005bff000 	/System/Library/PrivateFrameworks/TrustEvaluationAgent.framework/Versions/A/TrustEvaluationAgent
0x0000000005bff000 	/System/Library/Frameworks/CoreGraphics.framework/Versions/A/Resources/libCGXType.A.dylib
0x0000000005bff000 	/System/Library/Frameworks/OpenCL.framework/Versions/A/Libraries/libcldcpuengine.dylib
0x0000000125379000 	cl_kernels
0x0000000005bff000 	/System/Library/Frameworks/OpenCL.framework/Versions/A/Libraries/ImageFormats/unorm8_bgra.dylib
0x0000000005bff000 	/System/Library/Frameworks/OpenCL.framework/Versions/A/Libraries/ImageFormats/unorm8_rgba.dylib
0x0000000005bff000 	/System/Library/Frameworks/OpenGL.framework/Versions/A/Resources/GLEngine.bundle/GLEngine
0x0000000005bff000 	/System/Library/Frameworks/OpenGL.framework/Versions/A/Libraries/libGLProgrammability.dylib
0x0000000127349000 	/System/Library/Extensions/AppleIntelBDWGraphicsGLDriver.bundle/Contents/MacOS/AppleIntelBDWGraphicsGLDriver
0x0000000005bff000 	/System/Library/PrivateFrameworks/GPUSupport.framework/Versions/A/Libraries/libGPUSupportMercury.dylib
0x0000000005bff000 	/System/Library/Frameworks/OpenGL.framework/Versions/A/Resources/GLRendererFloat.bundle/GLRendererFloat
0x00000001282d4000 	/Library/Java/JavaVirtualMachines/jdk1.8.0_60.jdk/Contents/Home/jre/lib/libfontmanager.dylib
0x000000012833b000 	/Library/Java/JavaVirtualMachines/jdk1.8.0_60.jdk/Contents/Home/jre/lib/libosxui.dylib
0x0000000128d9a000 	/System/Library/Extensions/AppleHDA.kext/Contents/PlugIns/AppleHDAHALPlugIn.bundle/Contents/MacOS/AppleHDAHALPlugIn
0x0000000128da4000 	/Library/Audio/Plug-Ins/HAL/BartenderAudioPlugIn.plugin/Contents/MacOS/BartenderAudioPlugIn
0x0000000128daf000 	/Library/CoreMediaIO/Plug-Ins/DAL/AppleCamera.plugin/Contents/MacOS/AppleCamera
0x0000000128dda000 	/System/Library/Frameworks/CoreMediaIO.framework/Resources/VDC.plugin/Contents/MacOS/VDC
0x0000000128e0a000 	/System/Library/Frameworks/CoreMediaIO.framework/Resources/CMIOUnits.bundle/Contents/MacOS/CMIOUnits
0x0000000128f96000 	/System/Library/PrivateFrameworks/FWAVC.framework/Versions/A/FWAVC
0x0000000005bff000 	/System/Library/PrivateFrameworks/AppleGVA.framework/Versions/A/AppleGVA
0x000000012c74e000 	/System/Library/Extensions/AppleIntelBDWGraphicsMTLDriver.bundle/Contents/MacOS/AppleIntelBDWGraphicsMTLDriver
0x000000012d655000 	/Library/Java/JavaVirtualMachines/jdk1.8.0_60.jdk/Contents/Home/jre/lib/libnio.dylib
0x000000012e7ee000 	/Library/Java/JavaVirtualMachines/jdk1.8.0_60.jdk/Contents/Home/jre/lib/libjpeg.dylib

VM Arguments:
jvm_args: -Djava.library.path=D:/opencv/build/java/x64;D:/opencv/build/x64/vc12/bin:/usr/local/share/OpenCV/java/ -Didea.launcher.port=7534 -Didea.launcher.bin.path=/Applications/IntelliJ IDEA CE.app/Contents/bin -Dfile.encoding=UTF-8 
java_command: com.intellij.rt.execution.application.AppMain team.sudocool.Main
java_class_path (initial): /Library/Java/JavaVirtualMachines/jdk1.8.0_60.jdk/Contents/Home/jre/lib/charsets.jar:/Library/Java/JavaVirtualMachines/jdk1.8.0_60.jdk/Contents/Home/jre/lib/deploy.jar:/Library/Java/JavaVirtualMachines/jdk1.8.0_60.jdk/Contents/Home/jre/lib/ext/cldrdata.jar:/Library/Java/JavaVirtualMachines/jdk1.8.0_60.jdk/Contents/Home/jre/lib/ext/dnsns.jar:/Library/Java/JavaVirtualMachines/jdk1.8.0_60.jdk/Contents/Home/jre/lib/ext/jaccess.jar:/Library/Java/JavaVirtualMachines/jdk1.8.0_60.jdk/Contents/Home/jre/lib/ext/jfxrt.jar:/Library/Java/JavaVirtualMachines/jdk1.8.0_60.jdk/Contents/Home/jre/lib/ext/localedata.jar:/Library/Java/JavaVirtualMachines/jdk1.8.0_60.jdk/Contents/Home/jre/lib/ext/nashorn.jar:/Library/Java/JavaVirtualMachines/jdk1.8.0_60.jdk/Contents/Home/jre/lib/ext/sunec.jar:/Library/Java/JavaVirtualMachines/jdk1.8.0_60.jdk/Contents/Home/jre/lib/ext/sunjce_provider.jar:/Library/Java/JavaVirtualMachines/jdk1.8.0_60.jdk/Contents/Home/jre/lib/ext/sunpkcs11.jar:/Library/Java/JavaVirtualMachines/jdk1.8.0_60.jdk/Contents/Home/jre/lib/ext/zipfs.jar:/Library/Java/JavaVirtualMachines/jdk1.8.0_60.jdk/Contents/Home/jre/lib/javaws.jar:/Library/Java/JavaVirtualMachines/jdk1.8.0_60.jdk/Contents/Home/jre/lib/jce.jar:/Library/Java/JavaVirtualMachines/jdk1.8.0_60.jdk/Contents/Home/jre/lib/jfr.jar:/Library/Java/JavaVirtualMachines/jdk1.8.0_60.jdk/Contents/Home/jre/lib/jfxswt.jar:/Library/Java/JavaVirtualMachines/jdk1.8.0_60.jdk/Contents/Home/jre/lib/jsse.jar:/Library/Java/JavaVirtualMachines/jdk1.8.0_60.jdk/Contents/Home/jre/lib/management-agent.jar:/Library/Java/JavaVirtualMachines/jdk1.8.0_60.jdk/Contents/Home/jre/lib/plugin.jar:/Library/Java/JavaVirtualMachines/jdk1.8.0_60.jdk/Contents/Home/jre/lib/resources.jar:/Library/Java/JavaVirtualMachines/jdk1.8.0_60.jdk/Contents/Home/jre/lib/rt.jar:/Library/Java/JavaVirtualMachines/jdk1.8.0_60.jdk/Contents/Home/lib/ant-javafx.jar:/Library/Java/JavaVirtualMachines/jdk1.8.0_60.jdk/Contents/Home/lib/dt.jar:/Library/Ja
Launcher Type: SUN_STANDARD

Environment Variables:
PATH=/Users/Heranort/Documents/cocos2d-x-3.10/templates:/Users/Heranort/Documents:/Users/Heranort/Documents/cocos2d-x-3.10/tools/cocos2d-console/bin:/opt/local/bin:/opt/local/sbin:/opt/local/bin:/opt/local/sbin:/opt/local/bin:/opt/local/sbin:/Library/Frameworks/Python.framework/Versions/2.7/bin:/Library/Frameworks/Python.framework/Versions/3.4/bin:/usr/local/bin:/usr/bin:/bin:/usr/sbin:/sbin:/opt/X11/bin:/Applications/Server.app/Contents/ServerRoot/usr/bin:/Applications/Server.app/Contents/ServerRoot/usr/sbin:/Applications/Racket v6.2/bin:/Library/TeX/texbin
SHELL=/bin/bash
DISPLAY=/private/tmp/com.apple.launchd.rILN6TYWgL/org.macosforge.xquartz:0

Signal Handlers:
SIGSEGV: [libjvm.dylib+0x5a6d31], sa_mask[0]=11111111011111110111111111111111, sa_flags=SA_ONSTACK|SA_RESTART|SA_SIGINFO
SIGBUS: [libjvm.dylib+0x5a6d31], sa_mask[0]=11111111011111110111111111111111, sa_flags=SA_RESTART|SA_SIGINFO
SIGFPE: [libjvm.dylib+0x480a4c], sa_mask[0]=11111111011111110111111111111111, sa_flags=SA_RESTART|SA_SIGINFO
SIGPIPE: [libjvm.dylib+0x480a4c], sa_mask[0]=11111111011111110111111111111111, sa_flags=SA_RESTART|SA_SIGINFO
SIGXFSZ: [libjvm.dylib+0x480a4c], sa_mask[0]=11111111011111110111111111111111, sa_flags=SA_RESTART|SA_SIGINFO
SIGILL: [libjvm.dylib+0x480a4c], sa_mask[0]=11111111011111110111111111111111, sa_flags=SA_RESTART|SA_SIGINFO
SIGUSR1: SIG_DFL, sa_mask[0]=00000000000000000000000000000000, sa_flags=none
SIGUSR2: [libjvm.dylib+0x48056a], sa_mask[0]=00100000000000000000000000000000, sa_flags=SA_RESTART|SA_SIGINFO
SIGHUP: [libjvm.dylib+0x47eb41], sa_mask[0]=11111111011111110111111111111111, sa_flags=SA_RESTART|SA_SIGINFO
SIGINT: [libjvm.dylib+0x47eb41], sa_mask[0]=11111111011111110111111111111111, sa_flags=SA_RESTART|SA_SIGINFO
SIGTERM: [libjvm.dylib+0x47eb41], sa_mask[0]=11111111011111110111111111111111, sa_flags=SA_RESTART|SA_SIGINFO
SIGQUIT: [libjvm.dylib+0x47eb41], sa_mask[0]=11111111011111110111111111111111, sa_flags=SA_RESTART|SA_SIGINFO


---------------  S Y S T E M  ---------------

OS:Bsduname:Darwin 15.3.0 Darwin Kernel Version 15.3.0: Thu Dec 10 18:40:58 PST 2015; root:xnu-3248.30.4~1/RELEASE_X86_64 x86_64
rlimit: STACK 8192k, CORE 0k, NPROC 709, NOFILE 10240, AS infinity
load average:4.93 4.17 3.96

CPU:total 4 (2 cores per cpu, 2 threads per core) family 6 model 61 stepping 4, cmov, cx8, fxsr, mmx, sse, sse2, sse3, ssse3, sse4.1, sse4.2, popcnt, avx, avx2, aes, clmul, erms, 3dnowpref, lzcnt, ht, tsc, tscinvbit, bmi1, bmi2, adx

Memory: 4k page, physical 8388608k(370552k free)

/proc/meminfo:


vm_info: Java HotSpot(TM) 64-Bit Server VM (25.60-b23) for bsd-amd64 JRE (1.8.0_60-b27), built on Aug  4 2015 10:47:24 by "java_re" with gcc 4.2.1 (Based on Apple Inc. build 5658) (LLVM build 2336.11.00)

time: Thu Nov 17 21:51:37 2016
elapsed time: 8 seconds (0d 0h 0m 8s)

